<?xml version="1.0" encoding="UTF-8"?>
<!-- Generated by org.testng.reporters.JUnitXMLReporter -->
<testsuite ignored="0" hostname="DESKTOP-QI6H2EA" failures="1" tests="19" name="AddPrivateEventTestCases" time="205.399" errors="0" timestamp="2023-11-04T10:10:18 PKT">
  <testcase classname="org.youCater.userSanityTestCases.AddPrivateEventTestCases" name="prvateEventTypeSelection" time="6.677"/>
  <testcase classname="org.youCater.userSanityTestCases.AddPrivateEventTestCases" name="prvateOccasionTypeSelection" time="16.3"/>
  <testcase classname="org.youCater.userSanityTestCases.AddPrivateEventTestCases" name="privateAddEventName" time="16.679"/>
  <testcase classname="org.youCater.userSanityTestCases.AddPrivateEventTestCases" name="prvateDateAndTimeSelection" time="6.597"/>
  <testcase classname="org.youCater.userSanityTestCases.AddPrivateEventTestCases" name="prvateGuestSelection" time="5.185"/>
  <testcase classname="org.youCater.userSanityTestCases.AddPrivateEventTestCases" name="prvateBudgetSelection" time="5.192"/>
  <testcase classname="org.youCater.userSanityTestCases.AddPrivateEventTestCases" name="prvateProviderSelection" time="6.407"/>
  <testcase classname="org.youCater.userSanityTestCases.AddPrivateEventTestCases" name="prvateCuisineTypeSelection" time="10.258"/>
  <testcase classname="org.youCater.userSanityTestCases.AddPrivateEventTestCases" name="prvateFoodTypeSelection" time="12.976"/>
  <testcase classname="org.youCater.userSanityTestCases.AddPrivateEventTestCases" name="prvateServiceStyleSelection" time="3.834"/>
  <testcase classname="org.youCater.userSanityTestCases.AddPrivateEventTestCases" name="prvateDietaryRequirementsSelection" time="5.371"/>
  <testcase classname="org.youCater.userSanityTestCases.AddPrivateEventTestCases" name="prvateAdditionalServicesSelection" time="5.36"/>
  <testcase classname="org.youCater.userSanityTestCases.AddPrivateEventTestCases" name="prvateEventVenueSelection" time="31.951"/>
  <testcase classname="org.youCater.userSanityTestCases.AddPrivateEventTestCases" name="prvateEventSpecialRequest" time="4.48"/>
  <testcase classname="org.youCater.userSanityTestCases.AddPrivateEventTestCases" name="prvateSignIn" time="9.846"/>
  <testcase classname="org.youCater.userSanityTestCases.AddPrivateEventTestCases" name="prvateVerifyOTP" time="4.993"/>
  <testcase classname="org.youCater.userSanityTestCases.AddPrivateEventTestCases" name="prvateSignUp" time="15.114">
    <failure type="org.openqa.selenium.NoSuchElementException" message="no such element: Unable to locate element: {&amp;quot;method&amp;quot;:&amp;quot;css selector&amp;quot;,&amp;quot;selector&amp;quot;:&amp;quot;#fullName&amp;quot;}
  (Session info: chrome=119.0.6045.106)
For documentation on this error, please visit: https://selenium.dev/exceptions/#no_such_element
Build info: version: &amp;apos;4.8.1&amp;apos;, revision: &amp;apos;8ebccac989&amp;apos;
System info: os.name: &amp;apos;Windows 10&amp;apos;, os.arch: &amp;apos;amd64&amp;apos;, os.version: &amp;apos;10.0&amp;apos;, java.version: &amp;apos;17.0.5&amp;apos;
Driver info: org.openqa.selenium.chrome.ChromeDriver
Command: [7063e0d9df61e56c14091344faa7c9da, findElement {using=id, value=fullName}]
Capabilities {acceptInsecureCerts: false, browserName: chrome, browserVersion: 119.0.6045.106, chrome: {chromedriverVersion: 119.0.6045.105 (38c72552c5e..., userDataDir: C:\Users\Admin\AppData\Loca...}, fedcm:accounts: true, goog:chromeOptions: {debuggerAddress: localhost:53234}, networkConnectionEnabled: false, pageLoadStrategy: normal, platformName: WINDOWS, proxy: Proxy(), se:cdp: ws://localhost:53234/devtoo..., se:cdpVersion: 119.0.6045.106, setWindowRect: true, strictFileInteractability: false, timeouts: {implicit: 0, pageLoad: 300000, script: 30000}, unhandledPromptBehavior: dismiss and notify, webauthn:extension:credBlob: true, webauthn:extension:largeBlob: true, webauthn:extension:minPinLength: true, webauthn:extension:prf: true, webauthn:virtualAuthenticators: true}
Session ID: 7063e0d9df61e56c14091344faa7c9da">
      <![CDATA[org.openqa.selenium.NoSuchElementException: no such element: Unable to locate element: {"method":"css selector","selector":"#fullName"}
  (Session info: chrome=119.0.6045.106)
For documentation on this error, please visit: https://selenium.dev/exceptions/#no_such_element
Build info: version: '4.8.1', revision: '8ebccac989'
System info: os.name: 'Windows 10', os.arch: 'amd64', os.version: '10.0', java.version: '17.0.5'
Driver info: org.openqa.selenium.chrome.ChromeDriver
Command: [7063e0d9df61e56c14091344faa7c9da, findElement {using=id, value=fullName}]
Capabilities {acceptInsecureCerts: false, browserName: chrome, browserVersion: 119.0.6045.106, chrome: {chromedriverVersion: 119.0.6045.105 (38c72552c5e..., userDataDir: C:\Users\Admin\AppData\Loca...}, fedcm:accounts: true, goog:chromeOptions: {debuggerAddress: localhost:53234}, networkConnectionEnabled: false, pageLoadStrategy: normal, platformName: WINDOWS, proxy: Proxy(), se:cdp: ws://localhost:53234/devtoo..., se:cdpVersion: 119.0.6045.106, setWindowRect: true, strictFileInteractability: false, timeouts: {implicit: 0, pageLoad: 300000, script: 30000}, unhandledPromptBehavior: dismiss and notify, webauthn:extension:credBlob: true, webauthn:extension:largeBlob: true, webauthn:extension:minPinLength: true, webauthn:extension:prf: true, webauthn:virtualAuthenticators: true}
Session ID: 7063e0d9df61e56c14091344faa7c9da
at org.openqa.selenium.remote.codec.w3c.W3CHttpResponseCodec.createException(W3CHttpResponseCodec.java:200)
at org.openqa.selenium.remote.codec.w3c.W3CHttpResponseCodec.decode(W3CHttpResponseCodec.java:133)
at org.openqa.selenium.remote.codec.w3c.W3CHttpResponseCodec.decode(W3CHttpResponseCodec.java:53)
at org.openqa.selenium.remote.HttpCommandExecutor.execute(HttpCommandExecutor.java:184)
at org.openqa.selenium.remote.service.DriverCommandExecutor.invokeExecute(DriverCommandExecutor.java:167)
at org.openqa.selenium.remote.service.DriverCommandExecutor.execute(DriverCommandExecutor.java:142)
at org.openqa.selenium.remote.RemoteWebDriver.execute(RemoteWebDriver.java:543)
at org.openqa.selenium.remote.ElementLocation$ElementFinder$2.findElement(ElementLocation.java:162)
at org.openqa.selenium.remote.ElementLocation.findElement(ElementLocation.java:60)
at org.openqa.selenium.remote.RemoteWebDriver.findElement(RemoteWebDriver.java:352)
at org.openqa.selenium.remote.RemoteWebDriver.findElement(RemoteWebDriver.java:344)
at org.youCater.userSanityTestCases.AddPrivateEventTestCases.prvateSignUp(AddPrivateEventTestCases.java:252)
at java.base/java.util.ArrayList.forEach(ArrayList.java:1511)
... Removed 32 stack frames]]>
    </failure>
  </testcase> <!-- prvateSignUp -->
  <testcase classname="org.youCater.userSanityTestCases.AddPrivateEventTestCases" name="prvateEventSummary" time="13.655"/>
  <testcase classname="org.youCater.userSanityTestCases.AddPrivateEventTestCases" name="privateGoToHomePage" time="5.202"/>
</testsuite> <!-- AddPrivateEventTestCases -->
