<html>
<head>
<title>TestNG:  UserCanCreateCancelEventAndSendQuoteRequest</title>
<link href="../testng.css" rel="stylesheet" type="text/css" />
<link href="../my-testng.css" rel="stylesheet" type="text/css" />

<style type="text/css">
.log { display: none;} 
.stack-trace { display: none;} 
</style>
<script type="text/javascript">
<!--
function flip(e) {
  current = e.style.display;
  if (current == 'block') {
    e.style.display = 'none';
    return 0;
  }
  else {
    e.style.display = 'block';
    return 1;
  }
}

function toggleBox(szDivId, elem, msg1, msg2)
{
  var res = -1;  if (document.getElementById) {
    res = flip(document.getElementById(szDivId));
  }
  else if (document.all) {
    // this is the way old msie versions work
    res = flip(document.all[szDivId]);
  }
  if(elem) {
    if(res == 0) elem.innerHTML = msg1; else elem.innerHTML = msg2;
  }

}

function toggleAllBoxes() {
  if (document.getElementsByTagName) {
    d = document.getElementsByTagName('div');
    for (i = 0; i < d.length; i++) {
      if (d[i].className == 'log') {
        flip(d[i]);
      }
    }
  }
}

// -->
</script>

</head>
<body>
<h2 align='center'>UserCanCreateCancelEventAndSendQuoteRequest</h2><table border='1' align="center">
<tr>
<td>Tests passed/Failed/Skipped:</td><td>31/4/0</td>
</tr><tr>
<td>Started on:</td><td>Tue Jun 25 11:00:58 PKT 2024</td>
</tr>
<tr><td>Total time:</td><td>316 seconds (316863 ms)</td>
</tr><tr>
<td>Included groups:</td><td></td>
</tr><tr>
<td>Excluded groups:</td><td></td>
</tr>
</table><p/>
<small><i>(Hover the method name to see the test class name)</i></small><p/>
<table width='100%' border='1' class='invocation-failed'>
<tr><td colspan='4' align='center'><b>FAILED TESTS</b></td></tr>
<tr><td><b>Test method</b></td>
<td width="30%"><b>Exception</b></td>
<td width="10%"><b>Time (seconds)</b></td>
<td><b>Instance</b></td>
</tr>
<tr>
<td title='org.youCater.userSanityTestCases.SendBidRequestTestCases.partnerDetail()'><b>partnerDetail</b><br>Test class: org.youCater.userSanityTestCases.SendBidRequestTestCases<br>Test method: SendBidRequest: Verify partner details (About, Menu, Media)</td>
<td><div><pre>org.openqa.selenium.TimeoutException: Expected condition failed: waiting for element to be clickable: Proxy element for: DefaultElementLocator &apos;By.xpath: //*[text()=&quot;About&quot;]&apos; (tried for 8 second(s) with 500 milliseconds interval)
	at org.openqa.selenium.support.ui.WebDriverWait.timeoutException(WebDriverWait.java:84)
	at org.openqa.selenium.support.ui.FluentWait.until(FluentWait.java:230)
	at org.youCater.userConfigurationsAndElements.SendBidRequestElements.aboutCaterer(SendBidRequestElements.java:80)
	at org.youCater.userSanityTestCases.SendBidRequestTestCases.partnerDetail(SendBidRequestTestCases.java:67)
	at java.base/java.util.ArrayList.forEach(ArrayList.java:1511)
Caused by: org.openqa.selenium.NoSuchElementException: no such element: Unable to locate element: {&quot;method&quot;:&quot;xpath&quot;,&quot;selector&quot;:&quot;//*[text()=&quot;About&quot;]&quot;}
  (Session info: chrome=126.0.6478.126)
For documentation on this error, please visit: https://www.selenium.dev/documentation/webdriver/troubleshooting/errors#no-such-element-exception
Build info: version: &apos;4.12.1&apos;, revision: &apos;8e34639b11&apos;
System info: os.name: &apos;Windows 10&apos;, os.arch: &apos;amd64&apos;, os.version: &apos;10.0&apos;, java.version: &apos;19.0.1&apos;
Driver info: org.openqa.selenium.chrome.ChromeDriver
Command: [383aafb834d96441ca89bc690937a8da, findElement {using=xpath, value=//*[text()=&quot;About&quot;]}]
Capabilities {acceptInsecureCerts: false, browserName: chrome, browserVersion: 126.0.6478.126, chrome: {chromedriverVersion: 126.0.6478.61 (8dc092df54ce..., userDataDir: C:\Users\Dell\AppData\Local...}, fedcm:accounts: true, goog:chromeOptions: {debuggerAddress: localhost:50725}, networkConnectionEnabled: false, pageLoadStrategy: normal, platformName: windows, proxy: Proxy(), se:cdp: ws://localhost:50725/devtoo..., se:cdpVersion: 126.0.6478.126, setWindowRect: true, strictFileInteractability: false, timeouts: {implicit: 0, pageLoad: 300000, script: 30000}, unhandledPromptBehavior: dismiss and notify, webauthn:extension:credBlob: true, webauthn:extension:largeBlob: true, webauthn:extension:minPinLength: true, webauthn:extension:prf: true, webauthn:virtualAuthenticators: true}
Session ID: 383aafb834d96441ca89bc690937a8da
	at org.openqa.selenium.remote.codec.w3c.W3CHttpResponseCodec.createException(W3CHttpResponseCodec.java:200)
	at org.openqa.selenium.remote.codec.w3c.W3CHttpResponseCodec.decode(W3CHttpResponseCodec.java:133)
	at org.openqa.selenium.remote.codec.w3c.W3CHttpResponseCodec.decode(W3CHttpResponseCodec.java:52)
	at org.openqa.selenium.remote.HttpCommandExecutor.execute(HttpCommandExecutor.java:191)
	at org.openqa.selenium.remote.service.DriverCommandExecutor.invokeExecute(DriverCommandExecutor.java:196)
	at org.openqa.selenium.remote.service.DriverCommandExecutor.execute(DriverCommandExecutor.java:171)
	at org.openqa.selenium.remote.RemoteWebDriver.execute(RemoteWebDriver.java:602)
	at org.openqa.selenium.remote.ElementLocation$ElementFinder$2.findElement(ElementLocation.java:165)
	at org.openqa.selenium.remote.ElementLocation.findElement(ElementLocation.java:59)
	at org.openqa.selenium.remote.RemoteWebDriver.findElement(RemoteWebDriver.java:359)
	at org.openqa.selenium.remote.RemoteWebDriver.findElement(RemoteWebDriver.java:353)
	at org.openqa.selenium.support.pagefactory.DefaultElementLocator.findElement(DefaultElementLocator.java:68)
	at org.openqa.selenium.support.pagefactory.internal.LocatingElementHandler.invoke(LocatingElementHandler.java:38)
	at jdk.proxy2/jdk.proxy2.$Proxy16.isDisplayed(Unknown Source)
	at org.openqa.selenium.support.ui.ExpectedConditions.elementIfVisible(ExpectedConditions.java:304)
	at org.openqa.selenium.support.ui.ExpectedConditions.access$000(ExpectedConditions.java:37)
	at org.openqa.selenium.support.ui.ExpectedConditions$10.apply(ExpectedConditions.java:290)
	at org.openqa.selenium.support.ui.ExpectedConditions$10.apply(ExpectedConditions.java:287)
	at org.openqa.selenium.support.ui.ExpectedConditions$23.apply(ExpectedConditions.java:656)
	at org.openqa.selenium.support.ui.ExpectedConditions$23.apply(ExpectedConditions.java:652)
	at org.openqa.selenium.support.ui.FluentWait.until(FluentWait.java:205)
	... 28 more
... Removed 28 stack frames</pre></div><a href='#' onClick='toggleBox("stack-trace2068126708", this, "Click to show all stack frames", "Click to hide stack frames")'>Click to show all stack frames</a>
<div class='stack-trace' id='stack-trace2068126708'><pre>org.openqa.selenium.TimeoutException: Expected condition failed: waiting for element to be clickable: Proxy element for: DefaultElementLocator &apos;By.xpath: //*[text()=&quot;About&quot;]&apos; (tried for 8 second(s) with 500 milliseconds interval)
	at org.openqa.selenium.support.ui.WebDriverWait.timeoutException(WebDriverWait.java:84)
	at org.openqa.selenium.support.ui.FluentWait.until(FluentWait.java:230)
	at org.youCater.userConfigurationsAndElements.SendBidRequestElements.aboutCaterer(SendBidRequestElements.java:80)
	at org.youCater.userSanityTestCases.SendBidRequestTestCases.partnerDetail(SendBidRequestTestCases.java:67)
	at java.base/jdk.internal.reflect.DirectMethodHandleAccessor.invoke(DirectMethodHandleAccessor.java:104)
	at java.base/java.lang.reflect.Method.invoke(Method.java:578)
	at org.testng.internal.MethodInvocationHelper.invokeMethod(MethodInvocationHelper.java:133)
	at org.testng.internal.TestInvoker.invokeMethod(TestInvoker.java:598)
	at org.testng.internal.TestInvoker.invokeTestMethod(TestInvoker.java:173)
	at org.testng.internal.MethodRunner.runInSequence(MethodRunner.java:46)
	at org.testng.internal.TestInvoker$MethodInvocationAgent.invoke(TestInvoker.java:824)
	at org.testng.internal.TestInvoker.invokeTestMethods(TestInvoker.java:146)
	at org.testng.internal.TestMethodWorker.invokeTestMethods(TestMethodWorker.java:146)
	at org.testng.internal.TestMethodWorker.run(TestMethodWorker.java:128)
	at java.base/java.util.ArrayList.forEach(ArrayList.java:1511)
	at org.testng.TestRunner.privateRun(TestRunner.java:794)
	at org.testng.TestRunner.run(TestRunner.java:596)
	at org.testng.SuiteRunner.runTest(SuiteRunner.java:377)
	at org.testng.SuiteRunner.runSequentially(SuiteRunner.java:371)
	at org.testng.SuiteRunner.privateRun(SuiteRunner.java:332)
	at org.testng.SuiteRunner.run(SuiteRunner.java:276)
	at org.testng.SuiteRunnerWorker.runSuite(SuiteRunnerWorker.java:53)
	at org.testng.SuiteRunnerWorker.run(SuiteRunnerWorker.java:96)
	at org.testng.TestNG.runSuitesSequentially(TestNG.java:1212)
	at org.testng.TestNG.runSuitesLocally(TestNG.java:1134)
	at org.testng.TestNG.runSuites(TestNG.java:1063)
	at org.testng.TestNG.run(TestNG.java:1031)
	at org.testng.remote.AbstractRemoteTestNG.run(AbstractRemoteTestNG.java:115)
	at org.testng.remote.RemoteTestNG.initAndRun(RemoteTestNG.java:251)
	at org.testng.remote.RemoteTestNG.main(RemoteTestNG.java:77)
Caused by: org.openqa.selenium.NoSuchElementException: no such element: Unable to locate element: {&quot;method&quot;:&quot;xpath&quot;,&quot;selector&quot;:&quot;//*[text()=&quot;About&quot;]&quot;}
  (Session info: chrome=126.0.6478.126)
For documentation on this error, please visit: https://www.selenium.dev/documentation/webdriver/troubleshooting/errors#no-such-element-exception
Build info: version: &apos;4.12.1&apos;, revision: &apos;8e34639b11&apos;
System info: os.name: &apos;Windows 10&apos;, os.arch: &apos;amd64&apos;, os.version: &apos;10.0&apos;, java.version: &apos;19.0.1&apos;
Driver info: org.openqa.selenium.chrome.ChromeDriver
Command: [383aafb834d96441ca89bc690937a8da, findElement {using=xpath, value=//*[text()=&quot;About&quot;]}]
Capabilities {acceptInsecureCerts: false, browserName: chrome, browserVersion: 126.0.6478.126, chrome: {chromedriverVersion: 126.0.6478.61 (8dc092df54ce..., userDataDir: C:\Users\Dell\AppData\Local...}, fedcm:accounts: true, goog:chromeOptions: {debuggerAddress: localhost:50725}, networkConnectionEnabled: false, pageLoadStrategy: normal, platformName: windows, proxy: Proxy(), se:cdp: ws://localhost:50725/devtoo..., se:cdpVersion: 126.0.6478.126, setWindowRect: true, strictFileInteractability: false, timeouts: {implicit: 0, pageLoad: 300000, script: 30000}, unhandledPromptBehavior: dismiss and notify, webauthn:extension:credBlob: true, webauthn:extension:largeBlob: true, webauthn:extension:minPinLength: true, webauthn:extension:prf: true, webauthn:virtualAuthenticators: true}
Session ID: 383aafb834d96441ca89bc690937a8da
	at java.base/jdk.internal.reflect.DirectConstructorHandleAccessor.newInstance(DirectConstructorHandleAccessor.java:67)
	at java.base/java.lang.reflect.Constructor.newInstanceWithCaller(Constructor.java:500)
	at java.base/java.lang.reflect.Constructor.newInstance(Constructor.java:484)
	at org.openqa.selenium.remote.codec.w3c.W3CHttpResponseCodec.createException(W3CHttpResponseCodec.java:200)
	at org.openqa.selenium.remote.codec.w3c.W3CHttpResponseCodec.decode(W3CHttpResponseCodec.java:133)
	at org.openqa.selenium.remote.codec.w3c.W3CHttpResponseCodec.decode(W3CHttpResponseCodec.java:52)
	at org.openqa.selenium.remote.HttpCommandExecutor.execute(HttpCommandExecutor.java:191)
	at org.openqa.selenium.remote.service.DriverCommandExecutor.invokeExecute(DriverCommandExecutor.java:196)
	at org.openqa.selenium.remote.service.DriverCommandExecutor.execute(DriverCommandExecutor.java:171)
	at org.openqa.selenium.remote.RemoteWebDriver.execute(RemoteWebDriver.java:602)
	at org.openqa.selenium.remote.ElementLocation$ElementFinder$2.findElement(ElementLocation.java:165)
	at org.openqa.selenium.remote.ElementLocation.findElement(ElementLocation.java:59)
	at org.openqa.selenium.remote.RemoteWebDriver.findElement(RemoteWebDriver.java:359)
	at org.openqa.selenium.remote.RemoteWebDriver.findElement(RemoteWebDriver.java:353)
	at org.openqa.selenium.support.pagefactory.DefaultElementLocator.findElement(DefaultElementLocator.java:68)
	at org.openqa.selenium.support.pagefactory.internal.LocatingElementHandler.invoke(LocatingElementHandler.java:38)
	at jdk.proxy2/jdk.proxy2.$Proxy16.isDisplayed(Unknown Source)
	at org.openqa.selenium.support.ui.ExpectedConditions.elementIfVisible(ExpectedConditions.java:304)
	at org.openqa.selenium.support.ui.ExpectedConditions.access$000(ExpectedConditions.java:37)
	at org.openqa.selenium.support.ui.ExpectedConditions$10.apply(ExpectedConditions.java:290)
	at org.openqa.selenium.support.ui.ExpectedConditions$10.apply(ExpectedConditions.java:287)
	at org.openqa.selenium.support.ui.ExpectedConditions$23.apply(ExpectedConditions.java:656)
	at org.openqa.selenium.support.ui.ExpectedConditions$23.apply(ExpectedConditions.java:652)
	at org.openqa.selenium.support.ui.FluentWait.until(FluentWait.java:205)
	... 28 more
</pre></div></td>
<td>20</td>
<td>org.youCater.userSanityTestCases.SendBidRequestTestCases@73017a80</td></tr>
<tr>
<td title='org.youCater.userSanityTestCases.SendBidRequestTestCases.selecCaterer()'><b>selecCaterer</b><br>Test class: org.youCater.userSanityTestCases.SendBidRequestTestCases<br>Test method: SendBidRequest: Verify caterer selection functionality</td>
<td><div><pre>org.openqa.selenium.TimeoutException: Expected condition failed: waiting for visibility of Proxy element for: DefaultElementLocator &apos;By.xpath: //input[contains(@class,&quot;searchInputField&quot;)]&apos; (tried for 8 second(s) with 500 milliseconds interval)
	at org.openqa.selenium.support.ui.WebDriverWait.timeoutException(WebDriverWait.java:84)
	at org.openqa.selenium.support.ui.FluentWait.until(FluentWait.java:230)
	at org.youCater.userConfigurationsAndElements.HomePageElements.searchVendor(HomePageElements.java:103)
	at org.youCater.userSanityTestCases.SendBidRequestTestCases.selecCaterer(SendBidRequestTestCases.java:50)
	at java.base/java.util.ArrayList.forEach(ArrayList.java:1511)
Caused by: org.openqa.selenium.NoSuchElementException: no such element: Unable to locate element: {&quot;method&quot;:&quot;xpath&quot;,&quot;selector&quot;:&quot;//input[contains(@class,&quot;searchInputField&quot;)]&quot;}
  (Session info: chrome=126.0.6478.126)
For documentation on this error, please visit: https://www.selenium.dev/documentation/webdriver/troubleshooting/errors#no-such-element-exception
Build info: version: &apos;4.12.1&apos;, revision: &apos;8e34639b11&apos;
System info: os.name: &apos;Windows 10&apos;, os.arch: &apos;amd64&apos;, os.version: &apos;10.0&apos;, java.version: &apos;19.0.1&apos;
Driver info: org.openqa.selenium.chrome.ChromeDriver
Command: [383aafb834d96441ca89bc690937a8da, findElement {using=xpath, value=//input[contains(@class,&quot;searchInputField&quot;)]}]
Capabilities {acceptInsecureCerts: false, browserName: chrome, browserVersion: 126.0.6478.126, chrome: {chromedriverVersion: 126.0.6478.61 (8dc092df54ce..., userDataDir: C:\Users\Dell\AppData\Local...}, fedcm:accounts: true, goog:chromeOptions: {debuggerAddress: localhost:50725}, networkConnectionEnabled: false, pageLoadStrategy: normal, platformName: windows, proxy: Proxy(), se:cdp: ws://localhost:50725/devtoo..., se:cdpVersion: 126.0.6478.126, setWindowRect: true, strictFileInteractability: false, timeouts: {implicit: 0, pageLoad: 300000, script: 30000}, unhandledPromptBehavior: dismiss and notify, webauthn:extension:credBlob: true, webauthn:extension:largeBlob: true, webauthn:extension:minPinLength: true, webauthn:extension:prf: true, webauthn:virtualAuthenticators: true}
Session ID: 383aafb834d96441ca89bc690937a8da
	at org.openqa.selenium.remote.codec.w3c.W3CHttpResponseCodec.createException(W3CHttpResponseCodec.java:200)
	at org.openqa.selenium.remote.codec.w3c.W3CHttpResponseCodec.decode(W3CHttpResponseCodec.java:133)
	at org.openqa.selenium.remote.codec.w3c.W3CHttpResponseCodec.decode(W3CHttpResponseCodec.java:52)
	at org.openqa.selenium.remote.HttpCommandExecutor.execute(HttpCommandExecutor.java:191)
	at org.openqa.selenium.remote.service.DriverCommandExecutor.invokeExecute(DriverCommandExecutor.java:196)
	at org.openqa.selenium.remote.service.DriverCommandExecutor.execute(DriverCommandExecutor.java:171)
	at org.openqa.selenium.remote.RemoteWebDriver.execute(RemoteWebDriver.java:602)
	at org.openqa.selenium.remote.ElementLocation$ElementFinder$2.findElement(ElementLocation.java:165)
	at org.openqa.selenium.remote.ElementLocation.findElement(ElementLocation.java:59)
	at org.openqa.selenium.remote.RemoteWebDriver.findElement(RemoteWebDriver.java:359)
	at org.openqa.selenium.remote.RemoteWebDriver.findElement(RemoteWebDriver.java:353)
	at org.openqa.selenium.support.pagefactory.DefaultElementLocator.findElement(DefaultElementLocator.java:68)
	at org.openqa.selenium.support.pagefactory.internal.LocatingElementHandler.invoke(LocatingElementHandler.java:38)
	at jdk.proxy2/jdk.proxy2.$Proxy16.isDisplayed(Unknown Source)
	at org.openqa.selenium.support.ui.ExpectedConditions.elementIfVisible(ExpectedConditions.java:304)
	at org.openqa.selenium.support.ui.ExpectedConditions.access$000(ExpectedConditions.java:37)
	at org.openqa.selenium.support.ui.ExpectedConditions$10.apply(ExpectedConditions.java:290)
	at org.openqa.selenium.support.ui.ExpectedConditions$10.apply(ExpectedConditions.java:287)
	at org.openqa.selenium.support.ui.FluentWait.until(FluentWait.java:205)
	... 28 more
... Removed 28 stack frames</pre></div><a href='#' onClick='toggleBox("stack-trace1412195801", this, "Click to show all stack frames", "Click to hide stack frames")'>Click to show all stack frames</a>
<div class='stack-trace' id='stack-trace1412195801'><pre>org.openqa.selenium.TimeoutException: Expected condition failed: waiting for visibility of Proxy element for: DefaultElementLocator &apos;By.xpath: //input[contains(@class,&quot;searchInputField&quot;)]&apos; (tried for 8 second(s) with 500 milliseconds interval)
	at org.openqa.selenium.support.ui.WebDriverWait.timeoutException(WebDriverWait.java:84)
	at org.openqa.selenium.support.ui.FluentWait.until(FluentWait.java:230)
	at org.youCater.userConfigurationsAndElements.HomePageElements.searchVendor(HomePageElements.java:103)
	at org.youCater.userSanityTestCases.SendBidRequestTestCases.selecCaterer(SendBidRequestTestCases.java:50)
	at java.base/jdk.internal.reflect.DirectMethodHandleAccessor.invoke(DirectMethodHandleAccessor.java:104)
	at java.base/java.lang.reflect.Method.invoke(Method.java:578)
	at org.testng.internal.MethodInvocationHelper.invokeMethod(MethodInvocationHelper.java:133)
	at org.testng.internal.TestInvoker.invokeMethod(TestInvoker.java:598)
	at org.testng.internal.TestInvoker.invokeTestMethod(TestInvoker.java:173)
	at org.testng.internal.MethodRunner.runInSequence(MethodRunner.java:46)
	at org.testng.internal.TestInvoker$MethodInvocationAgent.invoke(TestInvoker.java:824)
	at org.testng.internal.TestInvoker.invokeTestMethods(TestInvoker.java:146)
	at org.testng.internal.TestMethodWorker.invokeTestMethods(TestMethodWorker.java:146)
	at org.testng.internal.TestMethodWorker.run(TestMethodWorker.java:128)
	at java.base/java.util.ArrayList.forEach(ArrayList.java:1511)
	at org.testng.TestRunner.privateRun(TestRunner.java:794)
	at org.testng.TestRunner.run(TestRunner.java:596)
	at org.testng.SuiteRunner.runTest(SuiteRunner.java:377)
	at org.testng.SuiteRunner.runSequentially(SuiteRunner.java:371)
	at org.testng.SuiteRunner.privateRun(SuiteRunner.java:332)
	at org.testng.SuiteRunner.run(SuiteRunner.java:276)
	at org.testng.SuiteRunnerWorker.runSuite(SuiteRunnerWorker.java:53)
	at org.testng.SuiteRunnerWorker.run(SuiteRunnerWorker.java:96)
	at org.testng.TestNG.runSuitesSequentially(TestNG.java:1212)
	at org.testng.TestNG.runSuitesLocally(TestNG.java:1134)
	at org.testng.TestNG.runSuites(TestNG.java:1063)
	at org.testng.TestNG.run(TestNG.java:1031)
	at org.testng.remote.AbstractRemoteTestNG.run(AbstractRemoteTestNG.java:115)
	at org.testng.remote.RemoteTestNG.initAndRun(RemoteTestNG.java:251)
	at org.testng.remote.RemoteTestNG.main(RemoteTestNG.java:77)
Caused by: org.openqa.selenium.NoSuchElementException: no such element: Unable to locate element: {&quot;method&quot;:&quot;xpath&quot;,&quot;selector&quot;:&quot;//input[contains(@class,&quot;searchInputField&quot;)]&quot;}
  (Session info: chrome=126.0.6478.126)
For documentation on this error, please visit: https://www.selenium.dev/documentation/webdriver/troubleshooting/errors#no-such-element-exception
Build info: version: &apos;4.12.1&apos;, revision: &apos;8e34639b11&apos;
System info: os.name: &apos;Windows 10&apos;, os.arch: &apos;amd64&apos;, os.version: &apos;10.0&apos;, java.version: &apos;19.0.1&apos;
Driver info: org.openqa.selenium.chrome.ChromeDriver
Command: [383aafb834d96441ca89bc690937a8da, findElement {using=xpath, value=//input[contains(@class,&quot;searchInputField&quot;)]}]
Capabilities {acceptInsecureCerts: false, browserName: chrome, browserVersion: 126.0.6478.126, chrome: {chromedriverVersion: 126.0.6478.61 (8dc092df54ce..., userDataDir: C:\Users\Dell\AppData\Local...}, fedcm:accounts: true, goog:chromeOptions: {debuggerAddress: localhost:50725}, networkConnectionEnabled: false, pageLoadStrategy: normal, platformName: windows, proxy: Proxy(), se:cdp: ws://localhost:50725/devtoo..., se:cdpVersion: 126.0.6478.126, setWindowRect: true, strictFileInteractability: false, timeouts: {implicit: 0, pageLoad: 300000, script: 30000}, unhandledPromptBehavior: dismiss and notify, webauthn:extension:credBlob: true, webauthn:extension:largeBlob: true, webauthn:extension:minPinLength: true, webauthn:extension:prf: true, webauthn:virtualAuthenticators: true}
Session ID: 383aafb834d96441ca89bc690937a8da
	at java.base/jdk.internal.reflect.DirectConstructorHandleAccessor.newInstance(DirectConstructorHandleAccessor.java:67)
	at java.base/java.lang.reflect.Constructor.newInstanceWithCaller(Constructor.java:500)
	at java.base/java.lang.reflect.Constructor.newInstance(Constructor.java:484)
	at org.openqa.selenium.remote.codec.w3c.W3CHttpResponseCodec.createException(W3CHttpResponseCodec.java:200)
	at org.openqa.selenium.remote.codec.w3c.W3CHttpResponseCodec.decode(W3CHttpResponseCodec.java:133)
	at org.openqa.selenium.remote.codec.w3c.W3CHttpResponseCodec.decode(W3CHttpResponseCodec.java:52)
	at org.openqa.selenium.remote.HttpCommandExecutor.execute(HttpCommandExecutor.java:191)
	at org.openqa.selenium.remote.service.DriverCommandExecutor.invokeExecute(DriverCommandExecutor.java:196)
	at org.openqa.selenium.remote.service.DriverCommandExecutor.execute(DriverCommandExecutor.java:171)
	at org.openqa.selenium.remote.RemoteWebDriver.execute(RemoteWebDriver.java:602)
	at org.openqa.selenium.remote.ElementLocation$ElementFinder$2.findElement(ElementLocation.java:165)
	at org.openqa.selenium.remote.ElementLocation.findElement(ElementLocation.java:59)
	at org.openqa.selenium.remote.RemoteWebDriver.findElement(RemoteWebDriver.java:359)
	at org.openqa.selenium.remote.RemoteWebDriver.findElement(RemoteWebDriver.java:353)
	at org.openqa.selenium.support.pagefactory.DefaultElementLocator.findElement(DefaultElementLocator.java:68)
	at org.openqa.selenium.support.pagefactory.internal.LocatingElementHandler.invoke(LocatingElementHandler.java:38)
	at jdk.proxy2/jdk.proxy2.$Proxy16.isDisplayed(Unknown Source)
	at org.openqa.selenium.support.ui.ExpectedConditions.elementIfVisible(ExpectedConditions.java:304)
	at org.openqa.selenium.support.ui.ExpectedConditions.access$000(ExpectedConditions.java:37)
	at org.openqa.selenium.support.ui.ExpectedConditions$10.apply(ExpectedConditions.java:290)
	at org.openqa.selenium.support.ui.ExpectedConditions$10.apply(ExpectedConditions.java:287)
	at org.openqa.selenium.support.ui.FluentWait.until(FluentWait.java:205)
	... 28 more
</pre></div></td>
<td>20</td>
<td>org.youCater.userSanityTestCases.SendBidRequestTestCases@73017a80</td></tr>
<tr>
<td title='org.youCater.userSanityTestCases.SendBidRequestTestCases.findCaterers()'><b>findCaterers</b><br>Test class: org.youCater.userSanityTestCases.SendBidRequestTestCases<br>Test method: SendBidRequest: Verify caterer search functionality</td>
<td><div><pre>org.openqa.selenium.ElementClickInterceptedException: element click intercepted: Element is not clickable at point (1004, -11)
  (Session info: chrome=126.0.6478.126)
Build info: version: &apos;4.12.1&apos;, revision: &apos;8e34639b11&apos;
System info: os.name: &apos;Windows 10&apos;, os.arch: &apos;amd64&apos;, os.version: &apos;10.0&apos;, java.version: &apos;19.0.1&apos;
Driver info: org.openqa.selenium.chrome.ChromeDriver
Command: [383aafb834d96441ca89bc690937a8da, clickElement {id=f.E59656AC1C259D4A1866C5F3027BFB87.d.29E98888E80B9255F1A1A59B29AC8382.e.522}]
Capabilities {acceptInsecureCerts: false, browserName: chrome, browserVersion: 126.0.6478.126, chrome: {chromedriverVersion: 126.0.6478.61 (8dc092df54ce..., userDataDir: C:\Users\Dell\AppData\Local...}, fedcm:accounts: true, goog:chromeOptions: {debuggerAddress: localhost:50725}, networkConnectionEnabled: false, pageLoadStrategy: normal, platformName: windows, proxy: Proxy(), se:cdp: ws://localhost:50725/devtoo..., se:cdpVersion: 126.0.6478.126, setWindowRect: true, strictFileInteractability: false, timeouts: {implicit: 0, pageLoad: 300000, script: 30000}, unhandledPromptBehavior: dismiss and notify, webauthn:extension:credBlob: true, webauthn:extension:largeBlob: true, webauthn:extension:minPinLength: true, webauthn:extension:prf: true, webauthn:virtualAuthenticators: true}
Element: [[ChromeDriver: chrome on windows (383aafb834d96441ca89bc690937a8da)] -&gt; xpath: //a[normalize-space()=&apos;Event&apos;]]
Session ID: 383aafb834d96441ca89bc690937a8da
	at org.openqa.selenium.remote.codec.w3c.W3CHttpResponseCodec.createException(W3CHttpResponseCodec.java:200)
	at org.openqa.selenium.remote.codec.w3c.W3CHttpResponseCodec.decode(W3CHttpResponseCodec.java:133)
	at org.openqa.selenium.remote.codec.w3c.W3CHttpResponseCodec.decode(W3CHttpResponseCodec.java:52)
	at org.openqa.selenium.remote.HttpCommandExecutor.execute(HttpCommandExecutor.java:191)
	at org.openqa.selenium.remote.service.DriverCommandExecutor.invokeExecute(DriverCommandExecutor.java:196)
	at org.openqa.selenium.remote.service.DriverCommandExecutor.execute(DriverCommandExecutor.java:171)
	at org.openqa.selenium.remote.RemoteWebDriver.execute(RemoteWebDriver.java:602)
	at org.openqa.selenium.remote.RemoteWebElement.execute(RemoteWebElement.java:224)
	at org.openqa.selenium.remote.RemoteWebElement.click(RemoteWebElement.java:77)
	at org.openqa.selenium.support.pagefactory.internal.LocatingElementHandler.invoke(LocatingElementHandler.java:51)
	at jdk.proxy2/jdk.proxy2.$Proxy16.click(Unknown Source)
	at org.youCater.userConfigurationsAndElements.HomePageElements.eventMenu(HomePageElements.java:83)
	at org.youCater.userSanityTestCases.SendBidRequestTestCases.findCaterers(SendBidRequestTestCases.java:35)
	at java.base/java.util.ArrayList.forEach(ArrayList.java:1511)
... Removed 30 stack frames</pre></div><a href='#' onClick='toggleBox("stack-trace994825025", this, "Click to show all stack frames", "Click to hide stack frames")'>Click to show all stack frames</a>
<div class='stack-trace' id='stack-trace994825025'><pre>org.openqa.selenium.ElementClickInterceptedException: element click intercepted: Element is not clickable at point (1004, -11)
  (Session info: chrome=126.0.6478.126)
Build info: version: &apos;4.12.1&apos;, revision: &apos;8e34639b11&apos;
System info: os.name: &apos;Windows 10&apos;, os.arch: &apos;amd64&apos;, os.version: &apos;10.0&apos;, java.version: &apos;19.0.1&apos;
Driver info: org.openqa.selenium.chrome.ChromeDriver
Command: [383aafb834d96441ca89bc690937a8da, clickElement {id=f.E59656AC1C259D4A1866C5F3027BFB87.d.29E98888E80B9255F1A1A59B29AC8382.e.522}]
Capabilities {acceptInsecureCerts: false, browserName: chrome, browserVersion: 126.0.6478.126, chrome: {chromedriverVersion: 126.0.6478.61 (8dc092df54ce..., userDataDir: C:\Users\Dell\AppData\Local...}, fedcm:accounts: true, goog:chromeOptions: {debuggerAddress: localhost:50725}, networkConnectionEnabled: false, pageLoadStrategy: normal, platformName: windows, proxy: Proxy(), se:cdp: ws://localhost:50725/devtoo..., se:cdpVersion: 126.0.6478.126, setWindowRect: true, strictFileInteractability: false, timeouts: {implicit: 0, pageLoad: 300000, script: 30000}, unhandledPromptBehavior: dismiss and notify, webauthn:extension:credBlob: true, webauthn:extension:largeBlob: true, webauthn:extension:minPinLength: true, webauthn:extension:prf: true, webauthn:virtualAuthenticators: true}
Element: [[ChromeDriver: chrome on windows (383aafb834d96441ca89bc690937a8da)] -&gt; xpath: //a[normalize-space()=&apos;Event&apos;]]
Session ID: 383aafb834d96441ca89bc690937a8da
	at java.base/jdk.internal.reflect.DirectConstructorHandleAccessor.newInstance(DirectConstructorHandleAccessor.java:67)
	at java.base/java.lang.reflect.Constructor.newInstanceWithCaller(Constructor.java:500)
	at java.base/java.lang.reflect.Constructor.newInstance(Constructor.java:484)
	at org.openqa.selenium.remote.codec.w3c.W3CHttpResponseCodec.createException(W3CHttpResponseCodec.java:200)
	at org.openqa.selenium.remote.codec.w3c.W3CHttpResponseCodec.decode(W3CHttpResponseCodec.java:133)
	at org.openqa.selenium.remote.codec.w3c.W3CHttpResponseCodec.decode(W3CHttpResponseCodec.java:52)
	at org.openqa.selenium.remote.HttpCommandExecutor.execute(HttpCommandExecutor.java:191)
	at org.openqa.selenium.remote.service.DriverCommandExecutor.invokeExecute(DriverCommandExecutor.java:196)
	at org.openqa.selenium.remote.service.DriverCommandExecutor.execute(DriverCommandExecutor.java:171)
	at org.openqa.selenium.remote.RemoteWebDriver.execute(RemoteWebDriver.java:602)
	at org.openqa.selenium.remote.RemoteWebElement.execute(RemoteWebElement.java:224)
	at org.openqa.selenium.remote.RemoteWebElement.click(RemoteWebElement.java:77)
	at java.base/jdk.internal.reflect.DirectMethodHandleAccessor.invoke(DirectMethodHandleAccessor.java:104)
	at java.base/java.lang.reflect.Method.invoke(Method.java:578)
	at org.openqa.selenium.support.pagefactory.internal.LocatingElementHandler.invoke(LocatingElementHandler.java:51)
	at jdk.proxy2/jdk.proxy2.$Proxy16.click(Unknown Source)
	at org.youCater.userConfigurationsAndElements.HomePageElements.eventMenu(HomePageElements.java:83)
	at org.youCater.userSanityTestCases.SendBidRequestTestCases.findCaterers(SendBidRequestTestCases.java:35)
	at java.base/jdk.internal.reflect.DirectMethodHandleAccessor.invoke(DirectMethodHandleAccessor.java:104)
	at java.base/java.lang.reflect.Method.invoke(Method.java:578)
	at org.testng.internal.MethodInvocationHelper.invokeMethod(MethodInvocationHelper.java:133)
	at org.testng.internal.TestInvoker.invokeMethod(TestInvoker.java:598)
	at org.testng.internal.TestInvoker.invokeTestMethod(TestInvoker.java:173)
	at org.testng.internal.MethodRunner.runInSequence(MethodRunner.java:46)
	at org.testng.internal.TestInvoker$MethodInvocationAgent.invoke(TestInvoker.java:824)
	at org.testng.internal.TestInvoker.invokeTestMethods(TestInvoker.java:146)
	at org.testng.internal.TestMethodWorker.invokeTestMethods(TestMethodWorker.java:146)
	at org.testng.internal.TestMethodWorker.run(TestMethodWorker.java:128)
	at java.base/java.util.ArrayList.forEach(ArrayList.java:1511)
	at org.testng.TestRunner.privateRun(TestRunner.java:794)
	at org.testng.TestRunner.run(TestRunner.java:596)
	at org.testng.SuiteRunner.runTest(SuiteRunner.java:377)
	at org.testng.SuiteRunner.runSequentially(SuiteRunner.java:371)
	at org.testng.SuiteRunner.privateRun(SuiteRunner.java:332)
	at org.testng.SuiteRunner.run(SuiteRunner.java:276)
	at org.testng.SuiteRunnerWorker.runSuite(SuiteRunnerWorker.java:53)
	at org.testng.SuiteRunnerWorker.run(SuiteRunnerWorker.java:96)
	at org.testng.TestNG.runSuitesSequentially(TestNG.java:1212)
	at org.testng.TestNG.runSuitesLocally(TestNG.java:1134)
	at org.testng.TestNG.runSuites(TestNG.java:1063)
	at org.testng.TestNG.run(TestNG.java:1031)
	at org.testng.remote.AbstractRemoteTestNG.run(AbstractRemoteTestNG.java:115)
	at org.testng.remote.RemoteTestNG.initAndRun(RemoteTestNG.java:251)
	at org.testng.remote.RemoteTestNG.main(RemoteTestNG.java:77)
</pre></div></td>
<td>1</td>
<td>org.youCater.userSanityTestCases.SendBidRequestTestCases@73017a80</td></tr>
<tr>
<td title='org.youCater.userSanityTestCases.SendBidRequestTestCases.sendRequest()'><b>sendRequest</b><br>Test class: org.youCater.userSanityTestCases.SendBidRequestTestCases<br>Test method: SendBidRequest: Verify successful request submission</td>
<td><div><pre>org.openqa.selenium.NoSuchElementException: no such element: Unable to locate element: {&quot;method&quot;:&quot;xpath&quot;,&quot;selector&quot;:&quot;//*[@aria-label=&quot;Send request&quot;]&quot;}
  (Session info: chrome=126.0.6478.126)
For documentation on this error, please visit: https://www.selenium.dev/documentation/webdriver/troubleshooting/errors#no-such-element-exception
Build info: version: &apos;4.12.1&apos;, revision: &apos;8e34639b11&apos;
System info: os.name: &apos;Windows 10&apos;, os.arch: &apos;amd64&apos;, os.version: &apos;10.0&apos;, java.version: &apos;19.0.1&apos;
Driver info: org.openqa.selenium.chrome.ChromeDriver
Command: [383aafb834d96441ca89bc690937a8da, findElement {using=xpath, value=//*[@aria-label=&quot;Send request&quot;]}]
Capabilities {acceptInsecureCerts: false, browserName: chrome, browserVersion: 126.0.6478.126, chrome: {chromedriverVersion: 126.0.6478.61 (8dc092df54ce..., userDataDir: C:\Users\Dell\AppData\Local...}, fedcm:accounts: true, goog:chromeOptions: {debuggerAddress: localhost:50725}, networkConnectionEnabled: false, pageLoadStrategy: normal, platformName: windows, proxy: Proxy(), se:cdp: ws://localhost:50725/devtoo..., se:cdpVersion: 126.0.6478.126, setWindowRect: true, strictFileInteractability: false, timeouts: {implicit: 0, pageLoad: 300000, script: 30000}, unhandledPromptBehavior: dismiss and notify, webauthn:extension:credBlob: true, webauthn:extension:largeBlob: true, webauthn:extension:minPinLength: true, webauthn:extension:prf: true, webauthn:virtualAuthenticators: true}
Session ID: 383aafb834d96441ca89bc690937a8da
	at org.openqa.selenium.remote.codec.w3c.W3CHttpResponseCodec.createException(W3CHttpResponseCodec.java:200)
	at org.openqa.selenium.remote.codec.w3c.W3CHttpResponseCodec.decode(W3CHttpResponseCodec.java:133)
	at org.openqa.selenium.remote.codec.w3c.W3CHttpResponseCodec.decode(W3CHttpResponseCodec.java:52)
	at org.openqa.selenium.remote.HttpCommandExecutor.execute(HttpCommandExecutor.java:191)
	at org.openqa.selenium.remote.service.DriverCommandExecutor.invokeExecute(DriverCommandExecutor.java:196)
	at org.openqa.selenium.remote.service.DriverCommandExecutor.execute(DriverCommandExecutor.java:171)
	at org.openqa.selenium.remote.RemoteWebDriver.execute(RemoteWebDriver.java:602)
	at org.openqa.selenium.remote.ElementLocation$ElementFinder$2.findElement(ElementLocation.java:165)
	at org.openqa.selenium.remote.ElementLocation.findElement(ElementLocation.java:59)
	at org.openqa.selenium.remote.RemoteWebDriver.findElement(RemoteWebDriver.java:359)
	at org.openqa.selenium.remote.RemoteWebDriver.findElement(RemoteWebDriver.java:353)
	at org.openqa.selenium.support.pagefactory.DefaultElementLocator.findElement(DefaultElementLocator.java:68)
	at org.openqa.selenium.support.pagefactory.internal.LocatingElementHandler.invoke(LocatingElementHandler.java:38)
	at jdk.proxy2/jdk.proxy2.$Proxy16.getWrappedElement(Unknown Source)
	at org.openqa.selenium.remote.internal.WebElementToJsonConverter.apply(WebElementToJsonConverter.java:51)
	at java.base/java.util.stream.ReferencePipeline$3$1.accept(ReferencePipeline.java:197)
	at java.base/java.util.Spliterators$ArraySpliterator.forEachRemaining(Spliterators.java:1006)
	at java.base/java.util.stream.AbstractPipeline.copyInto(AbstractPipeline.java:509)
	at java.base/java.util.stream.AbstractPipeline.wrapAndCopyInto(AbstractPipeline.java:499)
	at java.base/java.util.stream.ReduceOps$ReduceOp.evaluateSequential(ReduceOps.java:921)
	at java.base/java.util.stream.AbstractPipeline.evaluate(AbstractPipeline.java:234)
	at java.base/java.util.stream.ReferencePipeline.collect(ReferencePipeline.java:682)
	at org.openqa.selenium.remote.RemoteWebDriver.executeScript(RemoteWebDriver.java:465)
	at org.youCater.userConfigurationsAndElements.SendBidRequestElements.clickOnSendRequestCta(SendBidRequestElements.java:102)
	at org.youCater.userSanityTestCases.SendBidRequestTestCases.sendRequest(SendBidRequestTestCases.java:73)
	at java.base/java.util.ArrayList.forEach(ArrayList.java:1511)
... Removed 28 stack frames</pre></div><a href='#' onClick='toggleBox("stack-trace1462880943", this, "Click to show all stack frames", "Click to hide stack frames")'>Click to show all stack frames</a>
<div class='stack-trace' id='stack-trace1462880943'><pre>org.openqa.selenium.NoSuchElementException: no such element: Unable to locate element: {&quot;method&quot;:&quot;xpath&quot;,&quot;selector&quot;:&quot;//*[@aria-label=&quot;Send request&quot;]&quot;}
  (Session info: chrome=126.0.6478.126)
For documentation on this error, please visit: https://www.selenium.dev/documentation/webdriver/troubleshooting/errors#no-such-element-exception
Build info: version: &apos;4.12.1&apos;, revision: &apos;8e34639b11&apos;
System info: os.name: &apos;Windows 10&apos;, os.arch: &apos;amd64&apos;, os.version: &apos;10.0&apos;, java.version: &apos;19.0.1&apos;
Driver info: org.openqa.selenium.chrome.ChromeDriver
Command: [383aafb834d96441ca89bc690937a8da, findElement {using=xpath, value=//*[@aria-label=&quot;Send request&quot;]}]
Capabilities {acceptInsecureCerts: false, browserName: chrome, browserVersion: 126.0.6478.126, chrome: {chromedriverVersion: 126.0.6478.61 (8dc092df54ce..., userDataDir: C:\Users\Dell\AppData\Local...}, fedcm:accounts: true, goog:chromeOptions: {debuggerAddress: localhost:50725}, networkConnectionEnabled: false, pageLoadStrategy: normal, platformName: windows, proxy: Proxy(), se:cdp: ws://localhost:50725/devtoo..., se:cdpVersion: 126.0.6478.126, setWindowRect: true, strictFileInteractability: false, timeouts: {implicit: 0, pageLoad: 300000, script: 30000}, unhandledPromptBehavior: dismiss and notify, webauthn:extension:credBlob: true, webauthn:extension:largeBlob: true, webauthn:extension:minPinLength: true, webauthn:extension:prf: true, webauthn:virtualAuthenticators: true}
Session ID: 383aafb834d96441ca89bc690937a8da
	at java.base/jdk.internal.reflect.DirectConstructorHandleAccessor.newInstance(DirectConstructorHandleAccessor.java:67)
	at java.base/java.lang.reflect.Constructor.newInstanceWithCaller(Constructor.java:500)
	at java.base/java.lang.reflect.Constructor.newInstance(Constructor.java:484)
	at org.openqa.selenium.remote.codec.w3c.W3CHttpResponseCodec.createException(W3CHttpResponseCodec.java:200)
	at org.openqa.selenium.remote.codec.w3c.W3CHttpResponseCodec.decode(W3CHttpResponseCodec.java:133)
	at org.openqa.selenium.remote.codec.w3c.W3CHttpResponseCodec.decode(W3CHttpResponseCodec.java:52)
	at org.openqa.selenium.remote.HttpCommandExecutor.execute(HttpCommandExecutor.java:191)
	at org.openqa.selenium.remote.service.DriverCommandExecutor.invokeExecute(DriverCommandExecutor.java:196)
	at org.openqa.selenium.remote.service.DriverCommandExecutor.execute(DriverCommandExecutor.java:171)
	at org.openqa.selenium.remote.RemoteWebDriver.execute(RemoteWebDriver.java:602)
	at org.openqa.selenium.remote.ElementLocation$ElementFinder$2.findElement(ElementLocation.java:165)
	at org.openqa.selenium.remote.ElementLocation.findElement(ElementLocation.java:59)
	at org.openqa.selenium.remote.RemoteWebDriver.findElement(RemoteWebDriver.java:359)
	at org.openqa.selenium.remote.RemoteWebDriver.findElement(RemoteWebDriver.java:353)
	at org.openqa.selenium.support.pagefactory.DefaultElementLocator.findElement(DefaultElementLocator.java:68)
	at org.openqa.selenium.support.pagefactory.internal.LocatingElementHandler.invoke(LocatingElementHandler.java:38)
	at jdk.proxy2/jdk.proxy2.$Proxy16.getWrappedElement(Unknown Source)
	at org.openqa.selenium.remote.internal.WebElementToJsonConverter.apply(WebElementToJsonConverter.java:51)
	at java.base/java.util.stream.ReferencePipeline$3$1.accept(ReferencePipeline.java:197)
	at java.base/java.util.Spliterators$ArraySpliterator.forEachRemaining(Spliterators.java:1006)
	at java.base/java.util.stream.AbstractPipeline.copyInto(AbstractPipeline.java:509)
	at java.base/java.util.stream.AbstractPipeline.wrapAndCopyInto(AbstractPipeline.java:499)
	at java.base/java.util.stream.ReduceOps$ReduceOp.evaluateSequential(ReduceOps.java:921)
	at java.base/java.util.stream.AbstractPipeline.evaluate(AbstractPipeline.java:234)
	at java.base/java.util.stream.ReferencePipeline.collect(ReferencePipeline.java:682)
	at org.openqa.selenium.remote.RemoteWebDriver.executeScript(RemoteWebDriver.java:465)
	at org.youCater.userConfigurationsAndElements.SendBidRequestElements.clickOnSendRequestCta(SendBidRequestElements.java:102)
	at org.youCater.userSanityTestCases.SendBidRequestTestCases.sendRequest(SendBidRequestTestCases.java:73)
	at java.base/jdk.internal.reflect.DirectMethodHandleAccessor.invoke(DirectMethodHandleAccessor.java:104)
	at java.base/java.lang.reflect.Method.invoke(Method.java:578)
	at org.testng.internal.MethodInvocationHelper.invokeMethod(MethodInvocationHelper.java:133)
	at org.testng.internal.TestInvoker.invokeMethod(TestInvoker.java:598)
	at org.testng.internal.TestInvoker.invokeTestMethod(TestInvoker.java:173)
	at org.testng.internal.MethodRunner.runInSequence(MethodRunner.java:46)
	at org.testng.internal.TestInvoker$MethodInvocationAgent.invoke(TestInvoker.java:824)
	at org.testng.internal.TestInvoker.invokeTestMethods(TestInvoker.java:146)
	at org.testng.internal.TestMethodWorker.invokeTestMethods(TestMethodWorker.java:146)
	at org.testng.internal.TestMethodWorker.run(TestMethodWorker.java:128)
	at java.base/java.util.ArrayList.forEach(ArrayList.java:1511)
	at org.testng.TestRunner.privateRun(TestRunner.java:794)
	at org.testng.TestRunner.run(TestRunner.java:596)
	at org.testng.SuiteRunner.runTest(SuiteRunner.java:377)
	at org.testng.SuiteRunner.runSequentially(SuiteRunner.java:371)
	at org.testng.SuiteRunner.privateRun(SuiteRunner.java:332)
	at org.testng.SuiteRunner.run(SuiteRunner.java:276)
	at org.testng.SuiteRunnerWorker.runSuite(SuiteRunnerWorker.java:53)
	at org.testng.SuiteRunnerWorker.run(SuiteRunnerWorker.java:96)
	at org.testng.TestNG.runSuitesSequentially(TestNG.java:1212)
	at org.testng.TestNG.runSuitesLocally(TestNG.java:1134)
	at org.testng.TestNG.runSuites(TestNG.java:1063)
	at org.testng.TestNG.run(TestNG.java:1031)
	at org.testng.remote.AbstractRemoteTestNG.run(AbstractRemoteTestNG.java:115)
	at org.testng.remote.RemoteTestNG.initAndRun(RemoteTestNG.java:251)
	at org.testng.remote.RemoteTestNG.main(RemoteTestNG.java:77)
</pre></div></td>
<td>10</td>
<td>org.youCater.userSanityTestCases.SendBidRequestTestCases@73017a80</td></tr>
</table><p>
<table width='100%' border='1' class='invocation-passed'>
<tr><td colspan='4' align='center'><b>PASSED TESTS</b></td></tr>
<tr><td><b>Test method</b></td>
<td width="30%"><b>Exception</b></td>
<td width="10%"><b>Time (seconds)</b></td>
<td><b>Instance</b></td>
</tr>
<tr>
<td title='org.youCater.userSanityTestCases.AddPrivateEventTestCases.privateCuisineTypeSelection()'><b>privateCuisineTypeSelection</b><br>Test class: org.youCater.userSanityTestCases.AddPrivateEventTestCases<br>Test method: PrivateEvent: Verify cuisine type selection functionality</td>
<td></td>
<td>8</td>
<td>org.youCater.userSanityTestCases.AddPrivateEventTestCases@3b36e000</td></tr>
<tr>
<td title='org.youCater.userSanityTestCases.AddCorporateEventTestCases.corporateFoodTypeSelection()'><b>corporateFoodTypeSelection</b><br>Test class: org.youCater.userSanityTestCases.AddCorporateEventTestCases<br>Test method: CorporateEvent: Verify food type selection functionality</td>
<td></td>
<td>8</td>
<td>org.youCater.userSanityTestCases.AddCorporateEventTestCases@7c3ebc6b</td></tr>
<tr>
<td title='org.youCater.userSanityTestCases.AddPrivateEventTestCases.privateDateAndTimeSelection()'><b>privateDateAndTimeSelection</b><br>Test class: org.youCater.userSanityTestCases.AddPrivateEventTestCases<br>Test method: PrivateEvent: Verify date and time selection functionality</td>
<td></td>
<td>6</td>
<td>org.youCater.userSanityTestCases.AddPrivateEventTestCases@3b36e000</td></tr>
<tr>
<td title='org.youCater.userSanityTestCases.AddPrivateEventTestCases.privateSignIn()'><b>privateSignIn</b><br>Test class: org.youCater.userSanityTestCases.AddPrivateEventTestCases<br>Test method: PrivateEvent: Verify signIn functionality</td>
<td></td>
<td>6</td>
<td>org.youCater.userSanityTestCases.AddPrivateEventTestCases@3b36e000</td></tr>
<tr>
<td title='org.youCater.userSanityTestCases.ProfileTestCases.signInAfterLogout()'><b>signInAfterLogout</b><br>Test class: org.youCater.userSanityTestCases.ProfileTestCases<br>Test method: Profile: Verify sign-in after logout</td>
<td></td>
<td>8</td>
<td>org.youCater.userSanityTestCases.ProfileTestCases@1cb19dba</td></tr>
<tr>
<td title='org.youCater.userSanityTestCases.AddPrivateEventTestCases.privateBudgetSelection()'><b>privateBudgetSelection</b><br>Test class: org.youCater.userSanityTestCases.AddPrivateEventTestCases<br>Test method: PrivateEvent: Verify budget selection functionality</td>
<td></td>
<td>15</td>
<td>org.youCater.userSanityTestCases.AddPrivateEventTestCases@3b36e000</td></tr>
<tr>
<td title='org.youCater.userSanityTestCases.AddCorporateEventTestCases.corporateDateAndTimeSelection()'><b>corporateDateAndTimeSelection</b><br>Test class: org.youCater.userSanityTestCases.AddCorporateEventTestCases<br>Test method: CorporateEvent: Verify date and time selection functionality</td>
<td></td>
<td>6</td>
<td>org.youCater.userSanityTestCases.AddCorporateEventTestCases@7c3ebc6b</td></tr>
<tr>
<td title='org.youCater.userSanityTestCases.AddPrivateEventTestCases.prviateOccasionTypeSelection()'><b>prviateOccasionTypeSelection</b><br>Test class: org.youCater.userSanityTestCases.AddPrivateEventTestCases<br>Test method: PrivateEvent: Verify selection of occasion type functionality</td>
<td></td>
<td>6</td>
<td>org.youCater.userSanityTestCases.AddPrivateEventTestCases@3b36e000</td></tr>
<tr>
<td title='org.youCater.userSanityTestCases.AddCorporateEventTestCases.corporateOccasionTypeSelection()'><b>corporateOccasionTypeSelection</b><br>Test class: org.youCater.userSanityTestCases.AddCorporateEventTestCases<br>Test method: CorporateEvent: Verify selection of occasion type functionality</td>
<td></td>
<td>6</td>
<td>org.youCater.userSanityTestCases.AddCorporateEventTestCases@7c3ebc6b</td></tr>
<tr>
<td title='org.youCater.userSanityTestCases.CancelEventTestCases.selectEventsOnHomePage()'><b>selectEventsOnHomePage</b><br>Test class: org.youCater.userSanityTestCases.CancelEventTestCases<br>Test method: HomePage: Verify selection of pending events</td>
<td></td>
<td>12</td>
<td>org.youCater.userSanityTestCases.CancelEventTestCases@5da7cee2</td></tr>
<tr>
<td title='org.youCater.userSanityTestCases.AddCorporateEventTestCases.corporateProviderSelection()'><b>corporateProviderSelection</b><br>Test class: org.youCater.userSanityTestCases.AddCorporateEventTestCases<br>Test method: CorporateEvent: Verify provider selection functionality</td>
<td></td>
<td>4</td>
<td>org.youCater.userSanityTestCases.AddCorporateEventTestCases@7c3ebc6b</td></tr>
<tr>
<td title='org.youCater.userSanityTestCases.AddPrivateEventTestCases.privateGuestSelection()'><b>privateGuestSelection</b><br>Test class: org.youCater.userSanityTestCases.AddPrivateEventTestCases<br>Test method: PrivateEvent: Verify guest number entry functionality</td>
<td></td>
<td>7</td>
<td>org.youCater.userSanityTestCases.AddPrivateEventTestCases@3b36e000</td></tr>
<tr>
<td title='org.youCater.userSanityTestCases.AddPrivateEventTestCases.privateEventSummary()'><b>privateEventSummary</b><br>Test class: org.youCater.userSanityTestCases.AddPrivateEventTestCases<br>Test method: PrivateEvent: Verify generation of event summary</td>
<td></td>
<td>9</td>
<td>org.youCater.userSanityTestCases.AddPrivateEventTestCases@3b36e000</td></tr>
<tr>
<td title='org.youCater.userSanityTestCases.AddPrivateEventTestCases.privateGoToHomePage()'><b>privateGoToHomePage</b><br>Test class: org.youCater.userSanityTestCases.AddPrivateEventTestCases<br>Test method: PrivateEvent: Verify navigation to the home page</td>
<td></td>
<td>4</td>
<td>org.youCater.userSanityTestCases.AddPrivateEventTestCases@3b36e000</td></tr>
<tr>
<td title='org.youCater.userSanityTestCases.AddCorporateEventTestCases.privateAddEventName()'><b>privateAddEventName</b><br>Test class: org.youCater.userSanityTestCases.AddCorporateEventTestCases<br>Test method: CorporateEvent: Verify addition of event name functionality</td>
<td></td>
<td>6</td>
<td>org.youCater.userSanityTestCases.AddCorporateEventTestCases@7c3ebc6b</td></tr>
<tr>
<td title='org.youCater.userSanityTestCases.AddCorporateEventTestCases.corporateBudgetSelection()'><b>corporateBudgetSelection</b><br>Test class: org.youCater.userSanityTestCases.AddCorporateEventTestCases<br>Test method: CorporateEvent: Verify budget selection functionality</td>
<td></td>
<td>13</td>
<td>org.youCater.userSanityTestCases.AddCorporateEventTestCases@7c3ebc6b</td></tr>
<tr>
<td title='org.youCater.userSanityTestCases.AddPrivateEventTestCases.privateEventVenueSelection()'><b>privateEventVenueSelection</b><br>Test class: org.youCater.userSanityTestCases.AddPrivateEventTestCases<br>Test method: PrivateEvent: Verify event venue selection functionality</td>
<td></td>
<td>29</td>
<td>org.youCater.userSanityTestCases.AddPrivateEventTestCases@3b36e000</td></tr>
<tr>
<td title='org.youCater.userSanityTestCases.ProfileTestCases.goToProfile()'><b>goToProfile</b><br>Test class: org.youCater.userSanityTestCases.ProfileTestCases<br>Test method: Profile: Verify navigation to the user profile</td>
<td></td>
<td>6</td>
<td>org.youCater.userSanityTestCases.ProfileTestCases@1cb19dba</td></tr>
<tr>
<td title='org.youCater.userSanityTestCases.AddCorporateEventTestCases.corporateEventTypeSelection()'><b>corporateEventTypeSelection</b><br>Test class: org.youCater.userSanityTestCases.AddCorporateEventTestCases<br>Test method: CorporateEvent: Verify selection of event type funtionality</td>
<td></td>
<td>2</td>
<td>org.youCater.userSanityTestCases.AddCorporateEventTestCases@7c3ebc6b</td></tr>
<tr>
<td title='org.youCater.userSanityTestCases.AddPrivateEventTestCases.privateFoodTypeSelection()'><b>privateFoodTypeSelection</b><br>Test class: org.youCater.userSanityTestCases.AddPrivateEventTestCases<br>Test method: PrivateEvent: Verify food type selection functionality</td>
<td></td>
<td>8</td>
<td>org.youCater.userSanityTestCases.AddPrivateEventTestCases@3b36e000</td></tr>
<tr>
<td title='org.youCater.userSanityTestCases.CancelEventTestCases.cancelEvent()'><b>cancelEvent</b><br>Test class: org.youCater.userSanityTestCases.CancelEventTestCases<br>Test method: CancelEvent: Verify cancellation of pending events</td>
<td></td>
<td>14</td>
<td>org.youCater.userSanityTestCases.CancelEventTestCases@5da7cee2</td></tr>
<tr>
<td title='org.youCater.userSanityTestCases.AddPrivateEventTestCases.privateAddEventName()'><b>privateAddEventName</b><br>Test class: org.youCater.userSanityTestCases.AddPrivateEventTestCases<br>Test method: PrivateEvent: Verify addition of event name functionality</td>
<td></td>
<td>8</td>
<td>org.youCater.userSanityTestCases.AddPrivateEventTestCases@3b36e000</td></tr>
<tr>
<td title='org.youCater.userSanityTestCases.ProfileTestCases.editProfile()'><b>editProfile</b><br>Test class: org.youCater.userSanityTestCases.ProfileTestCases<br>Test method: Profile: Verify edit profile funtionality</td>
<td></td>
<td>6</td>
<td>org.youCater.userSanityTestCases.ProfileTestCases@1cb19dba</td></tr>
<tr>
<td title='org.youCater.userSanityTestCases.AddCorporateEventTestCases.corporateGuestSelection()'><b>corporateGuestSelection</b><br>Test class: org.youCater.userSanityTestCases.AddCorporateEventTestCases<br>Test method: CorporateEvent: Verify guest number entry functionality</td>
<td></td>
<td>4</td>
<td>org.youCater.userSanityTestCases.AddCorporateEventTestCases@7c3ebc6b</td></tr>
<tr>
<td title='org.youCater.userSanityTestCases.AddCorporateEventTestCases.corporateEventSummary()'><b>corporateEventSummary</b><br>Test class: org.youCater.userSanityTestCases.AddCorporateEventTestCases<br>Test method: CorporateEvent: Verify generation of event summary</td>
<td></td>
<td>9</td>
<td>org.youCater.userSanityTestCases.AddCorporateEventTestCases@7c3ebc6b</td></tr>
<tr>
<td title='org.youCater.userSanityTestCases.AddPrivateEventTestCases.privateEventTypeSelection()'><b>privateEventTypeSelection</b><br>Test class: org.youCater.userSanityTestCases.AddPrivateEventTestCases<br>Test method: PrivateEvent: Verify selection of event type funtionality</td>
<td></td>
<td>2</td>
<td>org.youCater.userSanityTestCases.AddPrivateEventTestCases@3b36e000</td></tr>
<tr>
<td title='org.youCater.userSanityTestCases.AddPrivateEventTestCases.privateProviderSelection()'><b>privateProviderSelection</b><br>Test class: org.youCater.userSanityTestCases.AddPrivateEventTestCases<br>Test method: PrivateEvent: Verify provider selection functionality</td>
<td></td>
<td>4</td>
<td>org.youCater.userSanityTestCases.AddPrivateEventTestCases@3b36e000</td></tr>
<tr>
<td title='org.youCater.userSanityTestCases.AddCorporateEventTestCases.corporateGoToHomePage()'><b>corporateGoToHomePage</b><br>Test class: org.youCater.userSanityTestCases.AddCorporateEventTestCases<br>Test method: CorporateEvent: Verify navigation to the home page</td>
<td></td>
<td>2</td>
<td>org.youCater.userSanityTestCases.AddCorporateEventTestCases@7c3ebc6b</td></tr>
<tr>
<td title='org.youCater.userSanityTestCases.ProfileTestCases.logout()'><b>logout</b><br>Test class: org.youCater.userSanityTestCases.ProfileTestCases<br>Test method: Profile: Verify logout funtionality</td>
<td></td>
<td>6</td>
<td>org.youCater.userSanityTestCases.ProfileTestCases@1cb19dba</td></tr>
<tr>
<td title='org.youCater.userSanityTestCases.AddCorporateEventTestCases.corporateEventVenueSelection()'><b>corporateEventVenueSelection</b><br>Test class: org.youCater.userSanityTestCases.AddCorporateEventTestCases<br>Test method: CorporateEvent: Verify event venue selection functionality</td>
<td></td>
<td>21</td>
<td>org.youCater.userSanityTestCases.AddCorporateEventTestCases@7c3ebc6b</td></tr>
<tr>
<td title='org.youCater.userSanityTestCases.AddCorporateEventTestCases.corporateCuisineTypeSelection()'><b>corporateCuisineTypeSelection</b><br>Test class: org.youCater.userSanityTestCases.AddCorporateEventTestCases<br>Test method: CorporateEvent: Verify cuisine type selection functionality</td>
<td></td>
<td>7</td>
<td>org.youCater.userSanityTestCases.AddCorporateEventTestCases@7c3ebc6b</td></tr>
</table><p>
</body>
</html>