<?xml version="1.0" encoding="UTF-8"?>
<!-- Generated by org.testng.reporters.JUnitReportReporter -->
<testsuite hostname="DESKTOP-QI6H2EA" failures="0" tests="13" name="org.youCater.userSanityTestCases.ZaraExperienceTestCases" time="60.188" errors="1" timestamp="2025-01-31T21:34:48 PKT" skipped="0">
  <testcase classname="org.youCater.userSanityTestCases.ZaraExperienceTestCases" name="startPlanning" time="6.308"/>
  <system-out/>
  <testcase classname="org.youCater.userSanityTestCases.ZaraExperienceTestCases" name="privateEventTypeSelection" time="2.534"/>
  <system-out/>
  <testcase classname="org.youCater.userSanityTestCases.ZaraExperienceTestCases" name="prviateOccasionTypeSelection" time="3.150"/>
  <system-out/>
  <testcase classname="org.youCater.userSanityTestCases.ZaraExperienceTestCases" name="selectProvider" time="4.357"/>
  <system-out/>
  <testcase classname="org.youCater.userSanityTestCases.ZaraExperienceTestCases" name="selectTimeOfDay" time="2.142"/>
  <system-out/>
  <testcase classname="org.youCater.userSanityTestCases.ZaraExperienceTestCases" name="selectCuisines" time="3.485"/>
  <system-out/>
  <testcase classname="org.youCater.userSanityTestCases.ZaraExperienceTestCases" name="enterDishes" time="2.725"/>
  <system-out/>
  <testcase classname="org.youCater.userSanityTestCases.ZaraExperienceTestCases" name="selectCourses" time="3.346"/>
  <system-out/>
  <testcase classname="org.youCater.userSanityTestCases.ZaraExperienceTestCases" name="selectLocation" time="1.124"/>
  <system-out/>
  <testcase classname="org.youCater.userSanityTestCases.ZaraExperienceTestCases" name="enterGuestAndDate" time="3.397"/>
  <system-out/>
  <testcase classname="org.youCater.userSanityTestCases.ZaraExperienceTestCases" name="selectBudget" time="11.251"/>
  <system-out/>
  <testcase classname="org.youCater.userSanityTestCases.ZaraExperienceTestCases" name="signIn" time="10.496"/>
  <system-out/>
  <testcase classname="org.youCater.userSanityTestCases.ZaraExperienceTestCases" name="quotaionsAndGotoHome" time="5.873">
    <error message="element click intercepted: Element &lt;a aria-label=&quot;back-to-home&quot; rel=&quot;YouCater noreferrer&quot; class=&quot;flex items-center gap-2 text-[#544F53] text-base font-bold&quot; href=&quot;/en/home/&quot;&gt;...&lt;/a&gt; is not clickable at point (683, 541). Other element would receive the click: &lt;div class=&quot;modal-sm &quot;&gt;...&lt;/div&gt;
  (Session info: chrome=132.0.6834.160)
Build info: version: &#039;4.27.0&#039;, revision: &#039;d6e718d134&#039;
System info: os.name: &#039;Windows 10&#039;, os.arch: &#039;amd64&#039;, os.version: &#039;10.0&#039;, java.version: &#039;17.0.10&#039;
Driver info: org.openqa.selenium.chrome.ChromeDriver
Command: [47be8b87544b9a15801e26a4dc3cc924, clickElement {id=f.662BBBB74D9B61BDB2BCFFFDC2FE6DB5.d.B526415C8163D479B1642015CDD2ACDB.e.187}]
Capabilities {acceptInsecureCerts: false, browserName: chrome, browserVersion: 132.0.6834.160, chrome: {chromedriverVersion: 132.0.6834.83 (03d59cf5ecf1..., userDataDir: C:\Users\Admin\AppData\Loca...}, fedcm:accounts: true, goog:chromeOptions: {debuggerAddress: localhost:49637}, networkConnectionEnabled: false, pageLoadStrategy: normal, platformName: windows, proxy: Proxy(), se:cdp: ws://localhost:49637/devtoo..., se:cdpVersion: 132.0.6834.160, setWindowRect: true, strictFileInteractability: false, timeouts: {implicit: 0, pageLoad: 300000, script: 30000}, unhandledPromptBehavior: dismiss and notify, webauthn:extension:credBlob: true, webauthn:extension:largeBlob: true, webauthn:extension:minPinLength: true, webauthn:extension:prf: true, webauthn:virtualAuthenticators: true}
Element: [[ChromeDriver: chrome on windows (47be8b87544b9a15801e26a4dc3cc924)] -&gt; xpath: //*[text()=&quot;Back to home&quot;]]
Session ID: 47be8b87544b9a15801e26a4dc3cc924" type="org.openqa.selenium.ElementClickInterceptedException">
      <![CDATA[org.openqa.selenium.ElementClickInterceptedException: element click intercepted: Element <a aria-label="back-to-home" rel="YouCater noreferrer" class="flex items-center gap-2 text-[#544F53] text-base font-bold" href="/en/home/">...</a> is not clickable at point (683, 541). Other element would receive the click: <div class="modal-sm ">...</div>
  (Session info: chrome=132.0.6834.160)
Build info: version: '4.27.0', revision: 'd6e718d134'
System info: os.name: 'Windows 10', os.arch: 'amd64', os.version: '10.0', java.version: '17.0.10'
Driver info: org.openqa.selenium.chrome.ChromeDriver
Command: [47be8b87544b9a15801e26a4dc3cc924, clickElement {id=f.662BBBB74D9B61BDB2BCFFFDC2FE6DB5.d.B526415C8163D479B1642015CDD2ACDB.e.187}]
Capabilities {acceptInsecureCerts: false, browserName: chrome, browserVersion: 132.0.6834.160, chrome: {chromedriverVersion: 132.0.6834.83 (03d59cf5ecf1..., userDataDir: C:\Users\Admin\AppData\Loca...}, fedcm:accounts: true, goog:chromeOptions: {debuggerAddress: localhost:49637}, networkConnectionEnabled: false, pageLoadStrategy: normal, platformName: windows, proxy: Proxy(), se:cdp: ws://localhost:49637/devtoo..., se:cdpVersion: 132.0.6834.160, setWindowRect: true, strictFileInteractability: false, timeouts: {implicit: 0, pageLoad: 300000, script: 30000}, unhandledPromptBehavior: dismiss and notify, webauthn:extension:credBlob: true, webauthn:extension:largeBlob: true, webauthn:extension:minPinLength: true, webauthn:extension:prf: true, webauthn:virtualAuthenticators: true}
Element: [[ChromeDriver: chrome on windows (47be8b87544b9a15801e26a4dc3cc924)] -> xpath: //*[text()="Back to home"]]
Session ID: 47be8b87544b9a15801e26a4dc3cc924
at java.base/jdk.internal.reflect.NativeConstructorAccessorImpl.newInstance0(Native Method)
at java.base/jdk.internal.reflect.NativeConstructorAccessorImpl.newInstance(NativeConstructorAccessorImpl.java:77)
at java.base/jdk.internal.reflect.DelegatingConstructorAccessorImpl.newInstance(DelegatingConstructorAccessorImpl.java:45)
at java.base/java.lang.reflect.Constructor.newInstanceWithCaller(Constructor.java:499)
at java.base/java.lang.reflect.Constructor.newInstance(Constructor.java:480)
at org.openqa.selenium.remote.ErrorCodec.decode(ErrorCodec.java:167)
at org.openqa.selenium.remote.codec.w3c.W3CHttpResponseCodec.decode(W3CHttpResponseCodec.java:138)
at org.openqa.selenium.remote.codec.w3c.W3CHttpResponseCodec.decode(W3CHttpResponseCodec.java:50)
at org.openqa.selenium.remote.HttpCommandExecutor.execute(HttpCommandExecutor.java:190)
at org.openqa.selenium.remote.service.DriverCommandExecutor.invokeExecute(DriverCommandExecutor.java:216)
at org.openqa.selenium.remote.service.DriverCommandExecutor.execute(DriverCommandExecutor.java:174)
at org.openqa.selenium.remote.RemoteWebDriver.execute(RemoteWebDriver.java:545)
at org.openqa.selenium.remote.RemoteWebElement.execute(RemoteWebElement.java:223)
at org.openqa.selenium.remote.RemoteWebElement.click(RemoteWebElement.java:76)
at java.base/jdk.internal.reflect.NativeMethodAccessorImpl.invoke0(Native Method)
at java.base/jdk.internal.reflect.NativeMethodAccessorImpl.invoke(NativeMethodAccessorImpl.java:77)
at java.base/jdk.internal.reflect.DelegatingMethodAccessorImpl.invoke(DelegatingMethodAccessorImpl.java:43)
at java.base/java.lang.reflect.Method.invoke(Method.java:568)
at org.openqa.selenium.support.pagefactory.internal.LocatingElementHandler.invoke(LocatingElementHandler.java:51)
at jdk.proxy2/jdk.proxy2.$Proxy11.click(Unknown Source)
at org.youCater.userConfigurationsAndElements.AddEventElements.goToHomePage(AddEventElements.java:462)
at org.youCater.userSanityTestCases.ZaraExperienceTestCases.quotaionsAndGotoHome(ZaraExperienceTestCases.java:208)
at java.base/jdk.internal.reflect.NativeMethodAccessorImpl.invoke0(Native Method)
at java.base/jdk.internal.reflect.NativeMethodAccessorImpl.invoke(NativeMethodAccessorImpl.java:77)
at java.base/jdk.internal.reflect.DelegatingMethodAccessorImpl.invoke(DelegatingMethodAccessorImpl.java:43)
at java.base/java.lang.reflect.Method.invoke(Method.java:568)
at org.testng.internal.MethodInvocationHelper.invokeMethod(MethodInvocationHelper.java:133)
at org.testng.internal.TestInvoker.invokeMethod(TestInvoker.java:598)
at org.testng.internal.TestInvoker.invokeTestMethod(TestInvoker.java:173)
at org.testng.internal.MethodRunner.runInSequence(MethodRunner.java:46)
at org.testng.internal.TestInvoker$MethodInvocationAgent.invoke(TestInvoker.java:824)
at org.testng.internal.TestInvoker.invokeTestMethods(TestInvoker.java:146)
at org.testng.internal.TestMethodWorker.invokeTestMethods(TestMethodWorker.java:146)
at org.testng.internal.TestMethodWorker.run(TestMethodWorker.java:128)
at java.base/java.util.ArrayList.forEach(ArrayList.java:1511)
at org.testng.TestRunner.privateRun(TestRunner.java:794)
at org.testng.TestRunner.run(TestRunner.java:596)
at org.testng.SuiteRunner.runTest(SuiteRunner.java:377)
at org.testng.SuiteRunner.runSequentially(SuiteRunner.java:371)
at org.testng.SuiteRunner.privateRun(SuiteRunner.java:332)
at org.testng.SuiteRunner.run(SuiteRunner.java:276)
at org.testng.SuiteRunnerWorker.runSuite(SuiteRunnerWorker.java:53)
at org.testng.SuiteRunnerWorker.run(SuiteRunnerWorker.java:96)
at org.testng.TestNG.runSuitesSequentially(TestNG.java:1212)
at org.testng.TestNG.runSuitesLocally(TestNG.java:1134)
at org.testng.TestNG.runSuites(TestNG.java:1063)
at org.testng.TestNG.run(TestNG.java:1031)
at org.testng.remote.AbstractRemoteTestNG.run(AbstractRemoteTestNG.java:115)
at org.testng.remote.RemoteTestNG.initAndRun(RemoteTestNG.java:293)
at org.testng.remote.RemoteTestNG.main(RemoteTestNG.java:91)
]]>
    </error>
  </testcase> <!-- quotaionsAndGotoHome -->
  <system-out/>
</testsuite> <!-- org.youCater.userSanityTestCases.ZaraExperienceTestCases -->
