<?xml version="1.0" encoding="UTF-8"?>
<!-- Generated by org.testng.reporters.JUnitXMLReporter -->
<testsuite ignored="0" hostname="DESKTOP-QI6H2EA" failures="2" tests="37" name="AddEventSanityTestCases" time="427.68" errors="0" timestamp="2023-11-05T08:06:55 PKT">
  <testcase classname="org.youCater.sanityTestCases.AddPrivateEventTestCases" name="privateEventTypeSelection" time="37.807"/>
  <testcase classname="org.youCater.sanityTestCases.AddPrivateEventTestCases" name="prviateOccasionTypeSelection" time="16.382"/>
  <testcase classname="org.youCater.sanityTestCases.AddPrivateEventTestCases" name="privateAddEventName" time="16.535"/>
  <testcase classname="org.youCater.sanityTestCases.AddPrivateEventTestCases" name="privateDateAndTimeSelection" time="6.698"/>
  <testcase classname="org.youCater.sanityTestCases.AddPrivateEventTestCases" name="privateGuestSelection" time="5.236"/>
  <testcase classname="org.youCater.sanityTestCases.AddPrivateEventTestCases" name="privateBudgetSelection" time="6.696"/>
  <testcase classname="org.youCater.sanityTestCases.AddPrivateEventTestCases" name="privateProviderSelection" time="6.364"/>
  <testcase classname="org.youCater.sanityTestCases.AddPrivateEventTestCases" name="privateCuisineTypeSelection" time="10.264"/>
  <testcase classname="org.youCater.sanityTestCases.AddPrivateEventTestCases" name="privateFoodTypeSelection" time="13.165"/>
  <testcase classname="org.youCater.sanityTestCases.AddPrivateEventTestCases" name="privateServiceStyleSelection" time="4.634"/>
  <testcase classname="org.youCater.sanityTestCases.AddPrivateEventTestCases" name="privateDietaryRequirementsSelection" time="5.418"/>
  <testcase classname="org.youCater.sanityTestCases.AddPrivateEventTestCases" name="privateAdditionalServicesSelection" time="5.391"/>
  <testcase classname="org.youCater.sanityTestCases.AddPrivateEventTestCases" name="privateEventVenueSelection" time="33.795"/>
  <testcase classname="org.youCater.sanityTestCases.AddPrivateEventTestCases" name="privateEventSpecialRequest" time="4.36"/>
  <testcase classname="org.youCater.sanityTestCases.AddPrivateEventTestCases" name="privateSignIn" time="9.839"/>
  <testcase classname="org.youCater.sanityTestCases.AddPrivateEventTestCases" name="privateVerifyOTP" time="2.58"/>
  <testcase classname="org.youCater.sanityTestCases.AddPrivateEventTestCases" name="privateSignUp" time="12.043"/>
  <testcase classname="org.youCater.sanityTestCases.AddPrivateEventTestCases" name="privateEventSummary" time="13.827"/>
  <testcase classname="org.youCater.sanityTestCases.AddPrivateEventTestCases" name="privateGoToHomePage" time="5.215"/>
  <testcase classname="org.youCater.sanityTestCases.AddCorporateEventTestCases" name="corporateEventTypeSelection" time="34.666"/>
  <testcase classname="org.youCater.sanityTestCases.AddCorporateEventTestCases" name="corporateOccasionTypeSelection" time="16.409"/>
  <testcase classname="org.youCater.sanityTestCases.AddCorporateEventTestCases" name="privateAddEventName" time="16.403"/>
  <testcase classname="org.youCater.sanityTestCases.AddCorporateEventTestCases" name="corporateDateAndTimeSelection" time="6.68"/>
  <testcase classname="org.youCater.sanityTestCases.AddCorporateEventTestCases" name="corporateGuestSelection" time="5.192"/>
  <testcase classname="org.youCater.sanityTestCases.AddCorporateEventTestCases" name="corporateBudgetSelection" time="5.094"/>
  <testcase classname="org.youCater.sanityTestCases.AddCorporateEventTestCases" name="corporateProviderSelection" time="6.388"/>
  <testcase classname="org.youCater.sanityTestCases.AddCorporateEventTestCases" name="corporateCuisineTypeSelection" time="10.202"/>
  <testcase classname="org.youCater.sanityTestCases.AddCorporateEventTestCases" name="corporateFoodTypeSelection" time="13.169"/>
  <testcase classname="org.youCater.sanityTestCases.AddCorporateEventTestCases" name="corporateServiceStyleSelection" time="3.481"/>
  <testcase classname="org.youCater.sanityTestCases.AddCorporateEventTestCases" name="corporateDietaryRequirementsSelection" time="5.353"/>
  <testcase classname="org.youCater.sanityTestCases.AddCorporateEventTestCases" name="corporateAdditionalServicesSelection" time="5.327"/>
  <testcase classname="org.youCater.sanityTestCases.AddCorporateEventTestCases" name="corporateEventVenueSelection" time="33.024"/>
  <testcase classname="org.youCater.sanityTestCases.AddCorporateEventTestCases" name="corporateEventSpecialRequest" time="4.479"/>
  <testcase classname="org.youCater.sanityTestCases.AddCorporateEventTestCases" name="corporateSignIn" time="9.876"/>
  <testcase classname="org.youCater.sanityTestCases.AddCorporateEventTestCases" name="corporateVerifyOTP" time="2.364"/>
  <testcase classname="org.youCater.sanityTestCases.AddCorporateEventTestCases" name="corporateEventSummary" time="10.079">
    <failure type="org.openqa.selenium.NoSuchElementException" message="no such element: Unable to locate element: {&amp;quot;method&amp;quot;:&amp;quot;xpath&amp;quot;,&amp;quot;selector&amp;quot;:&amp;quot;//*[@id=&amp;quot;eventNameSummarySection&amp;quot;]//*[@id=&amp;quot;editBtn&amp;quot;]&amp;quot;}
  (Session info: chrome=119.0.6045.106)
For documentation on this error, please visit: https://www.selenium.dev/documentation/webdriver/troubleshooting/errors#no-such-element-exception
Build info: version: &amp;apos;4.12.1&amp;apos;, revision: &amp;apos;8e34639b11&amp;apos;
System info: os.name: &amp;apos;Windows 10&amp;apos;, os.arch: &amp;apos;amd64&amp;apos;, os.version: &amp;apos;10.0&amp;apos;, java.version: &amp;apos;11.0.18&amp;apos;
Driver info: org.openqa.selenium.chrome.ChromeDriver
Command: [a0ffb33def0d14a46615e5d53b8d35ea, findElement {using=xpath, value=//*[@id=&amp;quot;eventNameSummarySection&amp;quot;]//*[@id=&amp;quot;editBtn&amp;quot;]}]
Capabilities {acceptInsecureCerts: false, browserName: chrome, browserVersion: 119.0.6045.106, chrome: {chromedriverVersion: 119.0.6045.105 (38c72552c5e..., userDataDir: C:\Users\Admin\AppData\Loca...}, fedcm:accounts: true, goog:chromeOptions: {debuggerAddress: localhost:56345}, networkConnectionEnabled: false, pageLoadStrategy: normal, platformName: windows, proxy: Proxy(), se:cdp: ws://localhost:56345/devtoo..., se:cdpVersion: 119.0.6045.106, setWindowRect: true, strictFileInteractability: false, timeouts: {implicit: 0, pageLoad: 300000, script: 30000}, unhandledPromptBehavior: dismiss and notify, webauthn:extension:credBlob: true, webauthn:extension:largeBlob: true, webauthn:extension:minPinLength: true, webauthn:extension:prf: true, webauthn:virtualAuthenticators: true}
Session ID: a0ffb33def0d14a46615e5d53b8d35ea">
      <![CDATA[org.openqa.selenium.NoSuchElementException: no such element: Unable to locate element: {"method":"xpath","selector":"//*[@id="eventNameSummarySection"]//*[@id="editBtn"]"}
  (Session info: chrome=119.0.6045.106)
For documentation on this error, please visit: https://www.selenium.dev/documentation/webdriver/troubleshooting/errors#no-such-element-exception
Build info: version: '4.12.1', revision: '8e34639b11'
System info: os.name: 'Windows 10', os.arch: 'amd64', os.version: '10.0', java.version: '11.0.18'
Driver info: org.openqa.selenium.chrome.ChromeDriver
Command: [a0ffb33def0d14a46615e5d53b8d35ea, findElement {using=xpath, value=//*[@id="eventNameSummarySection"]//*[@id="editBtn"]}]
Capabilities {acceptInsecureCerts: false, browserName: chrome, browserVersion: 119.0.6045.106, chrome: {chromedriverVersion: 119.0.6045.105 (38c72552c5e..., userDataDir: C:\Users\Admin\AppData\Loca...}, fedcm:accounts: true, goog:chromeOptions: {debuggerAddress: localhost:56345}, networkConnectionEnabled: false, pageLoadStrategy: normal, platformName: windows, proxy: Proxy(), se:cdp: ws://localhost:56345/devtoo..., se:cdpVersion: 119.0.6045.106, setWindowRect: true, strictFileInteractability: false, timeouts: {implicit: 0, pageLoad: 300000, script: 30000}, unhandledPromptBehavior: dismiss and notify, webauthn:extension:credBlob: true, webauthn:extension:largeBlob: true, webauthn:extension:minPinLength: true, webauthn:extension:prf: true, webauthn:virtualAuthenticators: true}
Session ID: a0ffb33def0d14a46615e5d53b8d35ea
at org.openqa.selenium.remote.codec.w3c.W3CHttpResponseCodec.createException(W3CHttpResponseCodec.java:200)
at org.openqa.selenium.remote.codec.w3c.W3CHttpResponseCodec.decode(W3CHttpResponseCodec.java:133)
at org.openqa.selenium.remote.codec.w3c.W3CHttpResponseCodec.decode(W3CHttpResponseCodec.java:52)
at org.openqa.selenium.remote.HttpCommandExecutor.execute(HttpCommandExecutor.java:191)
at org.openqa.selenium.remote.service.DriverCommandExecutor.invokeExecute(DriverCommandExecutor.java:196)
at org.openqa.selenium.remote.service.DriverCommandExecutor.execute(DriverCommandExecutor.java:171)
at org.openqa.selenium.remote.RemoteWebDriver.execute(RemoteWebDriver.java:602)
at org.openqa.selenium.remote.ElementLocation$ElementFinder$2.findElement(ElementLocation.java:165)
at org.openqa.selenium.remote.ElementLocation.findElement(ElementLocation.java:59)
at org.openqa.selenium.remote.RemoteWebDriver.findElement(RemoteWebDriver.java:359)
at org.openqa.selenium.remote.RemoteWebDriver.findElement(RemoteWebDriver.java:353)
at org.youCater.sanityTestCases.AddCorporateEventTestCases.corporateEventSummary(AddCorporateEventTestCases.java:250)
at java.base/java.util.ArrayList.forEach(ArrayList.java:1541)
... Removed 35 stack frames]]>
    </failure>
  </testcase> <!-- corporateEventSummary -->
  <testcase classname="org.youCater.sanityTestCases.AddCorporateEventTestCases" name="corporateGoToHomePage" time="10.027">
    <failure type="org.openqa.selenium.NoSuchElementException" message="no such element: Unable to locate element: {&amp;quot;method&amp;quot;:&amp;quot;xpath&amp;quot;,&amp;quot;selector&amp;quot;:&amp;quot;//*[text()=&amp;quot;Back to home&amp;quot;]&amp;quot;}
  (Session info: chrome=119.0.6045.106)
For documentation on this error, please visit: https://www.selenium.dev/documentation/webdriver/troubleshooting/errors#no-such-element-exception
Build info: version: &amp;apos;4.12.1&amp;apos;, revision: &amp;apos;8e34639b11&amp;apos;
System info: os.name: &amp;apos;Windows 10&amp;apos;, os.arch: &amp;apos;amd64&amp;apos;, os.version: &amp;apos;10.0&amp;apos;, java.version: &amp;apos;11.0.18&amp;apos;
Driver info: org.openqa.selenium.chrome.ChromeDriver
Command: [a0ffb33def0d14a46615e5d53b8d35ea, findElement {using=xpath, value=//*[text()=&amp;quot;Back to home&amp;quot;]}]
Capabilities {acceptInsecureCerts: false, browserName: chrome, browserVersion: 119.0.6045.106, chrome: {chromedriverVersion: 119.0.6045.105 (38c72552c5e..., userDataDir: C:\Users\Admin\AppData\Loca...}, fedcm:accounts: true, goog:chromeOptions: {debuggerAddress: localhost:56345}, networkConnectionEnabled: false, pageLoadStrategy: normal, platformName: windows, proxy: Proxy(), se:cdp: ws://localhost:56345/devtoo..., se:cdpVersion: 119.0.6045.106, setWindowRect: true, strictFileInteractability: false, timeouts: {implicit: 0, pageLoad: 300000, script: 30000}, unhandledPromptBehavior: dismiss and notify, webauthn:extension:credBlob: true, webauthn:extension:largeBlob: true, webauthn:extension:minPinLength: true, webauthn:extension:prf: true, webauthn:virtualAuthenticators: true}
Session ID: a0ffb33def0d14a46615e5d53b8d35ea">
      <![CDATA[org.openqa.selenium.NoSuchElementException: no such element: Unable to locate element: {"method":"xpath","selector":"//*[text()="Back to home"]"}
  (Session info: chrome=119.0.6045.106)
For documentation on this error, please visit: https://www.selenium.dev/documentation/webdriver/troubleshooting/errors#no-such-element-exception
Build info: version: '4.12.1', revision: '8e34639b11'
System info: os.name: 'Windows 10', os.arch: 'amd64', os.version: '10.0', java.version: '11.0.18'
Driver info: org.openqa.selenium.chrome.ChromeDriver
Command: [a0ffb33def0d14a46615e5d53b8d35ea, findElement {using=xpath, value=//*[text()="Back to home"]}]
Capabilities {acceptInsecureCerts: false, browserName: chrome, browserVersion: 119.0.6045.106, chrome: {chromedriverVersion: 119.0.6045.105 (38c72552c5e..., userDataDir: C:\Users\Admin\AppData\Loca...}, fedcm:accounts: true, goog:chromeOptions: {debuggerAddress: localhost:56345}, networkConnectionEnabled: false, pageLoadStrategy: normal, platformName: windows, proxy: Proxy(), se:cdp: ws://localhost:56345/devtoo..., se:cdpVersion: 119.0.6045.106, setWindowRect: true, strictFileInteractability: false, timeouts: {implicit: 0, pageLoad: 300000, script: 30000}, unhandledPromptBehavior: dismiss and notify, webauthn:extension:credBlob: true, webauthn:extension:largeBlob: true, webauthn:extension:minPinLength: true, webauthn:extension:prf: true, webauthn:virtualAuthenticators: true}
Session ID: a0ffb33def0d14a46615e5d53b8d35ea
at org.openqa.selenium.remote.codec.w3c.W3CHttpResponseCodec.createException(W3CHttpResponseCodec.java:200)
at org.openqa.selenium.remote.codec.w3c.W3CHttpResponseCodec.decode(W3CHttpResponseCodec.java:133)
at org.openqa.selenium.remote.codec.w3c.W3CHttpResponseCodec.decode(W3CHttpResponseCodec.java:52)
at org.openqa.selenium.remote.HttpCommandExecutor.execute(HttpCommandExecutor.java:191)
at org.openqa.selenium.remote.service.DriverCommandExecutor.invokeExecute(DriverCommandExecutor.java:196)
at org.openqa.selenium.remote.service.DriverCommandExecutor.execute(DriverCommandExecutor.java:171)
at org.openqa.selenium.remote.RemoteWebDriver.execute(RemoteWebDriver.java:602)
at org.openqa.selenium.remote.ElementLocation$ElementFinder$2.findElement(ElementLocation.java:165)
at org.openqa.selenium.remote.ElementLocation.findElement(ElementLocation.java:59)
at org.openqa.selenium.remote.RemoteWebDriver.findElement(RemoteWebDriver.java:359)
at org.openqa.selenium.remote.RemoteWebDriver.findElement(RemoteWebDriver.java:353)
at org.openqa.selenium.support.pagefactory.DefaultElementLocator.findElement(DefaultElementLocator.java:68)
at org.openqa.selenium.support.pagefactory.internal.LocatingElementHandler.invoke(LocatingElementHandler.java:38)
at com.sun.proxy.$Proxy14.click(Unknown Source)
at org.youCater.configurationsAndElements.AddEventElements.goToHomePage(AddEventElements.java:243)
at org.youCater.sanityTestCases.AddCorporateEventTestCases.corporateGoToHomePage(AddCorporateEventTestCases.java:265)
at java.base/java.util.ArrayList.forEach(ArrayList.java:1541)
... Removed 35 stack frames]]>
    </failure>
  </testcase> <!-- corporateGoToHomePage -->
</testsuite> <!-- AddEventSanityTestCases -->
