<?xml version="1.0" encoding="UTF-8"?>
<!-- Generated by org.testng.reporters.JUnitXMLReporter -->
<testsuite ignored="0" hostname="DESKTOP-QI6H2EA" failures="1" tests="15" name="AddPrivateEventTestCases" time="162.035" errors="0" timestamp="2023-10-31T16:20:30 PKT">
  <testcase classname="org.youCater.testCases.AddPrivateEventTestCases" name="eventTypeSelection" time="6.8"/>
  <testcase classname="org.youCater.testCases.AddPrivateEventTestCases" name="occasionTypeSelection" time="16.33"/>
  <testcase classname="org.youCater.testCases.AddPrivateEventTestCases" name="dateAndTimeSelection" time="3.327"/>
  <testcase classname="org.youCater.testCases.AddPrivateEventTestCases" name="guestSelection" time="5.037"/>
  <testcase classname="org.youCater.testCases.AddPrivateEventTestCases" name="budgetSelection" time="4.705"/>
  <testcase classname="org.youCater.testCases.AddPrivateEventTestCases" name="providerSelection" time="3.567"/>
  <testcase classname="org.youCater.testCases.AddPrivateEventTestCases" name="foodTypeSelection" time="13.194"/>
  <testcase classname="org.youCater.testCases.AddPrivateEventTestCases" name="serviceStyleSelection" time="15.948"/>
  <testcase classname="org.youCater.testCases.AddPrivateEventTestCases" name="dietaryRequirementsSelection" time="5.351"/>
  <testcase classname="org.youCater.testCases.AddPrivateEventTestCases" name="additionalServicesSelection" time="8.357"/>
  <testcase classname="org.youCater.testCases.AddPrivateEventTestCases" name="eventVenueSelection" time="31.754"/>
  <testcase classname="org.youCater.testCases.AddPrivateEventTestCases" name="signIn" time="9.577"/>
  <testcase classname="org.youCater.testCases.AddPrivateEventTestCases" name="verifyOTP" time="2.42"/>
  <testcase classname="org.youCater.testCases.AddPrivateEventTestCases" name="signUp" time="15.079">
    <failure type="org.openqa.selenium.NoSuchElementException" message="no such element: Unable to locate element: {&amp;quot;method&amp;quot;:&amp;quot;css selector&amp;quot;,&amp;quot;selector&amp;quot;:&amp;quot;#fullName&amp;quot;}
  (Session info: chrome=118.0.5993.118)
For documentation on this error, please visit: https://www.selenium.dev/documentation/webdriver/troubleshooting/errors#no-such-element-exception
Build info: version: &amp;apos;4.12.1&amp;apos;, revision: &amp;apos;8e34639b11&amp;apos;
System info: os.name: &amp;apos;Windows 10&amp;apos;, os.arch: &amp;apos;amd64&amp;apos;, os.version: &amp;apos;10.0&amp;apos;, java.version: &amp;apos;11.0.18&amp;apos;
Driver info: org.openqa.selenium.chrome.ChromeDriver
Command: [7ad57e5e8623ef1cf2c662f6088390d9, findElement {using=id, value=fullName}]
Capabilities {acceptInsecureCerts: false, browserName: chrome, browserVersion: 118.0.5993.118, chrome: {chromedriverVersion: 118.0.5993.70 (e52f33f30b91..., userDataDir: C:\Users\Admin\AppData\Loca...}, fedcm:accounts: true, goog:chromeOptions: {debuggerAddress: localhost:54255}, networkConnectionEnabled: false, pageLoadStrategy: normal, platformName: windows, proxy: Proxy(), se:cdp: ws://localhost:54255/devtoo..., se:cdpVersion: 118.0.5993.118, setWindowRect: true, strictFileInteractability: false, timeouts: {implicit: 0, pageLoad: 300000, script: 30000}, unhandledPromptBehavior: dismiss and notify, webauthn:extension:credBlob: true, webauthn:extension:largeBlob: true, webauthn:extension:minPinLength: true, webauthn:extension:prf: true, webauthn:virtualAuthenticators: true}
Session ID: 7ad57e5e8623ef1cf2c662f6088390d9">
      <![CDATA[org.openqa.selenium.NoSuchElementException: no such element: Unable to locate element: {"method":"css selector","selector":"#fullName"}
  (Session info: chrome=118.0.5993.118)
For documentation on this error, please visit: https://www.selenium.dev/documentation/webdriver/troubleshooting/errors#no-such-element-exception
Build info: version: '4.12.1', revision: '8e34639b11'
System info: os.name: 'Windows 10', os.arch: 'amd64', os.version: '10.0', java.version: '11.0.18'
Driver info: org.openqa.selenium.chrome.ChromeDriver
Command: [7ad57e5e8623ef1cf2c662f6088390d9, findElement {using=id, value=fullName}]
Capabilities {acceptInsecureCerts: false, browserName: chrome, browserVersion: 118.0.5993.118, chrome: {chromedriverVersion: 118.0.5993.70 (e52f33f30b91..., userDataDir: C:\Users\Admin\AppData\Loca...}, fedcm:accounts: true, goog:chromeOptions: {debuggerAddress: localhost:54255}, networkConnectionEnabled: false, pageLoadStrategy: normal, platformName: windows, proxy: Proxy(), se:cdp: ws://localhost:54255/devtoo..., se:cdpVersion: 118.0.5993.118, setWindowRect: true, strictFileInteractability: false, timeouts: {implicit: 0, pageLoad: 300000, script: 30000}, unhandledPromptBehavior: dismiss and notify, webauthn:extension:credBlob: true, webauthn:extension:largeBlob: true, webauthn:extension:minPinLength: true, webauthn:extension:prf: true, webauthn:virtualAuthenticators: true}
Session ID: 7ad57e5e8623ef1cf2c662f6088390d9
at org.openqa.selenium.remote.codec.w3c.W3CHttpResponseCodec.createException(W3CHttpResponseCodec.java:200)
at org.openqa.selenium.remote.codec.w3c.W3CHttpResponseCodec.decode(W3CHttpResponseCodec.java:133)
at org.openqa.selenium.remote.codec.w3c.W3CHttpResponseCodec.decode(W3CHttpResponseCodec.java:52)
at org.openqa.selenium.remote.HttpCommandExecutor.execute(HttpCommandExecutor.java:191)
at org.openqa.selenium.remote.service.DriverCommandExecutor.invokeExecute(DriverCommandExecutor.java:196)
at org.openqa.selenium.remote.service.DriverCommandExecutor.execute(DriverCommandExecutor.java:171)
at org.openqa.selenium.remote.RemoteWebDriver.execute(RemoteWebDriver.java:602)
at org.openqa.selenium.remote.ElementLocation$ElementFinder$2.findElement(ElementLocation.java:165)
at org.openqa.selenium.remote.ElementLocation.findElement(ElementLocation.java:59)
at org.openqa.selenium.remote.RemoteWebDriver.findElement(RemoteWebDriver.java:359)
at org.openqa.selenium.remote.RemoteWebDriver.findElement(RemoteWebDriver.java:353)
at org.youCater.testCases.AddPrivateEventTestCases.signUp(AddPrivateEventTestCases.java:197)
at java.base/java.util.ArrayList.forEach(ArrayList.java:1541)
... Removed 35 stack frames]]>
    </failure>
  </testcase> <!-- signUp -->
  <testcase classname="org.youCater.testCases.AddPrivateEventTestCases" name="eventSummary" time="13.562"/>
</testsuite> <!-- AddPrivateEventTestCases -->
