<?xml version="1.0" encoding="UTF-8"?>
<!-- Generated by org.testng.reporters.JUnitXMLReporter -->
<testsuite ignored="0" hostname="DESKTOP-QI6H2EA" failures="1" tests="8" name="RequestAcceptanceAndQuoteSubmission" time="53.22" errors="0" timestamp="2023-11-27T15:15:14 PKT">
  <testcase classname="org.youCater.ventorSanitytestCases.RequestAcceptanceAndQuoteSubmissionTestCases" name="goToActiveEvents" time="2.157"/>
  <testcase classname="org.youCater.ventorSanitytestCases.RequestAcceptanceAndQuoteSubmissionTestCases" name="goToDirectEvents" time="2.35"/>
  <testcase classname="org.youCater.ventorSanitytestCases.RequestAcceptanceAndQuoteSubmissionTestCases" name="selectADirectEvent" time="0.699"/>
  <testcase classname="org.youCater.ventorSanitytestCases.RequestAcceptanceAndQuoteSubmissionTestCases" name="checkDetails" time="8.342"/>
  <testcase classname="org.youCater.ventorSanitytestCases.RequestAcceptanceAndQuoteSubmissionTestCases" name="acceptRequest" time="6.443"/>
  <testcase classname="org.youCater.ventorSanitytestCases.RequestAcceptanceAndQuoteSubmissionTestCases" name="goToChatMenu" time="15.684">
    <failure type="org.openqa.selenium.NoSuchElementException" message="no such element: Unable to locate element: {&amp;quot;method&amp;quot;:&amp;quot;xpath&amp;quot;,&amp;quot;selector&amp;quot;:&amp;quot;//span[contains(@class,&amp;quot;sendbird-message-input&amp;quot;)]&amp;quot;}
  (Session info: chrome=119.0.6045.160)
For documentation on this error, please visit: https://selenium.dev/exceptions/#no_such_element
Build info: version: &amp;apos;4.8.1&amp;apos;, revision: &amp;apos;8ebccac989&amp;apos;
System info: os.name: &amp;apos;Windows 10&amp;apos;, os.arch: &amp;apos;amd64&amp;apos;, os.version: &amp;apos;10.0&amp;apos;, java.version: &amp;apos;17.0.5&amp;apos;
Driver info: org.openqa.selenium.chrome.ChromeDriver
Command: [86d651e900c770906b10ebd4e28b9643, findElement {using=xpath, value=//span[contains(@class,&amp;quot;sendbird-message-input&amp;quot;)]}]
Capabilities {acceptInsecureCerts: false, browserName: chrome, browserVersion: 119.0.6045.160, chrome: {chromedriverVersion: 119.0.6045.105 (38c72552c5e..., userDataDir: C:\Users\Admin\AppData\Loca...}, fedcm:accounts: true, goog:chromeOptions: {debuggerAddress: localhost:57226}, networkConnectionEnabled: false, pageLoadStrategy: normal, platformName: WINDOWS, proxy: Proxy(), se:cdp: ws://localhost:57226/devtoo..., se:cdpVersion: 119.0.6045.160, setWindowRect: true, strictFileInteractability: false, timeouts: {implicit: 0, pageLoad: 300000, script: 30000}, unhandledPromptBehavior: dismiss and notify, webauthn:extension:credBlob: true, webauthn:extension:largeBlob: true, webauthn:extension:minPinLength: true, webauthn:extension:prf: true, webauthn:virtualAuthenticators: true}
Session ID: 86d651e900c770906b10ebd4e28b9643">
      <![CDATA[org.openqa.selenium.NoSuchElementException: no such element: Unable to locate element: {"method":"xpath","selector":"//span[contains(@class,"sendbird-message-input")]"}
  (Session info: chrome=119.0.6045.160)
For documentation on this error, please visit: https://selenium.dev/exceptions/#no_such_element
Build info: version: '4.8.1', revision: '8ebccac989'
System info: os.name: 'Windows 10', os.arch: 'amd64', os.version: '10.0', java.version: '17.0.5'
Driver info: org.openqa.selenium.chrome.ChromeDriver
Command: [86d651e900c770906b10ebd4e28b9643, findElement {using=xpath, value=//span[contains(@class,"sendbird-message-input")]}]
Capabilities {acceptInsecureCerts: false, browserName: chrome, browserVersion: 119.0.6045.160, chrome: {chromedriverVersion: 119.0.6045.105 (38c72552c5e..., userDataDir: C:\Users\Admin\AppData\Loca...}, fedcm:accounts: true, goog:chromeOptions: {debuggerAddress: localhost:57226}, networkConnectionEnabled: false, pageLoadStrategy: normal, platformName: WINDOWS, proxy: Proxy(), se:cdp: ws://localhost:57226/devtoo..., se:cdpVersion: 119.0.6045.160, setWindowRect: true, strictFileInteractability: false, timeouts: {implicit: 0, pageLoad: 300000, script: 30000}, unhandledPromptBehavior: dismiss and notify, webauthn:extension:credBlob: true, webauthn:extension:largeBlob: true, webauthn:extension:minPinLength: true, webauthn:extension:prf: true, webauthn:virtualAuthenticators: true}
Session ID: 86d651e900c770906b10ebd4e28b9643
at org.openqa.selenium.remote.codec.w3c.W3CHttpResponseCodec.createException(W3CHttpResponseCodec.java:200)
at org.openqa.selenium.remote.codec.w3c.W3CHttpResponseCodec.decode(W3CHttpResponseCodec.java:133)
at org.openqa.selenium.remote.codec.w3c.W3CHttpResponseCodec.decode(W3CHttpResponseCodec.java:53)
at org.openqa.selenium.remote.HttpCommandExecutor.execute(HttpCommandExecutor.java:184)
at org.openqa.selenium.remote.service.DriverCommandExecutor.invokeExecute(DriverCommandExecutor.java:167)
at org.openqa.selenium.remote.service.DriverCommandExecutor.execute(DriverCommandExecutor.java:142)
at org.openqa.selenium.remote.RemoteWebDriver.execute(RemoteWebDriver.java:543)
at org.openqa.selenium.remote.ElementLocation$ElementFinder$2.findElement(ElementLocation.java:162)
at org.openqa.selenium.remote.ElementLocation.findElement(ElementLocation.java:60)
at org.openqa.selenium.remote.RemoteWebDriver.findElement(RemoteWebDriver.java:352)
at org.openqa.selenium.remote.RemoteWebDriver.findElement(RemoteWebDriver.java:344)
at org.openqa.selenium.support.pagefactory.DefaultElementLocator.findElement(DefaultElementLocator.java:70)
at org.openqa.selenium.support.pagefactory.internal.LocatingElementHandler.invoke(LocatingElementHandler.java:39)
at jdk.proxy2/jdk.proxy2.$Proxy16.sendKeys(Unknown Source)
at org.youCater.vendorConfigurationsAndElements.VendorEventDirectoryElements.sendMessage(VendorEventDirectoryElements.java:106)
at org.youCater.ventorSanitytestCases.RequestAcceptanceAndQuoteSubmissionTestCases.goToChatMenu(RequestAcceptanceAndQuoteSubmissionTestCases.java:83)
at java.base/java.util.ArrayList.forEach(ArrayList.java:1511)
... Removed 32 stack frames]]>
    </failure>
  </testcase> <!-- goToChatMenu -->
  <testcase classname="org.youCater.ventorSanitytestCases.RequestAcceptanceAndQuoteSubmissionTestCases" name="goToMyQuoteMenu" time="3.3"/>
  <testcase classname="org.youCater.ventorSanitytestCases.RequestAcceptanceAndQuoteSubmissionTestCases" name="submitQuote" time="13.77"/>
</testsuite> <!-- RequestAcceptanceAndQuoteSubmission -->
