<html>
<head>
<title>TestNG:  UserSanityTestCases</title>
<link href="../testng.css" rel="stylesheet" type="text/css" />
<link href="../my-testng.css" rel="stylesheet" type="text/css" />

<style type="text/css">
.log { display: none;} 
.stack-trace { display: none;} 
</style>
<script type="text/javascript">
<!--
function flip(e) {
  current = e.style.display;
  if (current == 'block') {
    e.style.display = 'none';
    return 0;
  }
  else {
    e.style.display = 'block';
    return 1;
  }
}

function toggleBox(szDivId, elem, msg1, msg2)
{
  var res = -1;  if (document.getElementById) {
    res = flip(document.getElementById(szDivId));
  }
  else if (document.all) {
    // this is the way old msie versions work
    res = flip(document.all[szDivId]);
  }
  if(elem) {
    if(res == 0) elem.innerHTML = msg1; else elem.innerHTML = msg2;
  }

}

function toggleAllBoxes() {
  if (document.getElementsByTagName) {
    d = document.getElementsByTagName('div');
    for (i = 0; i < d.length; i++) {
      if (d[i].className == 'log') {
        flip(d[i]);
      }
    }
  }
}

// -->
</script>

</head>
<body>
<h2 align='center'>UserSanityTestCases</h2><table border='1' align="center">
<tr>
<td>Tests passed/Failed/Skipped:</td><td>48/3/0</td>
</tr><tr>
<td>Started on:</td><td>Fri Nov 24 15:43:47 PKT 2023</td>
</tr>
<tr><td>Total time:</td><td>644 seconds (644146 ms)</td>
</tr><tr>
<td>Included groups:</td><td></td>
</tr><tr>
<td>Excluded groups:</td><td></td>
</tr>
</table><p/>
<small><i>(Hover the method name to see the test class name)</i></small><p/>
<table width='100%' border='1' class='invocation-failed'>
<tr><td colspan='4' align='center'><b>FAILED TESTS</b></td></tr>
<tr><td><b>Test method</b></td>
<td width="30%"><b>Exception</b></td>
<td width="10%"><b>Time (seconds)</b></td>
<td><b>Instance</b></td>
</tr>
<tr>
<td title='org.youCater.ventorSanitytestCases.RequestAcceptanceAndQuoteSubmissionTestCases.goToChatMenu()'><b>goToChatMenu</b><br>Test class: org.youCater.ventorSanitytestCases.RequestAcceptanceAndQuoteSubmissionTestCases</td>
<td><div><pre>org.openqa.selenium.ElementNotInteractableException: element not interactable
  (Session info: chrome=119.0.6045.160)
Build info: version: &apos;4.8.1&apos;, revision: &apos;8ebccac989&apos;
System info: os.name: &apos;Windows 10&apos;, os.arch: &apos;amd64&apos;, os.version: &apos;10.0&apos;, java.version: &apos;17.0.5&apos;
Driver info: org.openqa.selenium.chrome.ChromeDriver
Command: [390aa4e588f884a1a25c16886cafae00, sendKeysToElement {id=0D304947244D6080139A31429C4EF37B_element_69, value=[Ljava.lang.CharSequence;@6cc8c13c}]
Capabilities {acceptInsecureCerts: false, browserName: chrome, browserVersion: 119.0.6045.160, chrome: {chromedriverVersion: 119.0.6045.105 (38c72552c5e..., userDataDir: C:\Users\Admin\AppData\Loca...}, fedcm:accounts: true, goog:chromeOptions: {debuggerAddress: localhost:51813}, networkConnectionEnabled: false, pageLoadStrategy: normal, platformName: WINDOWS, proxy: Proxy(), se:cdp: ws://localhost:51813/devtoo..., se:cdpVersion: 119.0.6045.160, setWindowRect: true, strictFileInteractability: false, timeouts: {implicit: 0, pageLoad: 300000, script: 30000}, unhandledPromptBehavior: dismiss and notify, webauthn:extension:credBlob: true, webauthn:extension:largeBlob: true, webauthn:extension:minPinLength: true, webauthn:extension:prf: true, webauthn:virtualAuthenticators: true}
Element: [[ChromeDriver: chrome on WINDOWS (390aa4e588f884a1a25c16886cafae00)] -&gt; xpath: //span[contains(@class,&quot;sendbird-message-input&quot;)]]
Session ID: 390aa4e588f884a1a25c16886cafae00
	at org.openqa.selenium.remote.codec.w3c.W3CHttpResponseCodec.createException(W3CHttpResponseCodec.java:200)
	at org.openqa.selenium.remote.codec.w3c.W3CHttpResponseCodec.decode(W3CHttpResponseCodec.java:133)
	at org.openqa.selenium.remote.codec.w3c.W3CHttpResponseCodec.decode(W3CHttpResponseCodec.java:53)
	at org.openqa.selenium.remote.HttpCommandExecutor.execute(HttpCommandExecutor.java:184)
	at org.openqa.selenium.remote.service.DriverCommandExecutor.invokeExecute(DriverCommandExecutor.java:167)
	at org.openqa.selenium.remote.service.DriverCommandExecutor.execute(DriverCommandExecutor.java:142)
	at org.openqa.selenium.remote.RemoteWebDriver.execute(RemoteWebDriver.java:543)
	at org.openqa.selenium.remote.RemoteWebElement.execute(RemoteWebElement.java:257)
	at org.openqa.selenium.remote.RemoteWebElement.sendKeys(RemoteWebElement.java:113)
	at org.openqa.selenium.support.pagefactory.internal.LocatingElementHandler.invoke(LocatingElementHandler.java:52)
	at jdk.proxy2/jdk.proxy2.$Proxy16.sendKeys(Unknown Source)
	at org.youCater.vendorConfigurationsAndElements.VendorEventDirectoryElements.sendMessage(VendorEventDirectoryElements.java:106)
	at org.youCater.ventorSanitytestCases.RequestAcceptanceAndQuoteSubmissionTestCases.goToChatMenu(RequestAcceptanceAndQuoteSubmissionTestCases.java:83)
	at java.base/java.util.ArrayList.forEach(ArrayList.java:1511)
... Removed 35 stack frames</pre></div><a href='#' onClick='toggleBox("stack-trace547647542", this, "Click to show all stack frames", "Click to hide stack frames")'>Click to show all stack frames</a>
<div class='stack-trace' id='stack-trace547647542'><pre>org.openqa.selenium.ElementNotInteractableException: element not interactable
  (Session info: chrome=119.0.6045.160)
Build info: version: &apos;4.8.1&apos;, revision: &apos;8ebccac989&apos;
System info: os.name: &apos;Windows 10&apos;, os.arch: &apos;amd64&apos;, os.version: &apos;10.0&apos;, java.version: &apos;17.0.5&apos;
Driver info: org.openqa.selenium.chrome.ChromeDriver
Command: [390aa4e588f884a1a25c16886cafae00, sendKeysToElement {id=0D304947244D6080139A31429C4EF37B_element_69, value=[Ljava.lang.CharSequence;@6cc8c13c}]
Capabilities {acceptInsecureCerts: false, browserName: chrome, browserVersion: 119.0.6045.160, chrome: {chromedriverVersion: 119.0.6045.105 (38c72552c5e..., userDataDir: C:\Users\Admin\AppData\Loca...}, fedcm:accounts: true, goog:chromeOptions: {debuggerAddress: localhost:51813}, networkConnectionEnabled: false, pageLoadStrategy: normal, platformName: WINDOWS, proxy: Proxy(), se:cdp: ws://localhost:51813/devtoo..., se:cdpVersion: 119.0.6045.160, setWindowRect: true, strictFileInteractability: false, timeouts: {implicit: 0, pageLoad: 300000, script: 30000}, unhandledPromptBehavior: dismiss and notify, webauthn:extension:credBlob: true, webauthn:extension:largeBlob: true, webauthn:extension:minPinLength: true, webauthn:extension:prf: true, webauthn:virtualAuthenticators: true}
Element: [[ChromeDriver: chrome on WINDOWS (390aa4e588f884a1a25c16886cafae00)] -&gt; xpath: //span[contains(@class,&quot;sendbird-message-input&quot;)]]
Session ID: 390aa4e588f884a1a25c16886cafae00
	at java.base/jdk.internal.reflect.NativeConstructorAccessorImpl.newInstance0(Native Method)
	at java.base/jdk.internal.reflect.NativeConstructorAccessorImpl.newInstance(NativeConstructorAccessorImpl.java:77)
	at java.base/jdk.internal.reflect.DelegatingConstructorAccessorImpl.newInstance(DelegatingConstructorAccessorImpl.java:45)
	at java.base/java.lang.reflect.Constructor.newInstanceWithCaller(Constructor.java:499)
	at java.base/java.lang.reflect.Constructor.newInstance(Constructor.java:480)
	at org.openqa.selenium.remote.codec.w3c.W3CHttpResponseCodec.createException(W3CHttpResponseCodec.java:200)
	at org.openqa.selenium.remote.codec.w3c.W3CHttpResponseCodec.decode(W3CHttpResponseCodec.java:133)
	at org.openqa.selenium.remote.codec.w3c.W3CHttpResponseCodec.decode(W3CHttpResponseCodec.java:53)
	at org.openqa.selenium.remote.HttpCommandExecutor.execute(HttpCommandExecutor.java:184)
	at org.openqa.selenium.remote.service.DriverCommandExecutor.invokeExecute(DriverCommandExecutor.java:167)
	at org.openqa.selenium.remote.service.DriverCommandExecutor.execute(DriverCommandExecutor.java:142)
	at org.openqa.selenium.remote.RemoteWebDriver.execute(RemoteWebDriver.java:543)
	at org.openqa.selenium.remote.RemoteWebElement.execute(RemoteWebElement.java:257)
	at org.openqa.selenium.remote.RemoteWebElement.sendKeys(RemoteWebElement.java:113)
	at jdk.internal.reflect.GeneratedMethodAccessor2.invoke(Unknown Source)
	at java.base/jdk.internal.reflect.DelegatingMethodAccessorImpl.invoke(DelegatingMethodAccessorImpl.java:43)
	at java.base/java.lang.reflect.Method.invoke(Method.java:568)
	at org.openqa.selenium.support.pagefactory.internal.LocatingElementHandler.invoke(LocatingElementHandler.java:52)
	at jdk.proxy2/jdk.proxy2.$Proxy16.sendKeys(Unknown Source)
	at org.youCater.vendorConfigurationsAndElements.VendorEventDirectoryElements.sendMessage(VendorEventDirectoryElements.java:106)
	at org.youCater.ventorSanitytestCases.RequestAcceptanceAndQuoteSubmissionTestCases.goToChatMenu(RequestAcceptanceAndQuoteSubmissionTestCases.java:83)
	at java.base/jdk.internal.reflect.NativeMethodAccessorImpl.invoke0(Native Method)
	at java.base/jdk.internal.reflect.NativeMethodAccessorImpl.invoke(NativeMethodAccessorImpl.java:77)
	at java.base/jdk.internal.reflect.DelegatingMethodAccessorImpl.invoke(DelegatingMethodAccessorImpl.java:43)
	at java.base/java.lang.reflect.Method.invoke(Method.java:568)
	at org.testng.internal.MethodInvocationHelper.invokeMethod(MethodInvocationHelper.java:133)
	at org.testng.internal.TestInvoker.invokeMethod(TestInvoker.java:598)
	at org.testng.internal.TestInvoker.invokeTestMethod(TestInvoker.java:173)
	at org.testng.internal.MethodRunner.runInSequence(MethodRunner.java:46)
	at org.testng.internal.TestInvoker$MethodInvocationAgent.invoke(TestInvoker.java:824)
	at org.testng.internal.TestInvoker.invokeTestMethods(TestInvoker.java:146)
	at org.testng.internal.TestMethodWorker.invokeTestMethods(TestMethodWorker.java:146)
	at org.testng.internal.TestMethodWorker.run(TestMethodWorker.java:128)
	at java.base/java.util.ArrayList.forEach(ArrayList.java:1511)
	at org.testng.TestRunner.privateRun(TestRunner.java:794)
	at org.testng.TestRunner.run(TestRunner.java:596)
	at org.testng.SuiteRunner.runTest(SuiteRunner.java:377)
	at org.testng.SuiteRunner.runSequentially(SuiteRunner.java:371)
	at org.testng.SuiteRunner.privateRun(SuiteRunner.java:332)
	at org.testng.SuiteRunner.run(SuiteRunner.java:276)
	at org.testng.SuiteRunnerWorker.runSuite(SuiteRunnerWorker.java:53)
	at org.testng.SuiteRunnerWorker.run(SuiteRunnerWorker.java:96)
	at org.testng.TestNG.runSuitesSequentially(TestNG.java:1212)
	at org.testng.TestNG.runSuitesLocally(TestNG.java:1134)
	at org.testng.TestNG.runSuites(TestNG.java:1063)
	at org.testng.TestNG.run(TestNG.java:1031)
	at org.testng.remote.AbstractRemoteTestNG.run(AbstractRemoteTestNG.java:115)
	at org.testng.remote.RemoteTestNG.initAndRun(RemoteTestNG.java:251)
	at org.testng.remote.RemoteTestNG.main(RemoteTestNG.java:77)
</pre></div></td>
<td>7</td>
<td>org.youCater.ventorSanitytestCases.RequestAcceptanceAndQuoteSubmissionTestCases@3e104d4b</td></tr>
<tr>
<td title='org.youCater.ventorSanitytestCases.DeclineRequestTestCases.declineRequest()'><b>declineRequest</b><br>Test class: org.youCater.ventorSanitytestCases.DeclineRequestTestCases</td>
<td><div><pre>org.openqa.selenium.NoSuchElementException: no such element: Unable to locate element: {&quot;method&quot;:&quot;xpath&quot;,&quot;selector&quot;:&quot;//*[text()=&quot;Direct Request&quot;]&quot;}
  (Session info: chrome=119.0.6045.160)
For documentation on this error, please visit: https://selenium.dev/exceptions/#no_such_element
Build info: version: &apos;4.8.1&apos;, revision: &apos;8ebccac989&apos;
System info: os.name: &apos;Windows 10&apos;, os.arch: &apos;amd64&apos;, os.version: &apos;10.0&apos;, java.version: &apos;17.0.5&apos;
Driver info: org.openqa.selenium.chrome.ChromeDriver
Command: [390aa4e588f884a1a25c16886cafae00, findElement {using=xpath, value=//*[text()=&quot;Direct Request&quot;]}]
Capabilities {acceptInsecureCerts: false, browserName: chrome, browserVersion: 119.0.6045.160, chrome: {chromedriverVersion: 119.0.6045.105 (38c72552c5e..., userDataDir: C:\Users\Admin\AppData\Loca...}, fedcm:accounts: true, goog:chromeOptions: {debuggerAddress: localhost:51813}, networkConnectionEnabled: false, pageLoadStrategy: normal, platformName: WINDOWS, proxy: Proxy(), se:cdp: ws://localhost:51813/devtoo..., se:cdpVersion: 119.0.6045.160, setWindowRect: true, strictFileInteractability: false, timeouts: {implicit: 0, pageLoad: 300000, script: 30000}, unhandledPromptBehavior: dismiss and notify, webauthn:extension:credBlob: true, webauthn:extension:largeBlob: true, webauthn:extension:minPinLength: true, webauthn:extension:prf: true, webauthn:virtualAuthenticators: true}
Session ID: 390aa4e588f884a1a25c16886cafae00
	at org.openqa.selenium.remote.codec.w3c.W3CHttpResponseCodec.createException(W3CHttpResponseCodec.java:200)
	at org.openqa.selenium.remote.codec.w3c.W3CHttpResponseCodec.decode(W3CHttpResponseCodec.java:133)
	at org.openqa.selenium.remote.codec.w3c.W3CHttpResponseCodec.decode(W3CHttpResponseCodec.java:53)
	at org.openqa.selenium.remote.HttpCommandExecutor.execute(HttpCommandExecutor.java:184)
	at org.openqa.selenium.remote.service.DriverCommandExecutor.invokeExecute(DriverCommandExecutor.java:167)
	at org.openqa.selenium.remote.service.DriverCommandExecutor.execute(DriverCommandExecutor.java:142)
	at org.openqa.selenium.remote.RemoteWebDriver.execute(RemoteWebDriver.java:543)
	at org.openqa.selenium.remote.ElementLocation$ElementFinder$2.findElement(ElementLocation.java:162)
	at org.openqa.selenium.remote.ElementLocation.findElement(ElementLocation.java:60)
	at org.openqa.selenium.remote.RemoteWebDriver.findElement(RemoteWebDriver.java:352)
	at org.openqa.selenium.remote.RemoteWebDriver.findElement(RemoteWebDriver.java:344)
	at org.openqa.selenium.support.pagefactory.DefaultElementLocator.findElement(DefaultElementLocator.java:70)
	at org.openqa.selenium.support.pagefactory.internal.LocatingElementHandler.invoke(LocatingElementHandler.java:39)
	at jdk.proxy2/jdk.proxy2.$Proxy16.click(Unknown Source)
	at org.youCater.vendorConfigurationsAndElements.VendorActiveEventsElements.goToDirectRequestMenu(VendorActiveEventsElements.java:40)
	at org.youCater.ventorSanitytestCases.RequestAcceptanceAndQuoteSubmissionTestCases.goToDirectEvents(RequestAcceptanceAndQuoteSubmissionTestCases.java:45)
	at org.youCater.ventorSanitytestCases.DeclineRequestTestCases.declineRequest(DeclineRequestTestCases.java:39)
	at java.base/java.util.ArrayList.forEach(ArrayList.java:1511)
... Removed 32 stack frames</pre></div><a href='#' onClick='toggleBox("stack-trace772085411", this, "Click to show all stack frames", "Click to hide stack frames")'>Click to show all stack frames</a>
<div class='stack-trace' id='stack-trace772085411'><pre>org.openqa.selenium.NoSuchElementException: no such element: Unable to locate element: {&quot;method&quot;:&quot;xpath&quot;,&quot;selector&quot;:&quot;//*[text()=&quot;Direct Request&quot;]&quot;}
  (Session info: chrome=119.0.6045.160)
For documentation on this error, please visit: https://selenium.dev/exceptions/#no_such_element
Build info: version: &apos;4.8.1&apos;, revision: &apos;8ebccac989&apos;
System info: os.name: &apos;Windows 10&apos;, os.arch: &apos;amd64&apos;, os.version: &apos;10.0&apos;, java.version: &apos;17.0.5&apos;
Driver info: org.openqa.selenium.chrome.ChromeDriver
Command: [390aa4e588f884a1a25c16886cafae00, findElement {using=xpath, value=//*[text()=&quot;Direct Request&quot;]}]
Capabilities {acceptInsecureCerts: false, browserName: chrome, browserVersion: 119.0.6045.160, chrome: {chromedriverVersion: 119.0.6045.105 (38c72552c5e..., userDataDir: C:\Users\Admin\AppData\Loca...}, fedcm:accounts: true, goog:chromeOptions: {debuggerAddress: localhost:51813}, networkConnectionEnabled: false, pageLoadStrategy: normal, platformName: WINDOWS, proxy: Proxy(), se:cdp: ws://localhost:51813/devtoo..., se:cdpVersion: 119.0.6045.160, setWindowRect: true, strictFileInteractability: false, timeouts: {implicit: 0, pageLoad: 300000, script: 30000}, unhandledPromptBehavior: dismiss and notify, webauthn:extension:credBlob: true, webauthn:extension:largeBlob: true, webauthn:extension:minPinLength: true, webauthn:extension:prf: true, webauthn:virtualAuthenticators: true}
Session ID: 390aa4e588f884a1a25c16886cafae00
	at java.base/jdk.internal.reflect.NativeConstructorAccessorImpl.newInstance0(Native Method)
	at java.base/jdk.internal.reflect.NativeConstructorAccessorImpl.newInstance(NativeConstructorAccessorImpl.java:77)
	at java.base/jdk.internal.reflect.DelegatingConstructorAccessorImpl.newInstance(DelegatingConstructorAccessorImpl.java:45)
	at java.base/java.lang.reflect.Constructor.newInstanceWithCaller(Constructor.java:499)
	at java.base/java.lang.reflect.Constructor.newInstance(Constructor.java:480)
	at org.openqa.selenium.remote.codec.w3c.W3CHttpResponseCodec.createException(W3CHttpResponseCodec.java:200)
	at org.openqa.selenium.remote.codec.w3c.W3CHttpResponseCodec.decode(W3CHttpResponseCodec.java:133)
	at org.openqa.selenium.remote.codec.w3c.W3CHttpResponseCodec.decode(W3CHttpResponseCodec.java:53)
	at org.openqa.selenium.remote.HttpCommandExecutor.execute(HttpCommandExecutor.java:184)
	at org.openqa.selenium.remote.service.DriverCommandExecutor.invokeExecute(DriverCommandExecutor.java:167)
	at org.openqa.selenium.remote.service.DriverCommandExecutor.execute(DriverCommandExecutor.java:142)
	at org.openqa.selenium.remote.RemoteWebDriver.execute(RemoteWebDriver.java:543)
	at org.openqa.selenium.remote.ElementLocation$ElementFinder$2.findElement(ElementLocation.java:162)
	at org.openqa.selenium.remote.ElementLocation.findElement(ElementLocation.java:60)
	at org.openqa.selenium.remote.RemoteWebDriver.findElement(RemoteWebDriver.java:352)
	at org.openqa.selenium.remote.RemoteWebDriver.findElement(RemoteWebDriver.java:344)
	at org.openqa.selenium.support.pagefactory.DefaultElementLocator.findElement(DefaultElementLocator.java:70)
	at org.openqa.selenium.support.pagefactory.internal.LocatingElementHandler.invoke(LocatingElementHandler.java:39)
	at jdk.proxy2/jdk.proxy2.$Proxy16.click(Unknown Source)
	at org.youCater.vendorConfigurationsAndElements.VendorActiveEventsElements.goToDirectRequestMenu(VendorActiveEventsElements.java:40)
	at org.youCater.ventorSanitytestCases.RequestAcceptanceAndQuoteSubmissionTestCases.goToDirectEvents(RequestAcceptanceAndQuoteSubmissionTestCases.java:45)
	at org.youCater.ventorSanitytestCases.DeclineRequestTestCases.declineRequest(DeclineRequestTestCases.java:39)
	at java.base/jdk.internal.reflect.NativeMethodAccessorImpl.invoke0(Native Method)
	at java.base/jdk.internal.reflect.NativeMethodAccessorImpl.invoke(NativeMethodAccessorImpl.java:77)
	at java.base/jdk.internal.reflect.DelegatingMethodAccessorImpl.invoke(DelegatingMethodAccessorImpl.java:43)
	at java.base/java.lang.reflect.Method.invoke(Method.java:568)
	at org.testng.internal.MethodInvocationHelper.invokeMethod(MethodInvocationHelper.java:133)
	at org.testng.internal.TestInvoker.invokeMethod(TestInvoker.java:598)
	at org.testng.internal.TestInvoker.invokeTestMethod(TestInvoker.java:173)
	at org.testng.internal.MethodRunner.runInSequence(MethodRunner.java:46)
	at org.testng.internal.TestInvoker$MethodInvocationAgent.invoke(TestInvoker.java:824)
	at org.testng.internal.TestInvoker.invokeTestMethods(TestInvoker.java:146)
	at org.testng.internal.TestMethodWorker.invokeTestMethods(TestMethodWorker.java:146)
	at org.testng.internal.TestMethodWorker.run(TestMethodWorker.java:128)
	at java.base/java.util.ArrayList.forEach(ArrayList.java:1511)
	at org.testng.TestRunner.privateRun(TestRunner.java:794)
	at org.testng.TestRunner.run(TestRunner.java:596)
	at org.testng.SuiteRunner.runTest(SuiteRunner.java:377)
	at org.testng.SuiteRunner.runSequentially(SuiteRunner.java:371)
	at org.testng.SuiteRunner.privateRun(SuiteRunner.java:332)
	at org.testng.SuiteRunner.run(SuiteRunner.java:276)
	at org.testng.SuiteRunnerWorker.runSuite(SuiteRunnerWorker.java:53)
	at org.testng.SuiteRunnerWorker.run(SuiteRunnerWorker.java:96)
	at org.testng.TestNG.runSuitesSequentially(TestNG.java:1212)
	at org.testng.TestNG.runSuitesLocally(TestNG.java:1134)
	at org.testng.TestNG.runSuites(TestNG.java:1063)
	at org.testng.TestNG.run(TestNG.java:1031)
	at org.testng.remote.AbstractRemoteTestNG.run(AbstractRemoteTestNG.java:115)
	at org.testng.remote.RemoteTestNG.initAndRun(RemoteTestNG.java:251)
	at org.testng.remote.RemoteTestNG.main(RemoteTestNG.java:77)
</pre></div></td>
<td>18</td>
<td>org.youCater.ventorSanitytestCases.DeclineRequestTestCases@12c60152</td></tr>
<tr>
<td title='org.youCater.userSanityTestCases.AcceptQuoteTestCases.makePayment()'><b>makePayment</b><br>Test class: org.youCater.userSanityTestCases.AcceptQuoteTestCases<br>Test method: StripePaymentScreen: Verify payment funtionality</td>
<td><div><pre>org.openqa.selenium.NoSuchElementException: no such element: Unable to locate element: {&quot;method&quot;:&quot;css selector&quot;,&quot;selector&quot;:&quot;#email&quot;}
  (Session info: chrome=119.0.6045.160)
For documentation on this error, please visit: https://selenium.dev/exceptions/#no_such_element
Build info: version: &apos;4.8.1&apos;, revision: &apos;8ebccac989&apos;
System info: os.name: &apos;Windows 10&apos;, os.arch: &apos;amd64&apos;, os.version: &apos;10.0&apos;, java.version: &apos;17.0.5&apos;
Driver info: org.openqa.selenium.chrome.ChromeDriver
Command: [1d3a5c552b7e38d6edc3d24305fbdc8b, findElement {using=id, value=email}]
Capabilities {acceptInsecureCerts: false, browserName: chrome, browserVersion: 119.0.6045.160, chrome: {chromedriverVersion: 119.0.6045.105 (38c72552c5e..., userDataDir: C:\Users\Admin\AppData\Loca...}, fedcm:accounts: true, goog:chromeOptions: {debuggerAddress: localhost:51789}, networkConnectionEnabled: false, pageLoadStrategy: normal, platformName: WINDOWS, proxy: Proxy(), se:cdp: ws://localhost:51789/devtoo..., se:cdpVersion: 119.0.6045.160, setWindowRect: true, strictFileInteractability: false, timeouts: {implicit: 0, pageLoad: 300000, script: 30000}, unhandledPromptBehavior: dismiss and notify, webauthn:extension:credBlob: true, webauthn:extension:largeBlob: true, webauthn:extension:minPinLength: true, webauthn:extension:prf: true, webauthn:virtualAuthenticators: true}
Session ID: 1d3a5c552b7e38d6edc3d24305fbdc8b
	at org.openqa.selenium.remote.codec.w3c.W3CHttpResponseCodec.createException(W3CHttpResponseCodec.java:200)
	at org.openqa.selenium.remote.codec.w3c.W3CHttpResponseCodec.decode(W3CHttpResponseCodec.java:133)
	at org.openqa.selenium.remote.codec.w3c.W3CHttpResponseCodec.decode(W3CHttpResponseCodec.java:53)
	at org.openqa.selenium.remote.HttpCommandExecutor.execute(HttpCommandExecutor.java:184)
	at org.openqa.selenium.remote.service.DriverCommandExecutor.invokeExecute(DriverCommandExecutor.java:167)
	at org.openqa.selenium.remote.service.DriverCommandExecutor.execute(DriverCommandExecutor.java:142)
	at org.openqa.selenium.remote.RemoteWebDriver.execute(RemoteWebDriver.java:543)
	at org.openqa.selenium.remote.ElementLocation$ElementFinder$2.findElement(ElementLocation.java:162)
	at org.openqa.selenium.remote.ElementLocation.findElement(ElementLocation.java:60)
	at org.openqa.selenium.remote.RemoteWebDriver.findElement(RemoteWebDriver.java:352)
	at org.openqa.selenium.remote.RemoteWebDriver.findElement(RemoteWebDriver.java:344)
	at org.openqa.selenium.support.pagefactory.DefaultElementLocator.findElement(DefaultElementLocator.java:70)
	at org.openqa.selenium.support.pagefactory.internal.LocatingElementHandler.invoke(LocatingElementHandler.java:39)
	at jdk.proxy2/jdk.proxy2.$Proxy16.sendKeys(Unknown Source)
	at org.youCater.userConfigurationsAndElements.AcceptQuoteElements.enterEmail(AcceptQuoteElements.java:141)
	at org.youCater.userSanityTestCases.AcceptQuoteTestCases.makePayment(AcceptQuoteTestCases.java:111)
	at java.base/java.util.ArrayList.forEach(ArrayList.java:1511)
... Removed 32 stack frames</pre></div><a href='#' onClick='toggleBox("stack-trace762541694", this, "Click to show all stack frames", "Click to hide stack frames")'>Click to show all stack frames</a>
<div class='stack-trace' id='stack-trace762541694'><pre>org.openqa.selenium.NoSuchElementException: no such element: Unable to locate element: {&quot;method&quot;:&quot;css selector&quot;,&quot;selector&quot;:&quot;#email&quot;}
  (Session info: chrome=119.0.6045.160)
For documentation on this error, please visit: https://selenium.dev/exceptions/#no_such_element
Build info: version: &apos;4.8.1&apos;, revision: &apos;8ebccac989&apos;
System info: os.name: &apos;Windows 10&apos;, os.arch: &apos;amd64&apos;, os.version: &apos;10.0&apos;, java.version: &apos;17.0.5&apos;
Driver info: org.openqa.selenium.chrome.ChromeDriver
Command: [1d3a5c552b7e38d6edc3d24305fbdc8b, findElement {using=id, value=email}]
Capabilities {acceptInsecureCerts: false, browserName: chrome, browserVersion: 119.0.6045.160, chrome: {chromedriverVersion: 119.0.6045.105 (38c72552c5e..., userDataDir: C:\Users\Admin\AppData\Loca...}, fedcm:accounts: true, goog:chromeOptions: {debuggerAddress: localhost:51789}, networkConnectionEnabled: false, pageLoadStrategy: normal, platformName: WINDOWS, proxy: Proxy(), se:cdp: ws://localhost:51789/devtoo..., se:cdpVersion: 119.0.6045.160, setWindowRect: true, strictFileInteractability: false, timeouts: {implicit: 0, pageLoad: 300000, script: 30000}, unhandledPromptBehavior: dismiss and notify, webauthn:extension:credBlob: true, webauthn:extension:largeBlob: true, webauthn:extension:minPinLength: true, webauthn:extension:prf: true, webauthn:virtualAuthenticators: true}
Session ID: 1d3a5c552b7e38d6edc3d24305fbdc8b
	at java.base/jdk.internal.reflect.NativeConstructorAccessorImpl.newInstance0(Native Method)
	at java.base/jdk.internal.reflect.NativeConstructorAccessorImpl.newInstance(NativeConstructorAccessorImpl.java:77)
	at java.base/jdk.internal.reflect.DelegatingConstructorAccessorImpl.newInstance(DelegatingConstructorAccessorImpl.java:45)
	at java.base/java.lang.reflect.Constructor.newInstanceWithCaller(Constructor.java:499)
	at java.base/java.lang.reflect.Constructor.newInstance(Constructor.java:480)
	at org.openqa.selenium.remote.codec.w3c.W3CHttpResponseCodec.createException(W3CHttpResponseCodec.java:200)
	at org.openqa.selenium.remote.codec.w3c.W3CHttpResponseCodec.decode(W3CHttpResponseCodec.java:133)
	at org.openqa.selenium.remote.codec.w3c.W3CHttpResponseCodec.decode(W3CHttpResponseCodec.java:53)
	at org.openqa.selenium.remote.HttpCommandExecutor.execute(HttpCommandExecutor.java:184)
	at org.openqa.selenium.remote.service.DriverCommandExecutor.invokeExecute(DriverCommandExecutor.java:167)
	at org.openqa.selenium.remote.service.DriverCommandExecutor.execute(DriverCommandExecutor.java:142)
	at org.openqa.selenium.remote.RemoteWebDriver.execute(RemoteWebDriver.java:543)
	at org.openqa.selenium.remote.ElementLocation$ElementFinder$2.findElement(ElementLocation.java:162)
	at org.openqa.selenium.remote.ElementLocation.findElement(ElementLocation.java:60)
	at org.openqa.selenium.remote.RemoteWebDriver.findElement(RemoteWebDriver.java:352)
	at org.openqa.selenium.remote.RemoteWebDriver.findElement(RemoteWebDriver.java:344)
	at org.openqa.selenium.support.pagefactory.DefaultElementLocator.findElement(DefaultElementLocator.java:70)
	at org.openqa.selenium.support.pagefactory.internal.LocatingElementHandler.invoke(LocatingElementHandler.java:39)
	at jdk.proxy2/jdk.proxy2.$Proxy16.sendKeys(Unknown Source)
	at org.youCater.userConfigurationsAndElements.AcceptQuoteElements.enterEmail(AcceptQuoteElements.java:141)
	at org.youCater.userSanityTestCases.AcceptQuoteTestCases.makePayment(AcceptQuoteTestCases.java:111)
	at java.base/jdk.internal.reflect.NativeMethodAccessorImpl.invoke0(Native Method)
	at java.base/jdk.internal.reflect.NativeMethodAccessorImpl.invoke(NativeMethodAccessorImpl.java:77)
	at java.base/jdk.internal.reflect.DelegatingMethodAccessorImpl.invoke(DelegatingMethodAccessorImpl.java:43)
	at java.base/java.lang.reflect.Method.invoke(Method.java:568)
	at org.testng.internal.MethodInvocationHelper.invokeMethod(MethodInvocationHelper.java:133)
	at org.testng.internal.TestInvoker.invokeMethod(TestInvoker.java:598)
	at org.testng.internal.TestInvoker.invokeTestMethod(TestInvoker.java:173)
	at org.testng.internal.MethodRunner.runInSequence(MethodRunner.java:46)
	at org.testng.internal.TestInvoker$MethodInvocationAgent.invoke(TestInvoker.java:824)
	at org.testng.internal.TestInvoker.invokeTestMethods(TestInvoker.java:146)
	at org.testng.internal.TestMethodWorker.invokeTestMethods(TestMethodWorker.java:146)
	at org.testng.internal.TestMethodWorker.run(TestMethodWorker.java:128)
	at java.base/java.util.ArrayList.forEach(ArrayList.java:1511)
	at org.testng.TestRunner.privateRun(TestRunner.java:794)
	at org.testng.TestRunner.run(TestRunner.java:596)
	at org.testng.SuiteRunner.runTest(SuiteRunner.java:377)
	at org.testng.SuiteRunner.runSequentially(SuiteRunner.java:371)
	at org.testng.SuiteRunner.privateRun(SuiteRunner.java:332)
	at org.testng.SuiteRunner.run(SuiteRunner.java:276)
	at org.testng.SuiteRunnerWorker.runSuite(SuiteRunnerWorker.java:53)
	at org.testng.SuiteRunnerWorker.run(SuiteRunnerWorker.java:96)
	at org.testng.TestNG.runSuitesSequentially(TestNG.java:1212)
	at org.testng.TestNG.runSuitesLocally(TestNG.java:1134)
	at org.testng.TestNG.runSuites(TestNG.java:1063)
	at org.testng.TestNG.run(TestNG.java:1031)
	at org.testng.remote.AbstractRemoteTestNG.run(AbstractRemoteTestNG.java:115)
	at org.testng.remote.RemoteTestNG.initAndRun(RemoteTestNG.java:251)
	at org.testng.remote.RemoteTestNG.main(RemoteTestNG.java:77)
</pre></div></td>
<td>10</td>
<td>org.youCater.userSanityTestCases.AcceptQuoteTestCases@45e1aa48</td></tr>
</table><p>
<table width='100%' border='1' class='invocation-passed'>
<tr><td colspan='4' align='center'><b>PASSED TESTS</b></td></tr>
<tr><td><b>Test method</b></td>
<td width="30%"><b>Exception</b></td>
<td width="10%"><b>Time (seconds)</b></td>
<td><b>Instance</b></td>
</tr>
<tr>
<td title='org.youCater.userSanityTestCases.SendBidRequestTestCases.sendRequest()'><b>sendRequest</b><br>Test class: org.youCater.userSanityTestCases.SendBidRequestTestCases<br>Test method: SendBidRequest: Verify successful request submission</td>
<td></td>
<td>16</td>
<td>org.youCater.userSanityTestCases.SendBidRequestTestCases@3baf6936</td></tr>
<tr>
<td title='org.youCater.userSanityTestCases.AddCorporateEventTestCases.corporateDateAndTimeSelection()'><b>corporateDateAndTimeSelection</b><br>Test class: org.youCater.userSanityTestCases.AddCorporateEventTestCases<br>Test method: CorporateEvent: Verify date and time selection functionality</td>
<td></td>
<td>6</td>
<td>org.youCater.userSanityTestCases.AddCorporateEventTestCases@65753040</td></tr>
<tr>
<td title='org.youCater.userSanityTestCases.AddCorporateEventTestCases.corporateBudgetSelection()'><b>corporateBudgetSelection</b><br>Test class: org.youCater.userSanityTestCases.AddCorporateEventTestCases<br>Test method: CorporateEvent: Verify budget selection functionality</td>
<td></td>
<td>16</td>
<td>org.youCater.userSanityTestCases.AddCorporateEventTestCases@65753040</td></tr>
<tr>
<td title='org.youCater.userSanityTestCases.ProfileTestCases.logout()'><b>logout</b><br>Test class: org.youCater.userSanityTestCases.ProfileTestCases<br>Test method: Profile: Verify logout funtionality</td>
<td></td>
<td>6</td>
<td>org.youCater.userSanityTestCases.ProfileTestCases@5fbdc49b</td></tr>
<tr>
<td title='org.youCater.userSanityTestCases.AddCorporateEventTestCases.corporateEventSummary()'><b>corporateEventSummary</b><br>Test class: org.youCater.userSanityTestCases.AddCorporateEventTestCases<br>Test method: CorporateEvent: Verify generation of event summary</td>
<td></td>
<td>13</td>
<td>org.youCater.userSanityTestCases.AddCorporateEventTestCases@65753040</td></tr>
<tr>
<td title='org.youCater.userSanityTestCases.AddPrivateEventTestCases.privateEventTypeSelection()'><b>privateEventTypeSelection</b><br>Test class: org.youCater.userSanityTestCases.AddPrivateEventTestCases<br>Test method: PrivateEvent: Verify selection of event type funtionality</td>
<td></td>
<td>4</td>
<td>org.youCater.userSanityTestCases.AddPrivateEventTestCases@51b35e4e</td></tr>
<tr>
<td title='org.youCater.userSanityTestCases.AddPrivateEventTestCases.privateVerifyOTP()'><b>privateVerifyOTP</b><br>Test class: org.youCater.userSanityTestCases.AddPrivateEventTestCases<br>Test method: PrivateEvent: Verify OTP validation functionality</td>
<td></td>
<td>5</td>
<td>org.youCater.userSanityTestCases.AddPrivateEventTestCases@51b35e4e</td></tr>
<tr>
<td title='org.youCater.userSanityTestCases.AddPrivateEventTestCases.prviateOccasionTypeSelection()'><b>prviateOccasionTypeSelection</b><br>Test class: org.youCater.userSanityTestCases.AddPrivateEventTestCases<br>Test method: PrivateEvent: Verify selection of occasion type functionality</td>
<td></td>
<td>13</td>
<td>org.youCater.userSanityTestCases.AddPrivateEventTestCases@51b35e4e</td></tr>
<tr>
<td title='org.youCater.userSanityTestCases.AddCorporateEventTestCases.corporateOccasionTypeSelection()'><b>corporateOccasionTypeSelection</b><br>Test class: org.youCater.userSanityTestCases.AddCorporateEventTestCases<br>Test method: CorporateEvent: Verify selection of occasion type functionality</td>
<td></td>
<td>13</td>
<td>org.youCater.userSanityTestCases.AddCorporateEventTestCases@65753040</td></tr>
<tr>
<td title='org.youCater.userSanityTestCases.ProfileTestCases.goToProfile()'><b>goToProfile</b><br>Test class: org.youCater.userSanityTestCases.ProfileTestCases<br>Test method: Profile: Verify navigation to the user profile</td>
<td></td>
<td>5</td>
<td>org.youCater.userSanityTestCases.ProfileTestCases@5fbdc49b</td></tr>
<tr>
<td title='org.youCater.userSanityTestCases.AddCorporateEventTestCases.corporateGoToHomePage()'><b>corporateGoToHomePage</b><br>Test class: org.youCater.userSanityTestCases.AddCorporateEventTestCases<br>Test method: CorporateEvent: Verify navigation to the home page</td>
<td></td>
<td>5</td>
<td>org.youCater.userSanityTestCases.AddCorporateEventTestCases@65753040</td></tr>
<tr>
<td title='org.youCater.userSanityTestCases.AddPrivateEventTestCases.privateCuisineTypeSelection()'><b>privateCuisineTypeSelection</b><br>Test class: org.youCater.userSanityTestCases.AddPrivateEventTestCases<br>Test method: PrivateEvent: Verify cuisine type selection functionality</td>
<td></td>
<td>14</td>
<td>org.youCater.userSanityTestCases.AddPrivateEventTestCases@51b35e4e</td></tr>
<tr>
<td title='org.youCater.userSanityTestCases.AcceptQuoteTestCases.selectEventsOnHomePage()'><b>selectEventsOnHomePage</b><br>Test class: org.youCater.userSanityTestCases.AcceptQuoteTestCases<br>Test method: HomePage: Verify selection of Inprogress events</td>
<td></td>
<td>11</td>
<td>org.youCater.userSanityTestCases.AcceptQuoteTestCases@45e1aa48</td></tr>
<tr>
<td title='org.youCater.userSanityTestCases.AddCorporateEventTestCases.corporateEventTypeSelection()'><b>corporateEventTypeSelection</b><br>Test class: org.youCater.userSanityTestCases.AddCorporateEventTestCases<br>Test method: CorporateEvent: Verify selection of event type funtionality</td>
<td></td>
<td>3</td>
<td>org.youCater.userSanityTestCases.AddCorporateEventTestCases@65753040</td></tr>
<tr>
<td title='org.youCater.userSanityTestCases.AcceptQuoteTestCases.viewPartnerProfile()'><b>viewPartnerProfile</b><br>Test class: org.youCater.userSanityTestCases.AcceptQuoteTestCases<br>Test method: EventDetail: Verify partner profile details</td>
<td></td>
<td>28</td>
<td>org.youCater.userSanityTestCases.AcceptQuoteTestCases@45e1aa48</td></tr>
<tr>
<td title='org.youCater.userSanityTestCases.AddCorporateEventTestCases.corporateCuisineTypeSelection()'><b>corporateCuisineTypeSelection</b><br>Test class: org.youCater.userSanityTestCases.AddCorporateEventTestCases<br>Test method: CorporateEvent: Verify cuisine type selection functionality</td>
<td></td>
<td>10</td>
<td>org.youCater.userSanityTestCases.AddCorporateEventTestCases@65753040</td></tr>
<tr>
<td title='org.youCater.userSanityTestCases.AddCorporateEventTestCases.corporateGuestSelection()'><b>corporateGuestSelection</b><br>Test class: org.youCater.userSanityTestCases.AddCorporateEventTestCases<br>Test method: CorporateEvent: Verify guest number entry functionality</td>
<td></td>
<td>5</td>
<td>org.youCater.userSanityTestCases.AddCorporateEventTestCases@65753040</td></tr>
<tr>
<td title='org.youCater.ventorSanitytestCases.RequestAcceptanceAndQuoteSubmissionTestCases.goToActiveEvents()'><b>goToActiveEvents</b><br>Test class: org.youCater.ventorSanitytestCases.RequestAcceptanceAndQuoteSubmissionTestCases</td>
<td></td>
<td>2</td>
<td>org.youCater.ventorSanitytestCases.RequestAcceptanceAndQuoteSubmissionTestCases@3e104d4b</td></tr>
<tr>
<td title='org.youCater.ventorSanitytestCases.RequestAcceptanceAndQuoteSubmissionTestCases.submitQuote()'><b>submitQuote</b><br>Test class: org.youCater.ventorSanitytestCases.RequestAcceptanceAndQuoteSubmissionTestCases</td>
<td></td>
<td>13</td>
<td>org.youCater.ventorSanitytestCases.RequestAcceptanceAndQuoteSubmissionTestCases@3e104d4b</td></tr>
<tr>
<td title='org.youCater.userSanityTestCases.AddPrivateEventTestCases.privateFoodTypeSelection()'><b>privateFoodTypeSelection</b><br>Test class: org.youCater.userSanityTestCases.AddPrivateEventTestCases<br>Test method: PrivateEvent: Verify food type selection functionality</td>
<td></td>
<td>13</td>
<td>org.youCater.userSanityTestCases.AddPrivateEventTestCases@51b35e4e</td></tr>
<tr>
<td title='org.youCater.userSanityTestCases.AddPrivateEventTestCases.privateDateAndTimeSelection()'><b>privateDateAndTimeSelection</b><br>Test class: org.youCater.userSanityTestCases.AddPrivateEventTestCases<br>Test method: PrivateEvent: Verify date and time selection functionality</td>
<td></td>
<td>9</td>
<td>org.youCater.userSanityTestCases.AddPrivateEventTestCases@51b35e4e</td></tr>
<tr>
<td title='org.youCater.userSanityTestCases.CancelEventTestCases.selectEventsOnHomePage()'><b>selectEventsOnHomePage</b><br>Test class: org.youCater.userSanityTestCases.CancelEventTestCases<br>Test method: HomePage: Verify selection of pending events</td>
<td></td>
<td>21</td>
<td>org.youCater.userSanityTestCases.CancelEventTestCases@4acb2510</td></tr>
<tr>
<td title='org.youCater.userSanityTestCases.SendBidRequestTestCases.partnerDetail()'><b>partnerDetail</b><br>Test class: org.youCater.userSanityTestCases.SendBidRequestTestCases<br>Test method: SendBidRequest: Verify partner details (About, Menu, Media)</td>
<td></td>
<td>17</td>
<td>org.youCater.userSanityTestCases.SendBidRequestTestCases@3baf6936</td></tr>
<tr>
<td title='org.youCater.userSanityTestCases.AddPrivateEventTestCases.privateBudgetSelection()'><b>privateBudgetSelection</b><br>Test class: org.youCater.userSanityTestCases.AddPrivateEventTestCases<br>Test method: PrivateEvent: Verify budget selection functionality</td>
<td></td>
<td>22</td>
<td>org.youCater.userSanityTestCases.AddPrivateEventTestCases@51b35e4e</td></tr>
<tr>
<td title='org.youCater.userSanityTestCases.AddPrivateEventTestCases.privateSignUp()'><b>privateSignUp</b><br>Test class: org.youCater.userSanityTestCases.AddPrivateEventTestCases<br>Test method: PrivateEvent: Verify signUp functionality</td>
<td></td>
<td>15</td>
<td>org.youCater.userSanityTestCases.AddPrivateEventTestCases@51b35e4e</td></tr>
<tr>
<td title='org.youCater.userSanityTestCases.SendBidRequestTestCases.findCaterers()'><b>findCaterers</b><br>Test class: org.youCater.userSanityTestCases.SendBidRequestTestCases<br>Test method: SendBidRequest: Verify caterer search functionality</td>
<td></td>
<td>14</td>
<td>org.youCater.userSanityTestCases.SendBidRequestTestCases@3baf6936</td></tr>
<tr>
<td title='org.youCater.ventorSanitytestCases.VendorLoginTestCases.login()'><b>login</b><br>Test class: org.youCater.ventorSanitytestCases.VendorLoginTestCases</td>
<td></td>
<td>16</td>
<td>org.youCater.ventorSanitytestCases.VendorLoginTestCases@64f1fd08</td></tr>
<tr>
<td title='org.youCater.userSanityTestCases.AddPrivateEventTestCases.privateEventVenueSelection()'><b>privateEventVenueSelection</b><br>Test class: org.youCater.userSanityTestCases.AddPrivateEventTestCases<br>Test method: PrivateEvent: Verify event venue selection functionality</td>
<td></td>
<td>32</td>
<td>org.youCater.userSanityTestCases.AddPrivateEventTestCases@51b35e4e</td></tr>
<tr>
<td title='org.youCater.userSanityTestCases.AddPrivateEventTestCases.privateAddEventName()'><b>privateAddEventName</b><br>Test class: org.youCater.userSanityTestCases.AddPrivateEventTestCases<br>Test method: PrivateEvent: Verify addition of event name functionality</td>
<td></td>
<td>28</td>
<td>org.youCater.userSanityTestCases.AddPrivateEventTestCases@51b35e4e</td></tr>
<tr>
<td title='org.youCater.userSanityTestCases.AddPrivateEventTestCases.privateSignIn()'><b>privateSignIn</b><br>Test class: org.youCater.userSanityTestCases.AddPrivateEventTestCases<br>Test method: PrivateEvent: Verify signIn functionality</td>
<td></td>
<td>10</td>
<td>org.youCater.userSanityTestCases.AddPrivateEventTestCases@51b35e4e</td></tr>
<tr>
<td title='org.youCater.userSanityTestCases.AddCorporateEventTestCases.corporateEventVenueSelection()'><b>corporateEventVenueSelection</b><br>Test class: org.youCater.userSanityTestCases.AddCorporateEventTestCases<br>Test method: CorporateEvent: Verify event venue selection functionality</td>
<td></td>
<td>45</td>
<td>org.youCater.userSanityTestCases.AddCorporateEventTestCases@65753040</td></tr>
<tr>
<td title='org.youCater.userSanityTestCases.AddCorporateEventTestCases.privateAddEventName()'><b>privateAddEventName</b><br>Test class: org.youCater.userSanityTestCases.AddCorporateEventTestCases<br>Test method: CorporateEvent: Verify addition of event name functionality</td>
<td></td>
<td>16</td>
<td>org.youCater.userSanityTestCases.AddCorporateEventTestCases@65753040</td></tr>
<tr>
<td title='org.youCater.userSanityTestCases.SendBidRequestTestCases.selecCaterer()'><b>selecCaterer</b><br>Test class: org.youCater.userSanityTestCases.SendBidRequestTestCases<br>Test method: SendBidRequest: Verify caterer selection functionality</td>
<td></td>
<td>6</td>
<td>org.youCater.userSanityTestCases.SendBidRequestTestCases@3baf6936</td></tr>
<tr>
<td title='org.youCater.userSanityTestCases.AddPrivateEventTestCases.privateGoToHomePage()'><b>privateGoToHomePage</b><br>Test class: org.youCater.userSanityTestCases.AddPrivateEventTestCases<br>Test method: PrivateEvent: Verify navigation to the home page</td>
<td></td>
<td>5</td>
<td>org.youCater.userSanityTestCases.AddPrivateEventTestCases@51b35e4e</td></tr>
<tr>
<td title='org.youCater.userSanityTestCases.AcceptQuoteTestCases.AcceptQuote()'><b>AcceptQuote</b><br>Test class: org.youCater.userSanityTestCases.AcceptQuoteTestCases<br>Test method: AcceptQuote: Verify accept active quotes funtionality</td>
<td></td>
<td>29</td>
<td>org.youCater.userSanityTestCases.AcceptQuoteTestCases@45e1aa48</td></tr>
<tr>
<td title='org.youCater.ventorSanitytestCases.RequestAcceptanceAndQuoteSubmissionTestCases.checkDetails()'><b>checkDetails</b><br>Test class: org.youCater.ventorSanitytestCases.RequestAcceptanceAndQuoteSubmissionTestCases</td>
<td></td>
<td>8</td>
<td>org.youCater.ventorSanitytestCases.RequestAcceptanceAndQuoteSubmissionTestCases@3e104d4b</td></tr>
<tr>
<td title='org.youCater.userSanityTestCases.CancelEventTestCases.cancelEvent()'><b>cancelEvent</b><br>Test class: org.youCater.userSanityTestCases.CancelEventTestCases<br>Test method: CancelEvent: Verify cancellation of pending events</td>
<td></td>
<td>22</td>
<td>org.youCater.userSanityTestCases.CancelEventTestCases@4acb2510</td></tr>
<tr>
<td title='org.youCater.ventorSanitytestCases.RequestAcceptanceAndQuoteSubmissionTestCases.goToMyQuoteMenu()'><b>goToMyQuoteMenu</b><br>Test class: org.youCater.ventorSanitytestCases.RequestAcceptanceAndQuoteSubmissionTestCases</td>
<td></td>
<td>3</td>
<td>org.youCater.ventorSanitytestCases.RequestAcceptanceAndQuoteSubmissionTestCases@3e104d4b</td></tr>
<tr>
<td title='org.youCater.ventorSanitytestCases.RequestAcceptanceAndQuoteSubmissionTestCases.selectADirectEvent()'><b>selectADirectEvent</b><br>Test class: org.youCater.ventorSanitytestCases.RequestAcceptanceAndQuoteSubmissionTestCases</td>
<td></td>
<td>0</td>
<td>org.youCater.ventorSanitytestCases.RequestAcceptanceAndQuoteSubmissionTestCases@3e104d4b</td></tr>
<tr>
<td title='org.youCater.userSanityTestCases.ProfileTestCases.signInAfterLogout()'><b>signInAfterLogout</b><br>Test class: org.youCater.userSanityTestCases.ProfileTestCases<br>Test method: Profile: Verify sign-in after logout</td>
<td></td>
<td>12</td>
<td>org.youCater.userSanityTestCases.ProfileTestCases@5fbdc49b</td></tr>
<tr>
<td title='org.youCater.userSanityTestCases.AddPrivateEventTestCases.privateEventSummary()'><b>privateEventSummary</b><br>Test class: org.youCater.userSanityTestCases.AddPrivateEventTestCases<br>Test method: PrivateEvent: Verify generation of event summary</td>
<td></td>
<td>16</td>
<td>org.youCater.userSanityTestCases.AddPrivateEventTestCases@51b35e4e</td></tr>
<tr>
<td title='org.youCater.userSanityTestCases.AddCorporateEventTestCases.corporateProviderSelection()'><b>corporateProviderSelection</b><br>Test class: org.youCater.userSanityTestCases.AddCorporateEventTestCases<br>Test method: CorporateEvent: Verify provider selection functionality</td>
<td></td>
<td>6</td>
<td>org.youCater.userSanityTestCases.AddCorporateEventTestCases@65753040</td></tr>
<tr>
<td title='org.youCater.userSanityTestCases.AddCorporateEventTestCases.corporateFoodTypeSelection()'><b>corporateFoodTypeSelection</b><br>Test class: org.youCater.userSanityTestCases.AddCorporateEventTestCases<br>Test method: CorporateEvent: Verify food type selection functionality</td>
<td></td>
<td>13</td>
<td>org.youCater.userSanityTestCases.AddCorporateEventTestCases@65753040</td></tr>
<tr>
<td title='org.youCater.ventorSanitytestCases.RequestAcceptanceAndQuoteSubmissionTestCases.goToDirectEvents()'><b>goToDirectEvents</b><br>Test class: org.youCater.ventorSanitytestCases.RequestAcceptanceAndQuoteSubmissionTestCases</td>
<td></td>
<td>2</td>
<td>org.youCater.ventorSanitytestCases.RequestAcceptanceAndQuoteSubmissionTestCases@3e104d4b</td></tr>
<tr>
<td title='org.youCater.ventorSanitytestCases.RequestAcceptanceAndQuoteSubmissionTestCases.acceptRequest()'><b>acceptRequest</b><br>Test class: org.youCater.ventorSanitytestCases.RequestAcceptanceAndQuoteSubmissionTestCases</td>
<td></td>
<td>6</td>
<td>org.youCater.ventorSanitytestCases.RequestAcceptanceAndQuoteSubmissionTestCases@3e104d4b</td></tr>
<tr>
<td title='org.youCater.userSanityTestCases.AcceptQuoteTestCases.selectActiveQuote()'><b>selectActiveQuote</b><br>Test class: org.youCater.userSanityTestCases.AcceptQuoteTestCases<br>Test method: EventDetail: Verify selection of active quotes</td>
<td></td>
<td>3</td>
<td>org.youCater.userSanityTestCases.AcceptQuoteTestCases@45e1aa48</td></tr>
<tr>
<td title='org.youCater.userSanityTestCases.AddPrivateEventTestCases.privateGuestSelection()'><b>privateGuestSelection</b><br>Test class: org.youCater.userSanityTestCases.AddPrivateEventTestCases<br>Test method: PrivateEvent: Verify guest number entry functionality</td>
<td></td>
<td>8</td>
<td>org.youCater.userSanityTestCases.AddPrivateEventTestCases@51b35e4e</td></tr>
<tr>
<td title='org.youCater.userSanityTestCases.AddPrivateEventTestCases.privateProviderSelection()'><b>privateProviderSelection</b><br>Test class: org.youCater.userSanityTestCases.AddPrivateEventTestCases<br>Test method: PrivateEvent: Verify provider selection functionality</td>
<td></td>
<td>4</td>
<td>org.youCater.userSanityTestCases.AddPrivateEventTestCases@51b35e4e</td></tr>
</table><p>
</body>
</html>