<?xml version="1.0" encoding="UTF-8"?>
<!-- Generated by org.testng.reporters.JUnitXMLReporter -->
<testsuite ignored="4" hostname="DESKTOP-QI6H2EA" failures="10" tests="15" name="UserCanCreateCancelEventAndSendQuoteRequest" time="69.693" errors="0" timestamp="2024-09-25T16:29:05 PKT">
  <testcase classname="org.youCater.userSanityTestCases.AddPrivateEventTestCases" name="privateEventTypeSelection" time="2.649"/>
  <testcase classname="org.youCater.userSanityTestCases.AddPrivateEventTestCases" name="prviateOccasionTypeSelection" time="6.163"/>
  <testcase classname="org.youCater.userSanityTestCases.AddPrivateEventTestCases" name="privateDateAndTimeSelection" time="7.275"/>
  <testcase classname="org.youCater.userSanityTestCases.AddPrivateEventTestCases" name="privateGuestSelection" time="7.365"/>
  <testcase classname="org.youCater.userSanityTestCases.AddPrivateEventTestCases" name="privateProviderSelection" time="2.043">
    <failure type="java.lang.AssertionError" message="expected [false] but found [true]">
      <![CDATA[java.lang.AssertionError: expected [false] but found [true]
at org.youCater.utils.AddEventCommonActions.verifyButtonIsDisabled(AddEventCommonActions.java:103)
at org.youCater.userSanityTestCases.AddPrivateEventTestCases.privateProviderSelection(AddPrivateEventTestCases.java:115)
at java.base/java.util.ArrayList.forEach(ArrayList.java:1511)
... Removed 33 stack frames]]>
    </failure>
  </testcase> <!-- privateProviderSelection -->
  <testcase classname="org.youCater.userSanityTestCases.AddPrivateEventTestCases" name="privateCuisineTypeSelection" time="4.081">
    <failure type="java.lang.AssertionError" message="The following asserts failed:
	Text mismatch:  expected [Share your cravings!] but found [What type of provider would you like?],
	Text mismatch:  expected [We&amp;apos;ll match you with the ideal culinary expert. Choose as many options as you wish!] but found [Catering to all needs, our partners provide a versatile offering.]">
      <![CDATA[java.lang.AssertionError: The following asserts failed:
Text mismatch:  expected [Share your cravings!] but found [What type of provider would you like?],
Text mismatch:  expected [We'll match you with the ideal culinary expert. Choose as many options as you wish!] but found [Catering to all needs, our partners provide a versatile offering.]
at org.youCater.userSanityTestCases.AddPrivateEventTestCases.privateCuisineTypeSelection(AddPrivateEventTestCases.java:149)
at java.base/java.util.ArrayList.forEach(ArrayList.java:1511)
... Removed 29 stack frames]]>
    </failure>
  </testcase> <!-- privateCuisineTypeSelection -->
  <testcase classname="org.youCater.userSanityTestCases.AddPrivateEventTestCases" name="privateFoodTypeSelection" time="15.844"/>
  <testcase classname="org.youCater.userSanityTestCases.AddPrivateEventTestCases" name="privateEventVenueSelection" time="4.078">
    <failure type="java.lang.AssertionError" message="The following asserts failed:
	Text mismatch:  expected [Share your cravings!] but found [What type of provider would you like?],
	Text mismatch:  expected [We&amp;apos;ll match you with the ideal culinary expert. Choose as many options as you wish!] but found [Catering to all needs, our partners provide a versatile offering.]">
      <![CDATA[java.lang.AssertionError: The following asserts failed:
Text mismatch:  expected [Share your cravings!] but found [What type of provider would you like?],
Text mismatch:  expected [We'll match you with the ideal culinary expert. Choose as many options as you wish!] but found [Catering to all needs, our partners provide a versatile offering.]
at org.youCater.userSanityTestCases.AddPrivateEventTestCases.privateEventVenueSelection(AddPrivateEventTestCases.java:191)
at java.base/java.util.ArrayList.forEach(ArrayList.java:1511)
... Removed 29 stack frames]]>
    </failure>
  </testcase> <!-- privateEventVenueSelection -->
  <testcase classname="org.youCater.userSanityTestCases.AddPrivateEventTestCases" name="privateAddEventName" time="2.085">
    <failure type="java.lang.AssertionError" message="The following asserts failed:
	Text mismatch:  expected [Share your cravings!] but found [What type of provider would you like?],
	Text mismatch:  expected [We&amp;apos;ll match you with the ideal culinary expert. Choose as many options as you wish!] but found [Catering to all needs, our partners provide a versatile offering.],
	Text mismatch:  expected [What is the name of the event?] but found [Event venue],
	Text mismatch:  expected [This will help identify your event for yourself and the caterer.] but found [Share your event’s location &amp;amp; we&amp;apos;ll pair you with the best local suppliers nearby!]">
      <![CDATA[java.lang.AssertionError: The following asserts failed:
Text mismatch:  expected [Share your cravings!] but found [What type of provider would you like?],
Text mismatch:  expected [We'll match you with the ideal culinary expert. Choose as many options as you wish!] but found [Catering to all needs, our partners provide a versatile offering.],
Text mismatch:  expected [What is the name of the event?] but found [Event venue],
Text mismatch:  expected [This will help identify your event for yourself and the caterer.] but found [Share your event’s location & we'll pair you with the best local suppliers nearby!]
at org.youCater.userSanityTestCases.AddPrivateEventTestCases.privateAddEventName(AddPrivateEventTestCases.java:235)
at java.base/java.util.ArrayList.forEach(ArrayList.java:1511)
... Removed 29 stack frames]]>
    </failure>
  </testcase> <!-- privateAddEventName -->
  <testcase classname="org.youCater.userSanityTestCases.AddPrivateEventTestCases" name="privateBudgetSelection" time="2.053">
    <failure type="java.lang.AssertionError" message="The following asserts failed:
	Text mismatch:  expected [Share your cravings!] but found [What type of provider would you like?],
	Text mismatch:  expected [We&amp;apos;ll match you with the ideal culinary expert. Choose as many options as you wish!] but found [Catering to all needs, our partners provide a versatile offering.],
	Text mismatch:  expected [What is the name of the event?] but found [Event venue],
	Text mismatch:  expected [This will help identify your event for yourself and the caterer.] but found [Share your event’s location &amp;amp; we&amp;apos;ll pair you with the best local suppliers nearby!],
	Text mismatch:  expected [Got a budget in mind?] but found [Event venue],
	Text mismatch:  expected [We need the big picture. If you&amp;apos;re playing a guessing game, just give us your best estimate!] but found [Share your event’s location &amp;amp; we&amp;apos;ll pair you with the best local suppliers nearby!]">
      <![CDATA[java.lang.AssertionError: The following asserts failed:
Text mismatch:  expected [Share your cravings!] but found [What type of provider would you like?],
Text mismatch:  expected [We'll match you with the ideal culinary expert. Choose as many options as you wish!] but found [Catering to all needs, our partners provide a versatile offering.],
Text mismatch:  expected [What is the name of the event?] but found [Event venue],
Text mismatch:  expected [This will help identify your event for yourself and the caterer.] but found [Share your event’s location & we'll pair you with the best local suppliers nearby!],
Text mismatch:  expected [Got a budget in mind?] but found [Event venue],
Text mismatch:  expected [We need the big picture. If you're playing a guessing game, just give us your best estimate!] but found [Share your event’s location & we'll pair you with the best local suppliers nearby!]
at org.youCater.userSanityTestCases.AddPrivateEventTestCases.privateBudgetSelection(AddPrivateEventTestCases.java:256)
at java.base/java.util.ArrayList.forEach(ArrayList.java:1511)
... Removed 29 stack frames]]>
    </failure>
  </testcase> <!-- privateBudgetSelection -->
  <testcase classname="org.youCater.userSanityTestCases.AddPrivateEventTestCases" name="privateSignIn" time="0.052">
    <failure type="java.lang.AssertionError" message="The following asserts failed:
	Text mismatch:  expected [Share your cravings!] but found [What type of provider would you like?],
	Text mismatch:  expected [We&amp;apos;ll match you with the ideal culinary expert. Choose as many options as you wish!] but found [Catering to all needs, our partners provide a versatile offering.],
	Text mismatch:  expected [What is the name of the event?] but found [Event venue],
	Text mismatch:  expected [This will help identify your event for yourself and the caterer.] but found [Share your event’s location &amp;amp; we&amp;apos;ll pair you with the best local suppliers nearby!],
	Text mismatch:  expected [Got a budget in mind?] but found [Event venue],
	Text mismatch:  expected [We need the big picture. If you&amp;apos;re playing a guessing game, just give us your best estimate!] but found [Share your event’s location &amp;amp; we&amp;apos;ll pair you with the best local suppliers nearby!],
	Text mismatch:  expected [Welcome] but found [Event venue],
	Text mismatch:  expected [Enter your email and password to continue] but found [Share your event’s location &amp;amp; we&amp;apos;ll pair you with the best local suppliers nearby!]">
      <![CDATA[java.lang.AssertionError: The following asserts failed:
Text mismatch:  expected [Share your cravings!] but found [What type of provider would you like?],
Text mismatch:  expected [We'll match you with the ideal culinary expert. Choose as many options as you wish!] but found [Catering to all needs, our partners provide a versatile offering.],
Text mismatch:  expected [What is the name of the event?] but found [Event venue],
Text mismatch:  expected [This will help identify your event for yourself and the caterer.] but found [Share your event’s location & we'll pair you with the best local suppliers nearby!],
Text mismatch:  expected [Got a budget in mind?] but found [Event venue],
Text mismatch:  expected [We need the big picture. If you're playing a guessing game, just give us your best estimate!] but found [Share your event’s location & we'll pair you with the best local suppliers nearby!],
Text mismatch:  expected [Welcome] but found [Event venue],
Text mismatch:  expected [Enter your email and password to continue] but found [Share your event’s location & we'll pair you with the best local suppliers nearby!]
at org.youCater.userSanityTestCases.AddPrivateEventTestCases.privateSignIn(AddPrivateEventTestCases.java:279)
at java.base/java.util.ArrayList.forEach(ArrayList.java:1511)
... Removed 29 stack frames]]>
    </failure>
  </testcase> <!-- privateSignIn -->
  <testcase classname="org.youCater.userSanityTestCases.AddPrivateEventTestCases" name="privateEventSummary" time="10.041">
    <failure type="org.openqa.selenium.NoSuchElementException" message="no such element: Unable to locate element: {&amp;quot;method&amp;quot;:&amp;quot;xpath&amp;quot;,&amp;quot;selector&amp;quot;:&amp;quot;//*[@id=&amp;quot;eventTypeSummarySection&amp;quot;]//*[@id=&amp;quot;editBtn&amp;quot;]&amp;quot;}
  (Session info: chrome=129.0.6668.59)
For documentation on this error, please visit: https://www.selenium.dev/documentation/webdriver/troubleshooting/errors#no-such-element-exception
Build info: version: &amp;apos;4.12.1&amp;apos;, revision: &amp;apos;8e34639b11&amp;apos;
System info: os.name: &amp;apos;Windows 10&amp;apos;, os.arch: &amp;apos;amd64&amp;apos;, os.version: &amp;apos;10.0&amp;apos;, java.version: &amp;apos;17.0.10&amp;apos;
Driver info: org.openqa.selenium.chrome.ChromeDriver
Command: [cd3ac6c1f03414260ac2e1259cadfd6b, findElement {using=xpath, value=//*[@id=&amp;quot;eventTypeSummarySection&amp;quot;]//*[@id=&amp;quot;editBtn&amp;quot;]}]
Capabilities {acceptInsecureCerts: false, browserName: chrome, browserVersion: 129.0.6668.59, chrome: {chromedriverVersion: 128.0.6613.86 (3045ed680fda..., userDataDir: C:\Users\Admin\AppData\Loca...}, fedcm:accounts: true, goog:chromeOptions: {debuggerAddress: localhost:52290}, networkConnectionEnabled: false, pageLoadStrategy: normal, platformName: windows, proxy: Proxy(), se:cdp: ws://localhost:52290/devtoo..., se:cdpVersion: 129.0.6668.59, setWindowRect: true, strictFileInteractability: false, timeouts: {implicit: 0, pageLoad: 300000, script: 30000}, unhandledPromptBehavior: dismiss and notify, webauthn:extension:credBlob: true, webauthn:extension:largeBlob: true, webauthn:extension:minPinLength: true, webauthn:extension:prf: true, webauthn:virtualAuthenticators: true}
Session ID: cd3ac6c1f03414260ac2e1259cadfd6b">
      <![CDATA[org.openqa.selenium.NoSuchElementException: no such element: Unable to locate element: {"method":"xpath","selector":"//*[@id="eventTypeSummarySection"]//*[@id="editBtn"]"}
  (Session info: chrome=129.0.6668.59)
For documentation on this error, please visit: https://www.selenium.dev/documentation/webdriver/troubleshooting/errors#no-such-element-exception
Build info: version: '4.12.1', revision: '8e34639b11'
System info: os.name: 'Windows 10', os.arch: 'amd64', os.version: '10.0', java.version: '17.0.10'
Driver info: org.openqa.selenium.chrome.ChromeDriver
Command: [cd3ac6c1f03414260ac2e1259cadfd6b, findElement {using=xpath, value=//*[@id="eventTypeSummarySection"]//*[@id="editBtn"]}]
Capabilities {acceptInsecureCerts: false, browserName: chrome, browserVersion: 129.0.6668.59, chrome: {chromedriverVersion: 128.0.6613.86 (3045ed680fda..., userDataDir: C:\Users\Admin\AppData\Loca...}, fedcm:accounts: true, goog:chromeOptions: {debuggerAddress: localhost:52290}, networkConnectionEnabled: false, pageLoadStrategy: normal, platformName: windows, proxy: Proxy(), se:cdp: ws://localhost:52290/devtoo..., se:cdpVersion: 129.0.6668.59, setWindowRect: true, strictFileInteractability: false, timeouts: {implicit: 0, pageLoad: 300000, script: 30000}, unhandledPromptBehavior: dismiss and notify, webauthn:extension:credBlob: true, webauthn:extension:largeBlob: true, webauthn:extension:minPinLength: true, webauthn:extension:prf: true, webauthn:virtualAuthenticators: true}
Session ID: cd3ac6c1f03414260ac2e1259cadfd6b
at org.openqa.selenium.remote.codec.w3c.W3CHttpResponseCodec.createException(W3CHttpResponseCodec.java:200)
at org.openqa.selenium.remote.codec.w3c.W3CHttpResponseCodec.decode(W3CHttpResponseCodec.java:133)
at org.openqa.selenium.remote.codec.w3c.W3CHttpResponseCodec.decode(W3CHttpResponseCodec.java:52)
at org.openqa.selenium.remote.HttpCommandExecutor.execute(HttpCommandExecutor.java:191)
at org.openqa.selenium.remote.service.DriverCommandExecutor.invokeExecute(DriverCommandExecutor.java:196)
at org.openqa.selenium.remote.service.DriverCommandExecutor.execute(DriverCommandExecutor.java:171)
at org.openqa.selenium.remote.RemoteWebDriver.execute(RemoteWebDriver.java:602)
at org.openqa.selenium.remote.ElementLocation$ElementFinder$2.findElement(ElementLocation.java:165)
at org.openqa.selenium.remote.ElementLocation.findElement(ElementLocation.java:59)
at org.openqa.selenium.remote.RemoteWebDriver.findElement(RemoteWebDriver.java:359)
at org.openqa.selenium.remote.RemoteWebDriver.findElement(RemoteWebDriver.java:353)
at org.youCater.userSanityTestCases.AddPrivateEventTestCases.privateEventSummary(AddPrivateEventTestCases.java:288)
at java.base/java.util.ArrayList.forEach(ArrayList.java:1511)
... Removed 32 stack frames]]>
    </failure>
  </testcase> <!-- privateEventSummary -->
  <testcase classname="org.youCater.userSanityTestCases.AddPrivateEventTestCases" name="privateGoToHomePage" time="2.057">
    <failure type="java.lang.AssertionError" message="The following asserts failed:
	Text mismatch:  expected [Share your cravings!] but found [What type of provider would you like?],
	Text mismatch:  expected [We&amp;apos;ll match you with the ideal culinary expert. Choose as many options as you wish!] but found [Catering to all needs, our partners provide a versatile offering.],
	Text mismatch:  expected [What is the name of the event?] but found [Event venue],
	Text mismatch:  expected [This will help identify your event for yourself and the caterer.] but found [Share your event’s location &amp;amp; we&amp;apos;ll pair you with the best local suppliers nearby!],
	Text mismatch:  expected [Got a budget in mind?] but found [Event venue],
	Text mismatch:  expected [We need the big picture. If you&amp;apos;re playing a guessing game, just give us your best estimate!] but found [Share your event’s location &amp;amp; we&amp;apos;ll pair you with the best local suppliers nearby!],
	Text mismatch:  expected [Welcome] but found [Event venue],
	Text mismatch:  expected [Enter your email and password to continue] but found [Share your event’s location &amp;amp; we&amp;apos;ll pair you with the best local suppliers nearby!],
	Text mismatch:  expected [Thank you!] but found [Event venue],
	Text mismatch:  expected [We&amp;apos;ve got your requirements. Look no further, we&amp;apos;ll be reaching out soon!] but found [Share your event’s location &amp;amp; we&amp;apos;ll pair you with the best local suppliers nearby!]">
      <![CDATA[java.lang.AssertionError: The following asserts failed:
Text mismatch:  expected [Share your cravings!] but found [What type of provider would you like?],
Text mismatch:  expected [We'll match you with the ideal culinary expert. Choose as many options as you wish!] but found [Catering to all needs, our partners provide a versatile offering.],
Text mismatch:  expected [What is the name of the event?] but found [Event venue],
Text mismatch:  expected [This will help identify your event for yourself and the caterer.] but found [Share your event’s location & we'll pair you with the best local suppliers nearby!],
Text mismatch:  expected [Got a budget in mind?] but found [Event venue],
Text mismatch:  expected [We need the big picture. If you're playing a guessing game, just give us your best estimate!] but found [Share your event’s location & we'll pair you with the best local suppliers nearby!],
Text mismatch:  expected [Welcome] but found [Event venue],
Text mismatch:  expected [Enter your email and password to continue] but found [Share your event’s location & we'll pair you with the best local suppliers nearby!],
Text mismatch:  expected [Thank you!] but found [Event venue],
Text mismatch:  expected [We've got your requirements. Look no further, we'll be reaching out soon!] but found [Share your event’s location & we'll pair you with the best local suppliers nearby!]
at org.youCater.userSanityTestCases.AddPrivateEventTestCases.privateGoToHomePage(AddPrivateEventTestCases.java:317)
at java.base/java.util.ArrayList.forEach(ArrayList.java:1511)
... Removed 29 stack frames]]>
    </failure>
  </testcase> <!-- privateGoToHomePage -->
  <testcase classname="org.youCater.userSanityTestCases.CancelEventTestCases" name="selectEventsOnHomePage" time="2.74">
    <failure type="org.openqa.selenium.NoSuchElementException" message="Unable to find element with locator By.xpath: //*[contains(@class, &amp;quot;simpleEventCardWrapper&amp;quot;)]
For documentation on this error, please visit: https://www.selenium.dev/documentation/webdriver/troubleshooting/errors#no-such-element-exception
Build info: version: &amp;apos;4.12.1&amp;apos;, revision: &amp;apos;8e34639b11&amp;apos;
System info: os.name: &amp;apos;Windows 10&amp;apos;, os.arch: &amp;apos;amd64&amp;apos;, os.version: &amp;apos;10.0&amp;apos;, java.version: &amp;apos;17.0.10&amp;apos;
Driver info: driver.version: RemoteWebDriver">
      <![CDATA[org.openqa.selenium.NoSuchElementException: Unable to find element with locator By.xpath: //*[contains(@class, "simpleEventCardWrapper")]
For documentation on this error, please visit: https://www.selenium.dev/documentation/webdriver/troubleshooting/errors#no-such-element-exception
Build info: version: '4.12.1', revision: '8e34639b11'
System info: os.name: 'Windows 10', os.arch: 'amd64', os.version: '10.0', java.version: '17.0.10'
Driver info: driver.version: RemoteWebDriver
at org.openqa.selenium.remote.ElementLocation$ElementFinder$2.findElement(ElementLocation.java:168)
at org.openqa.selenium.remote.ElementLocation.findElement(ElementLocation.java:59)
at org.openqa.selenium.remote.RemoteWebDriver.findElement(RemoteWebDriver.java:359)
at org.openqa.selenium.remote.RemoteWebDriver.findElement(RemoteWebDriver.java:353)
at org.openqa.selenium.support.pagefactory.DefaultElementLocator.findElement(DefaultElementLocator.java:68)
at org.openqa.selenium.support.pagefactory.internal.LocatingElementHandler.invoke(LocatingElementHandler.java:38)
at jdk.proxy2/jdk.proxy2.$Proxy16.findElements(Unknown Source)
at org.youCater.userConfigurationsAndElements.CancelEventElements.selectPendingEvents(CancelEventElements.java:63)
at org.youCater.userSanityTestCases.CancelEventTestCases.selectEventsOnHomePage(CancelEventTestCases.java:28)
at java.base/java.util.ArrayList.forEach(ArrayList.java:1511)
... Removed 27 stack frames]]>
    </failure>
  </testcase> <!-- selectEventsOnHomePage -->
  <testcase classname="org.youCater.userSanityTestCases.CancelEventTestCases" name="selectEventsOnHomePage" time="2.776">
    <failure type="org.openqa.selenium.NoSuchWindowException" message="no such window: target window already closed
from unknown error: web view not found
  (Session info: chrome=129.0.6668.59)
Build info: version: &amp;apos;4.12.1&amp;apos;, revision: &amp;apos;8e34639b11&amp;apos;
System info: os.name: &amp;apos;Windows 10&amp;apos;, os.arch: &amp;apos;amd64&amp;apos;, os.version: &amp;apos;10.0&amp;apos;, java.version: &amp;apos;17.0.10&amp;apos;
Driver info: org.openqa.selenium.chrome.ChromeDriver
Command: [cd3ac6c1f03414260ac2e1259cadfd6b, screenshot {}]
Capabilities {acceptInsecureCerts: false, browserName: chrome, browserVersion: 129.0.6668.59, chrome: {chromedriverVersion: 128.0.6613.86 (3045ed680fda..., userDataDir: C:\Users\Admin\AppData\Loca...}, fedcm:accounts: true, goog:chromeOptions: {debuggerAddress: localhost:52290}, networkConnectionEnabled: false, pageLoadStrategy: normal, platformName: windows, proxy: Proxy(), se:cdp: ws://localhost:52290/devtoo..., se:cdpVersion: 129.0.6668.59, setWindowRect: true, strictFileInteractability: false, timeouts: {implicit: 0, pageLoad: 300000, script: 30000}, unhandledPromptBehavior: dismiss and notify, webauthn:extension:credBlob: true, webauthn:extension:largeBlob: true, webauthn:extension:minPinLength: true, webauthn:extension:prf: true, webauthn:virtualAuthenticators: true}
Session ID: cd3ac6c1f03414260ac2e1259cadfd6b">
      <![CDATA[org.openqa.selenium.NoSuchWindowException: no such window: target window already closed
from unknown error: web view not found
  (Session info: chrome=129.0.6668.59)
Build info: version: '4.12.1', revision: '8e34639b11'
System info: os.name: 'Windows 10', os.arch: 'amd64', os.version: '10.0', java.version: '17.0.10'
Driver info: org.openqa.selenium.chrome.ChromeDriver
Command: [cd3ac6c1f03414260ac2e1259cadfd6b, screenshot {}]
Capabilities {acceptInsecureCerts: false, browserName: chrome, browserVersion: 129.0.6668.59, chrome: {chromedriverVersion: 128.0.6613.86 (3045ed680fda..., userDataDir: C:\Users\Admin\AppData\Loca...}, fedcm:accounts: true, goog:chromeOptions: {debuggerAddress: localhost:52290}, networkConnectionEnabled: false, pageLoadStrategy: normal, platformName: windows, proxy: Proxy(), se:cdp: ws://localhost:52290/devtoo..., se:cdpVersion: 129.0.6668.59, setWindowRect: true, strictFileInteractability: false, timeouts: {implicit: 0, pageLoad: 300000, script: 30000}, unhandledPromptBehavior: dismiss and notify, webauthn:extension:credBlob: true, webauthn:extension:largeBlob: true, webauthn:extension:minPinLength: true, webauthn:extension:prf: true, webauthn:virtualAuthenticators: true}
Session ID: cd3ac6c1f03414260ac2e1259cadfd6b
at org.openqa.selenium.remote.codec.w3c.W3CHttpResponseCodec.createException(W3CHttpResponseCodec.java:200)
at org.openqa.selenium.remote.codec.w3c.W3CHttpResponseCodec.decode(W3CHttpResponseCodec.java:133)
at org.openqa.selenium.remote.codec.w3c.W3CHttpResponseCodec.decode(W3CHttpResponseCodec.java:52)
at org.openqa.selenium.remote.HttpCommandExecutor.execute(HttpCommandExecutor.java:191)
at org.openqa.selenium.remote.service.DriverCommandExecutor.invokeExecute(DriverCommandExecutor.java:196)
at org.openqa.selenium.remote.service.DriverCommandExecutor.execute(DriverCommandExecutor.java:171)
at org.openqa.selenium.remote.RemoteWebDriver.execute(RemoteWebDriver.java:602)
at org.openqa.selenium.remote.RemoteWebDriver.execute(RemoteWebDriver.java:675)
at org.openqa.selenium.remote.RemoteWebDriver.execute(RemoteWebDriver.java:679)
at org.openqa.selenium.remote.RemoteWebDriver.getScreenshotAs(RemoteWebDriver.java:325)
at org.youCater.utils.WebActions.getScreenShot(WebActions.java:37)
at org.youCater.utils.Listener.onTestFailure(Listener.java:67)
at java.base/java.util.ArrayList.forEach(ArrayList.java:1511)
... Removed 29 stack frames]]>
    </failure>
  </testcase> <!-- selectEventsOnHomePage -->
  <testcase classname="org.youCater.userConfigurationsAndElements.Configurations" name="@AfterSuite tearDown" time="0.0">
    <ignored/>
  </testcase> <!-- @AfterSuite tearDown -->
  <testcase classname="org.youCater.userConfigurationsAndElements.Configurations" name="@AfterSuite tearDown" time="0.0">
    <ignored/>
  </testcase> <!-- @AfterSuite tearDown -->
  <testcase classname="org.youCater.userConfigurationsAndElements.Configurations" name="@AfterSuite tearDown" time="0.0">
    <ignored/>
  </testcase> <!-- @AfterSuite tearDown -->
  <testcase classname="org.youCater.userConfigurationsAndElements.Configurations" name="@AfterSuite tearDown" time="0.0">
    <ignored/>
  </testcase> <!-- @AfterSuite tearDown -->
</testsuite> <!-- UserCanCreateCancelEventAndSendQuoteRequest -->
