<html>
<head>
<title>TestNG:  UserCanCreateCancelEventAndSendQuoteRequest</title>
<link href="../testng.css" rel="stylesheet" type="text/css" />
<link href="../my-testng.css" rel="stylesheet" type="text/css" />

<style type="text/css">
.log { display: none;} 
.stack-trace { display: none;} 
</style>
<script type="text/javascript">
<!--
function flip(e) {
  current = e.style.display;
  if (current == 'block') {
    e.style.display = 'none';
    return 0;
  }
  else {
    e.style.display = 'block';
    return 1;
  }
}

function toggleBox(szDivId, elem, msg1, msg2)
{
  var res = -1;  if (document.getElementById) {
    res = flip(document.getElementById(szDivId));
  }
  else if (document.all) {
    // this is the way old msie versions work
    res = flip(document.all[szDivId]);
  }
  if(elem) {
    if(res == 0) elem.innerHTML = msg1; else elem.innerHTML = msg2;
  }

}

function toggleAllBoxes() {
  if (document.getElementsByTagName) {
    d = document.getElementsByTagName('div');
    for (i = 0; i < d.length; i++) {
      if (d[i].className == 'log') {
        flip(d[i]);
      }
    }
  }
}

// -->
</script>

</head>
<body>
<h2 align='center'>UserCanCreateCancelEventAndSendQuoteRequest</h2><table border='1' align="center">
<tr>
<td>Tests passed/Failed/Skipped:</td><td>5/8/0</td>
</tr><tr>
<td>Started on:</td><td>Wed Sep 25 16:27:55 PKT 2024</td>
</tr>
<tr><td>Total time:</td><td>69 seconds (69693 ms)</td>
</tr><tr>
<td>Included groups:</td><td></td>
</tr><tr>
<td>Excluded groups:</td><td></td>
</tr>
</table><p/>
<small><i>(Hover the method name to see the test class name)</i></small><p/>
<table width='100%' border='1' class='invocation-failed'>
<tr><td colspan='4' align='center'><b>FAILED TESTS</b></td></tr>
<tr><td><b>Test method</b></td>
<td width="30%"><b>Exception</b></td>
<td width="10%"><b>Time (seconds)</b></td>
<td><b>Instance</b></td>
</tr>
<tr>
<td title='org.youCater.userSanityTestCases.AddPrivateEventTestCases.privateCuisineTypeSelection()'><b>privateCuisineTypeSelection</b><br>Test class: org.youCater.userSanityTestCases.AddPrivateEventTestCases<br>Test method: PrivateEvent: Verify cuisine type selection functionality</td>
<td><div><pre>java.lang.AssertionError: The following asserts failed:
	Text mismatch:  expected [Share your cravings!] but found [What type of provider would you like?],
	Text mismatch:  expected [We&apos;ll match you with the ideal culinary expert. Choose as many options as you wish!] but found [Catering to all needs, our partners provide a versatile offering.]
	at org.youCater.userSanityTestCases.AddPrivateEventTestCases.privateCuisineTypeSelection(AddPrivateEventTestCases.java:149)
	at java.base/java.util.ArrayList.forEach(ArrayList.java:1511)
... Removed 29 stack frames</pre></div><a href='#' onClick='toggleBox("stack-trace2025198278", this, "Click to show all stack frames", "Click to hide stack frames")'>Click to show all stack frames</a>
<div class='stack-trace' id='stack-trace2025198278'><pre>java.lang.AssertionError: The following asserts failed:
	Text mismatch:  expected [Share your cravings!] but found [What type of provider would you like?],
	Text mismatch:  expected [We&apos;ll match you with the ideal culinary expert. Choose as many options as you wish!] but found [Catering to all needs, our partners provide a versatile offering.]
	at org.testng.asserts.SoftAssert.assertAll(SoftAssert.java:47)
	at org.testng.asserts.SoftAssert.assertAll(SoftAssert.java:31)
	at org.youCater.userSanityTestCases.AddPrivateEventTestCases.privateCuisineTypeSelection(AddPrivateEventTestCases.java:149)
	at java.base/jdk.internal.reflect.NativeMethodAccessorImpl.invoke0(Native Method)
	at java.base/jdk.internal.reflect.NativeMethodAccessorImpl.invoke(NativeMethodAccessorImpl.java:77)
	at java.base/jdk.internal.reflect.DelegatingMethodAccessorImpl.invoke(DelegatingMethodAccessorImpl.java:43)
	at java.base/java.lang.reflect.Method.invoke(Method.java:568)
	at org.testng.internal.MethodInvocationHelper.invokeMethod(MethodInvocationHelper.java:133)
	at org.testng.internal.TestInvoker.invokeMethod(TestInvoker.java:598)
	at org.testng.internal.TestInvoker.invokeTestMethod(TestInvoker.java:173)
	at org.testng.internal.MethodRunner.runInSequence(MethodRunner.java:46)
	at org.testng.internal.TestInvoker$MethodInvocationAgent.invoke(TestInvoker.java:824)
	at org.testng.internal.TestInvoker.invokeTestMethods(TestInvoker.java:146)
	at org.testng.internal.TestMethodWorker.invokeTestMethods(TestMethodWorker.java:146)
	at org.testng.internal.TestMethodWorker.run(TestMethodWorker.java:128)
	at java.base/java.util.ArrayList.forEach(ArrayList.java:1511)
	at org.testng.TestRunner.privateRun(TestRunner.java:794)
	at org.testng.TestRunner.run(TestRunner.java:596)
	at org.testng.SuiteRunner.runTest(SuiteRunner.java:377)
	at org.testng.SuiteRunner.runSequentially(SuiteRunner.java:371)
	at org.testng.SuiteRunner.privateRun(SuiteRunner.java:332)
	at org.testng.SuiteRunner.run(SuiteRunner.java:276)
	at org.testng.SuiteRunnerWorker.runSuite(SuiteRunnerWorker.java:53)
	at org.testng.SuiteRunnerWorker.run(SuiteRunnerWorker.java:96)
	at org.testng.TestNG.runSuitesSequentially(TestNG.java:1212)
	at org.testng.TestNG.runSuitesLocally(TestNG.java:1134)
	at org.testng.TestNG.runSuites(TestNG.java:1063)
	at org.testng.TestNG.run(TestNG.java:1031)
	at org.testng.remote.AbstractRemoteTestNG.run(AbstractRemoteTestNG.java:115)
	at org.testng.remote.RemoteTestNG.initAndRun(RemoteTestNG.java:251)
	at org.testng.remote.RemoteTestNG.main(RemoteTestNG.java:77)
</pre></div></td>
<td>4</td>
<td>org.youCater.userSanityTestCases.AddPrivateEventTestCases@129bd55d</td></tr>
<tr>
<td title='org.youCater.userSanityTestCases.AddPrivateEventTestCases.privateProviderSelection()'><b>privateProviderSelection</b><br>Test class: org.youCater.userSanityTestCases.AddPrivateEventTestCases<br>Test method: PrivateEvent: Verify provider selection functionality</td>
<td><div><pre>java.lang.AssertionError: expected [false] but found [true]
	at org.youCater.utils.AddEventCommonActions.verifyButtonIsDisabled(AddEventCommonActions.java:103)
	at org.youCater.userSanityTestCases.AddPrivateEventTestCases.privateProviderSelection(AddPrivateEventTestCases.java:115)
	at java.base/java.util.ArrayList.forEach(ArrayList.java:1511)
... Removed 33 stack frames</pre></div><a href='#' onClick='toggleBox("stack-trace1156385423", this, "Click to show all stack frames", "Click to hide stack frames")'>Click to show all stack frames</a>
<div class='stack-trace' id='stack-trace1156385423'><pre>java.lang.AssertionError: expected [false] but found [true]
	at org.testng.Assert.fail(Assert.java:99)
	at org.testng.Assert.failNotEquals(Assert.java:1037)
	at org.testng.Assert.assertEqualsImpl(Assert.java:140)
	at org.testng.Assert.assertEquals(Assert.java:122)
	at org.testng.Assert.assertEquals(Assert.java:819)
	at org.testng.Assert.assertEquals(Assert.java:829)
	at org.youCater.utils.AddEventCommonActions.verifyButtonIsDisabled(AddEventCommonActions.java:103)
	at org.youCater.userSanityTestCases.AddPrivateEventTestCases.privateProviderSelection(AddPrivateEventTestCases.java:115)
	at java.base/jdk.internal.reflect.NativeMethodAccessorImpl.invoke0(Native Method)
	at java.base/jdk.internal.reflect.NativeMethodAccessorImpl.invoke(NativeMethodAccessorImpl.java:77)
	at java.base/jdk.internal.reflect.DelegatingMethodAccessorImpl.invoke(DelegatingMethodAccessorImpl.java:43)
	at java.base/java.lang.reflect.Method.invoke(Method.java:568)
	at org.testng.internal.MethodInvocationHelper.invokeMethod(MethodInvocationHelper.java:133)
	at org.testng.internal.TestInvoker.invokeMethod(TestInvoker.java:598)
	at org.testng.internal.TestInvoker.invokeTestMethod(TestInvoker.java:173)
	at org.testng.internal.MethodRunner.runInSequence(MethodRunner.java:46)
	at org.testng.internal.TestInvoker$MethodInvocationAgent.invoke(TestInvoker.java:824)
	at org.testng.internal.TestInvoker.invokeTestMethods(TestInvoker.java:146)
	at org.testng.internal.TestMethodWorker.invokeTestMethods(TestMethodWorker.java:146)
	at org.testng.internal.TestMethodWorker.run(TestMethodWorker.java:128)
	at java.base/java.util.ArrayList.forEach(ArrayList.java:1511)
	at org.testng.TestRunner.privateRun(TestRunner.java:794)
	at org.testng.TestRunner.run(TestRunner.java:596)
	at org.testng.SuiteRunner.runTest(SuiteRunner.java:377)
	at org.testng.SuiteRunner.runSequentially(SuiteRunner.java:371)
	at org.testng.SuiteRunner.privateRun(SuiteRunner.java:332)
	at org.testng.SuiteRunner.run(SuiteRunner.java:276)
	at org.testng.SuiteRunnerWorker.runSuite(SuiteRunnerWorker.java:53)
	at org.testng.SuiteRunnerWorker.run(SuiteRunnerWorker.java:96)
	at org.testng.TestNG.runSuitesSequentially(TestNG.java:1212)
	at org.testng.TestNG.runSuitesLocally(TestNG.java:1134)
	at org.testng.TestNG.runSuites(TestNG.java:1063)
	at org.testng.TestNG.run(TestNG.java:1031)
	at org.testng.remote.AbstractRemoteTestNG.run(AbstractRemoteTestNG.java:115)
	at org.testng.remote.RemoteTestNG.initAndRun(RemoteTestNG.java:251)
	at org.testng.remote.RemoteTestNG.main(RemoteTestNG.java:77)
</pre></div></td>
<td>2</td>
<td>org.youCater.userSanityTestCases.AddPrivateEventTestCases@129bd55d</td></tr>
<tr>
<td title='org.youCater.userSanityTestCases.AddPrivateEventTestCases.privateBudgetSelection()'><b>privateBudgetSelection</b><br>Test class: org.youCater.userSanityTestCases.AddPrivateEventTestCases<br>Test method: PrivateEvent: Verify budget selection functionality</td>
<td><div><pre>java.lang.AssertionError: The following asserts failed:
	Text mismatch:  expected [Share your cravings!] but found [What type of provider would you like?],
	Text mismatch:  expected [We&apos;ll match you with the ideal culinary expert. Choose as many options as you wish!] but found [Catering to all needs, our partners provide a versatile offering.],
	Text mismatch:  expected [What is the name of the event?] but found [Event venue],
	Text mismatch:  expected [This will help identify your event for yourself and the caterer.] but found [Share your event’s location &amp; we&apos;ll pair you with the best local suppliers nearby!],
	Text mismatch:  expected [Got a budget in mind?] but found [Event venue],
	Text mismatch:  expected [We need the big picture. If you&apos;re playing a guessing game, just give us your best estimate!] but found [Share your event’s location &amp; we&apos;ll pair you with the best local suppliers nearby!]
	at org.youCater.userSanityTestCases.AddPrivateEventTestCases.privateBudgetSelection(AddPrivateEventTestCases.java:256)
	at java.base/java.util.ArrayList.forEach(ArrayList.java:1511)
... Removed 29 stack frames</pre></div><a href='#' onClick='toggleBox("stack-trace1829194516", this, "Click to show all stack frames", "Click to hide stack frames")'>Click to show all stack frames</a>
<div class='stack-trace' id='stack-trace1829194516'><pre>java.lang.AssertionError: The following asserts failed:
	Text mismatch:  expected [Share your cravings!] but found [What type of provider would you like?],
	Text mismatch:  expected [We&apos;ll match you with the ideal culinary expert. Choose as many options as you wish!] but found [Catering to all needs, our partners provide a versatile offering.],
	Text mismatch:  expected [What is the name of the event?] but found [Event venue],
	Text mismatch:  expected [This will help identify your event for yourself and the caterer.] but found [Share your event’s location &amp; we&apos;ll pair you with the best local suppliers nearby!],
	Text mismatch:  expected [Got a budget in mind?] but found [Event venue],
	Text mismatch:  expected [We need the big picture. If you&apos;re playing a guessing game, just give us your best estimate!] but found [Share your event’s location &amp; we&apos;ll pair you with the best local suppliers nearby!]
	at org.testng.asserts.SoftAssert.assertAll(SoftAssert.java:47)
	at org.testng.asserts.SoftAssert.assertAll(SoftAssert.java:31)
	at org.youCater.userSanityTestCases.AddPrivateEventTestCases.privateBudgetSelection(AddPrivateEventTestCases.java:256)
	at java.base/jdk.internal.reflect.NativeMethodAccessorImpl.invoke0(Native Method)
	at java.base/jdk.internal.reflect.NativeMethodAccessorImpl.invoke(NativeMethodAccessorImpl.java:77)
	at java.base/jdk.internal.reflect.DelegatingMethodAccessorImpl.invoke(DelegatingMethodAccessorImpl.java:43)
	at java.base/java.lang.reflect.Method.invoke(Method.java:568)
	at org.testng.internal.MethodInvocationHelper.invokeMethod(MethodInvocationHelper.java:133)
	at org.testng.internal.TestInvoker.invokeMethod(TestInvoker.java:598)
	at org.testng.internal.TestInvoker.invokeTestMethod(TestInvoker.java:173)
	at org.testng.internal.MethodRunner.runInSequence(MethodRunner.java:46)
	at org.testng.internal.TestInvoker$MethodInvocationAgent.invoke(TestInvoker.java:824)
	at org.testng.internal.TestInvoker.invokeTestMethods(TestInvoker.java:146)
	at org.testng.internal.TestMethodWorker.invokeTestMethods(TestMethodWorker.java:146)
	at org.testng.internal.TestMethodWorker.run(TestMethodWorker.java:128)
	at java.base/java.util.ArrayList.forEach(ArrayList.java:1511)
	at org.testng.TestRunner.privateRun(TestRunner.java:794)
	at org.testng.TestRunner.run(TestRunner.java:596)
	at org.testng.SuiteRunner.runTest(SuiteRunner.java:377)
	at org.testng.SuiteRunner.runSequentially(SuiteRunner.java:371)
	at org.testng.SuiteRunner.privateRun(SuiteRunner.java:332)
	at org.testng.SuiteRunner.run(SuiteRunner.java:276)
	at org.testng.SuiteRunnerWorker.runSuite(SuiteRunnerWorker.java:53)
	at org.testng.SuiteRunnerWorker.run(SuiteRunnerWorker.java:96)
	at org.testng.TestNG.runSuitesSequentially(TestNG.java:1212)
	at org.testng.TestNG.runSuitesLocally(TestNG.java:1134)
	at org.testng.TestNG.runSuites(TestNG.java:1063)
	at org.testng.TestNG.run(TestNG.java:1031)
	at org.testng.remote.AbstractRemoteTestNG.run(AbstractRemoteTestNG.java:115)
	at org.testng.remote.RemoteTestNG.initAndRun(RemoteTestNG.java:251)
	at org.testng.remote.RemoteTestNG.main(RemoteTestNG.java:77)
</pre></div></td>
<td>2</td>
<td>org.youCater.userSanityTestCases.AddPrivateEventTestCases@129bd55d</td></tr>
<tr>
<td title='org.youCater.userSanityTestCases.AddPrivateEventTestCases.privateAddEventName()'><b>privateAddEventName</b><br>Test class: org.youCater.userSanityTestCases.AddPrivateEventTestCases<br>Test method: PrivateEvent: Verify addition of event name functionality</td>
<td><div><pre>java.lang.AssertionError: The following asserts failed:
	Text mismatch:  expected [Share your cravings!] but found [What type of provider would you like?],
	Text mismatch:  expected [We&apos;ll match you with the ideal culinary expert. Choose as many options as you wish!] but found [Catering to all needs, our partners provide a versatile offering.],
	Text mismatch:  expected [What is the name of the event?] but found [Event venue],
	Text mismatch:  expected [This will help identify your event for yourself and the caterer.] but found [Share your event’s location &amp; we&apos;ll pair you with the best local suppliers nearby!]
	at org.youCater.userSanityTestCases.AddPrivateEventTestCases.privateAddEventName(AddPrivateEventTestCases.java:235)
	at java.base/java.util.ArrayList.forEach(ArrayList.java:1511)
... Removed 29 stack frames</pre></div><a href='#' onClick='toggleBox("stack-trace797313059", this, "Click to show all stack frames", "Click to hide stack frames")'>Click to show all stack frames</a>
<div class='stack-trace' id='stack-trace797313059'><pre>java.lang.AssertionError: The following asserts failed:
	Text mismatch:  expected [Share your cravings!] but found [What type of provider would you like?],
	Text mismatch:  expected [We&apos;ll match you with the ideal culinary expert. Choose as many options as you wish!] but found [Catering to all needs, our partners provide a versatile offering.],
	Text mismatch:  expected [What is the name of the event?] but found [Event venue],
	Text mismatch:  expected [This will help identify your event for yourself and the caterer.] but found [Share your event’s location &amp; we&apos;ll pair you with the best local suppliers nearby!]
	at org.testng.asserts.SoftAssert.assertAll(SoftAssert.java:47)
	at org.testng.asserts.SoftAssert.assertAll(SoftAssert.java:31)
	at org.youCater.userSanityTestCases.AddPrivateEventTestCases.privateAddEventName(AddPrivateEventTestCases.java:235)
	at java.base/jdk.internal.reflect.NativeMethodAccessorImpl.invoke0(Native Method)
	at java.base/jdk.internal.reflect.NativeMethodAccessorImpl.invoke(NativeMethodAccessorImpl.java:77)
	at java.base/jdk.internal.reflect.DelegatingMethodAccessorImpl.invoke(DelegatingMethodAccessorImpl.java:43)
	at java.base/java.lang.reflect.Method.invoke(Method.java:568)
	at org.testng.internal.MethodInvocationHelper.invokeMethod(MethodInvocationHelper.java:133)
	at org.testng.internal.TestInvoker.invokeMethod(TestInvoker.java:598)
	at org.testng.internal.TestInvoker.invokeTestMethod(TestInvoker.java:173)
	at org.testng.internal.MethodRunner.runInSequence(MethodRunner.java:46)
	at org.testng.internal.TestInvoker$MethodInvocationAgent.invoke(TestInvoker.java:824)
	at org.testng.internal.TestInvoker.invokeTestMethods(TestInvoker.java:146)
	at org.testng.internal.TestMethodWorker.invokeTestMethods(TestMethodWorker.java:146)
	at org.testng.internal.TestMethodWorker.run(TestMethodWorker.java:128)
	at java.base/java.util.ArrayList.forEach(ArrayList.java:1511)
	at org.testng.TestRunner.privateRun(TestRunner.java:794)
	at org.testng.TestRunner.run(TestRunner.java:596)
	at org.testng.SuiteRunner.runTest(SuiteRunner.java:377)
	at org.testng.SuiteRunner.runSequentially(SuiteRunner.java:371)
	at org.testng.SuiteRunner.privateRun(SuiteRunner.java:332)
	at org.testng.SuiteRunner.run(SuiteRunner.java:276)
	at org.testng.SuiteRunnerWorker.runSuite(SuiteRunnerWorker.java:53)
	at org.testng.SuiteRunnerWorker.run(SuiteRunnerWorker.java:96)
	at org.testng.TestNG.runSuitesSequentially(TestNG.java:1212)
	at org.testng.TestNG.runSuitesLocally(TestNG.java:1134)
	at org.testng.TestNG.runSuites(TestNG.java:1063)
	at org.testng.TestNG.run(TestNG.java:1031)
	at org.testng.remote.AbstractRemoteTestNG.run(AbstractRemoteTestNG.java:115)
	at org.testng.remote.RemoteTestNG.initAndRun(RemoteTestNG.java:251)
	at org.testng.remote.RemoteTestNG.main(RemoteTestNG.java:77)
</pre></div></td>
<td>2</td>
<td>org.youCater.userSanityTestCases.AddPrivateEventTestCases@129bd55d</td></tr>
<tr>
<td title='org.youCater.userSanityTestCases.AddPrivateEventTestCases.privateEventSummary()'><b>privateEventSummary</b><br>Test class: org.youCater.userSanityTestCases.AddPrivateEventTestCases<br>Test method: PrivateEvent: Verify generation of event summary</td>
<td><div><pre>org.openqa.selenium.NoSuchElementException: no such element: Unable to locate element: {&quot;method&quot;:&quot;xpath&quot;,&quot;selector&quot;:&quot;//*[@id=&quot;eventTypeSummarySection&quot;]//*[@id=&quot;editBtn&quot;]&quot;}
  (Session info: chrome=129.0.6668.59)
For documentation on this error, please visit: https://www.selenium.dev/documentation/webdriver/troubleshooting/errors#no-such-element-exception
Build info: version: &apos;4.12.1&apos;, revision: &apos;8e34639b11&apos;
System info: os.name: &apos;Windows 10&apos;, os.arch: &apos;amd64&apos;, os.version: &apos;10.0&apos;, java.version: &apos;17.0.10&apos;
Driver info: org.openqa.selenium.chrome.ChromeDriver
Command: [cd3ac6c1f03414260ac2e1259cadfd6b, findElement {using=xpath, value=//*[@id=&quot;eventTypeSummarySection&quot;]//*[@id=&quot;editBtn&quot;]}]
Capabilities {acceptInsecureCerts: false, browserName: chrome, browserVersion: 129.0.6668.59, chrome: {chromedriverVersion: 128.0.6613.86 (3045ed680fda..., userDataDir: C:\Users\Admin\AppData\Loca...}, fedcm:accounts: true, goog:chromeOptions: {debuggerAddress: localhost:52290}, networkConnectionEnabled: false, pageLoadStrategy: normal, platformName: windows, proxy: Proxy(), se:cdp: ws://localhost:52290/devtoo..., se:cdpVersion: 129.0.6668.59, setWindowRect: true, strictFileInteractability: false, timeouts: {implicit: 0, pageLoad: 300000, script: 30000}, unhandledPromptBehavior: dismiss and notify, webauthn:extension:credBlob: true, webauthn:extension:largeBlob: true, webauthn:extension:minPinLength: true, webauthn:extension:prf: true, webauthn:virtualAuthenticators: true}
Session ID: cd3ac6c1f03414260ac2e1259cadfd6b
	at org.openqa.selenium.remote.codec.w3c.W3CHttpResponseCodec.createException(W3CHttpResponseCodec.java:200)
	at org.openqa.selenium.remote.codec.w3c.W3CHttpResponseCodec.decode(W3CHttpResponseCodec.java:133)
	at org.openqa.selenium.remote.codec.w3c.W3CHttpResponseCodec.decode(W3CHttpResponseCodec.java:52)
	at org.openqa.selenium.remote.HttpCommandExecutor.execute(HttpCommandExecutor.java:191)
	at org.openqa.selenium.remote.service.DriverCommandExecutor.invokeExecute(DriverCommandExecutor.java:196)
	at org.openqa.selenium.remote.service.DriverCommandExecutor.execute(DriverCommandExecutor.java:171)
	at org.openqa.selenium.remote.RemoteWebDriver.execute(RemoteWebDriver.java:602)
	at org.openqa.selenium.remote.ElementLocation$ElementFinder$2.findElement(ElementLocation.java:165)
	at org.openqa.selenium.remote.ElementLocation.findElement(ElementLocation.java:59)
	at org.openqa.selenium.remote.RemoteWebDriver.findElement(RemoteWebDriver.java:359)
	at org.openqa.selenium.remote.RemoteWebDriver.findElement(RemoteWebDriver.java:353)
	at org.youCater.userSanityTestCases.AddPrivateEventTestCases.privateEventSummary(AddPrivateEventTestCases.java:288)
	at java.base/java.util.ArrayList.forEach(ArrayList.java:1511)
... Removed 32 stack frames</pre></div><a href='#' onClick='toggleBox("stack-trace796851467", this, "Click to show all stack frames", "Click to hide stack frames")'>Click to show all stack frames</a>
<div class='stack-trace' id='stack-trace796851467'><pre>org.openqa.selenium.NoSuchElementException: no such element: Unable to locate element: {&quot;method&quot;:&quot;xpath&quot;,&quot;selector&quot;:&quot;//*[@id=&quot;eventTypeSummarySection&quot;]//*[@id=&quot;editBtn&quot;]&quot;}
  (Session info: chrome=129.0.6668.59)
For documentation on this error, please visit: https://www.selenium.dev/documentation/webdriver/troubleshooting/errors#no-such-element-exception
Build info: version: &apos;4.12.1&apos;, revision: &apos;8e34639b11&apos;
System info: os.name: &apos;Windows 10&apos;, os.arch: &apos;amd64&apos;, os.version: &apos;10.0&apos;, java.version: &apos;17.0.10&apos;
Driver info: org.openqa.selenium.chrome.ChromeDriver
Command: [cd3ac6c1f03414260ac2e1259cadfd6b, findElement {using=xpath, value=//*[@id=&quot;eventTypeSummarySection&quot;]//*[@id=&quot;editBtn&quot;]}]
Capabilities {acceptInsecureCerts: false, browserName: chrome, browserVersion: 129.0.6668.59, chrome: {chromedriverVersion: 128.0.6613.86 (3045ed680fda..., userDataDir: C:\Users\Admin\AppData\Loca...}, fedcm:accounts: true, goog:chromeOptions: {debuggerAddress: localhost:52290}, networkConnectionEnabled: false, pageLoadStrategy: normal, platformName: windows, proxy: Proxy(), se:cdp: ws://localhost:52290/devtoo..., se:cdpVersion: 129.0.6668.59, setWindowRect: true, strictFileInteractability: false, timeouts: {implicit: 0, pageLoad: 300000, script: 30000}, unhandledPromptBehavior: dismiss and notify, webauthn:extension:credBlob: true, webauthn:extension:largeBlob: true, webauthn:extension:minPinLength: true, webauthn:extension:prf: true, webauthn:virtualAuthenticators: true}
Session ID: cd3ac6c1f03414260ac2e1259cadfd6b
	at java.base/jdk.internal.reflect.NativeConstructorAccessorImpl.newInstance0(Native Method)
	at java.base/jdk.internal.reflect.NativeConstructorAccessorImpl.newInstance(NativeConstructorAccessorImpl.java:77)
	at java.base/jdk.internal.reflect.DelegatingConstructorAccessorImpl.newInstance(DelegatingConstructorAccessorImpl.java:45)
	at java.base/java.lang.reflect.Constructor.newInstanceWithCaller(Constructor.java:499)
	at java.base/java.lang.reflect.Constructor.newInstance(Constructor.java:480)
	at org.openqa.selenium.remote.codec.w3c.W3CHttpResponseCodec.createException(W3CHttpResponseCodec.java:200)
	at org.openqa.selenium.remote.codec.w3c.W3CHttpResponseCodec.decode(W3CHttpResponseCodec.java:133)
	at org.openqa.selenium.remote.codec.w3c.W3CHttpResponseCodec.decode(W3CHttpResponseCodec.java:52)
	at org.openqa.selenium.remote.HttpCommandExecutor.execute(HttpCommandExecutor.java:191)
	at org.openqa.selenium.remote.service.DriverCommandExecutor.invokeExecute(DriverCommandExecutor.java:196)
	at org.openqa.selenium.remote.service.DriverCommandExecutor.execute(DriverCommandExecutor.java:171)
	at org.openqa.selenium.remote.RemoteWebDriver.execute(RemoteWebDriver.java:602)
	at org.openqa.selenium.remote.ElementLocation$ElementFinder$2.findElement(ElementLocation.java:165)
	at org.openqa.selenium.remote.ElementLocation.findElement(ElementLocation.java:59)
	at org.openqa.selenium.remote.RemoteWebDriver.findElement(RemoteWebDriver.java:359)
	at org.openqa.selenium.remote.RemoteWebDriver.findElement(RemoteWebDriver.java:353)
	at org.youCater.userSanityTestCases.AddPrivateEventTestCases.privateEventSummary(AddPrivateEventTestCases.java:288)
	at java.base/jdk.internal.reflect.NativeMethodAccessorImpl.invoke0(Native Method)
	at java.base/jdk.internal.reflect.NativeMethodAccessorImpl.invoke(NativeMethodAccessorImpl.java:77)
	at java.base/jdk.internal.reflect.DelegatingMethodAccessorImpl.invoke(DelegatingMethodAccessorImpl.java:43)
	at java.base/java.lang.reflect.Method.invoke(Method.java:568)
	at org.testng.internal.MethodInvocationHelper.invokeMethod(MethodInvocationHelper.java:133)
	at org.testng.internal.TestInvoker.invokeMethod(TestInvoker.java:598)
	at org.testng.internal.TestInvoker.invokeTestMethod(TestInvoker.java:173)
	at org.testng.internal.MethodRunner.runInSequence(MethodRunner.java:46)
	at org.testng.internal.TestInvoker$MethodInvocationAgent.invoke(TestInvoker.java:824)
	at org.testng.internal.TestInvoker.invokeTestMethods(TestInvoker.java:146)
	at org.testng.internal.TestMethodWorker.invokeTestMethods(TestMethodWorker.java:146)
	at org.testng.internal.TestMethodWorker.run(TestMethodWorker.java:128)
	at java.base/java.util.ArrayList.forEach(ArrayList.java:1511)
	at org.testng.TestRunner.privateRun(TestRunner.java:794)
	at org.testng.TestRunner.run(TestRunner.java:596)
	at org.testng.SuiteRunner.runTest(SuiteRunner.java:377)
	at org.testng.SuiteRunner.runSequentially(SuiteRunner.java:371)
	at org.testng.SuiteRunner.privateRun(SuiteRunner.java:332)
	at org.testng.SuiteRunner.run(SuiteRunner.java:276)
	at org.testng.SuiteRunnerWorker.runSuite(SuiteRunnerWorker.java:53)
	at org.testng.SuiteRunnerWorker.run(SuiteRunnerWorker.java:96)
	at org.testng.TestNG.runSuitesSequentially(TestNG.java:1212)
	at org.testng.TestNG.runSuitesLocally(TestNG.java:1134)
	at org.testng.TestNG.runSuites(TestNG.java:1063)
	at org.testng.TestNG.run(TestNG.java:1031)
	at org.testng.remote.AbstractRemoteTestNG.run(AbstractRemoteTestNG.java:115)
	at org.testng.remote.RemoteTestNG.initAndRun(RemoteTestNG.java:251)
	at org.testng.remote.RemoteTestNG.main(RemoteTestNG.java:77)
</pre></div></td>
<td>10</td>
<td>org.youCater.userSanityTestCases.AddPrivateEventTestCases@129bd55d</td></tr>
<tr>
<td title='org.youCater.userSanityTestCases.AddPrivateEventTestCases.privateSignIn()'><b>privateSignIn</b><br>Test class: org.youCater.userSanityTestCases.AddPrivateEventTestCases<br>Test method: PrivateEvent: Verify signIn functionality</td>
<td><div><pre>java.lang.AssertionError: The following asserts failed:
	Text mismatch:  expected [Share your cravings!] but found [What type of provider would you like?],
	Text mismatch:  expected [We&apos;ll match you with the ideal culinary expert. Choose as many options as you wish!] but found [Catering to all needs, our partners provide a versatile offering.],
	Text mismatch:  expected [What is the name of the event?] but found [Event venue],
	Text mismatch:  expected [This will help identify your event for yourself and the caterer.] but found [Share your event’s location &amp; we&apos;ll pair you with the best local suppliers nearby!],
	Text mismatch:  expected [Got a budget in mind?] but found [Event venue],
	Text mismatch:  expected [We need the big picture. If you&apos;re playing a guessing game, just give us your best estimate!] but found [Share your event’s location &amp; we&apos;ll pair you with the best local suppliers nearby!],
	Text mismatch:  expected [Welcome] but found [Event venue],
	Text mismatch:  expected [Enter your email and password to continue] but found [Share your event’s location &amp; we&apos;ll pair you with the best local suppliers nearby!]
	at org.youCater.userSanityTestCases.AddPrivateEventTestCases.privateSignIn(AddPrivateEventTestCases.java:279)
	at java.base/java.util.ArrayList.forEach(ArrayList.java:1511)
... Removed 29 stack frames</pre></div><a href='#' onClick='toggleBox("stack-trace328314683", this, "Click to show all stack frames", "Click to hide stack frames")'>Click to show all stack frames</a>
<div class='stack-trace' id='stack-trace328314683'><pre>java.lang.AssertionError: The following asserts failed:
	Text mismatch:  expected [Share your cravings!] but found [What type of provider would you like?],
	Text mismatch:  expected [We&apos;ll match you with the ideal culinary expert. Choose as many options as you wish!] but found [Catering to all needs, our partners provide a versatile offering.],
	Text mismatch:  expected [What is the name of the event?] but found [Event venue],
	Text mismatch:  expected [This will help identify your event for yourself and the caterer.] but found [Share your event’s location &amp; we&apos;ll pair you with the best local suppliers nearby!],
	Text mismatch:  expected [Got a budget in mind?] but found [Event venue],
	Text mismatch:  expected [We need the big picture. If you&apos;re playing a guessing game, just give us your best estimate!] but found [Share your event’s location &amp; we&apos;ll pair you with the best local suppliers nearby!],
	Text mismatch:  expected [Welcome] but found [Event venue],
	Text mismatch:  expected [Enter your email and password to continue] but found [Share your event’s location &amp; we&apos;ll pair you with the best local suppliers nearby!]
	at org.testng.asserts.SoftAssert.assertAll(SoftAssert.java:47)
	at org.testng.asserts.SoftAssert.assertAll(SoftAssert.java:31)
	at org.youCater.userSanityTestCases.AddPrivateEventTestCases.privateSignIn(AddPrivateEventTestCases.java:279)
	at java.base/jdk.internal.reflect.NativeMethodAccessorImpl.invoke0(Native Method)
	at java.base/jdk.internal.reflect.NativeMethodAccessorImpl.invoke(NativeMethodAccessorImpl.java:77)
	at java.base/jdk.internal.reflect.DelegatingMethodAccessorImpl.invoke(DelegatingMethodAccessorImpl.java:43)
	at java.base/java.lang.reflect.Method.invoke(Method.java:568)
	at org.testng.internal.MethodInvocationHelper.invokeMethod(MethodInvocationHelper.java:133)
	at org.testng.internal.TestInvoker.invokeMethod(TestInvoker.java:598)
	at org.testng.internal.TestInvoker.invokeTestMethod(TestInvoker.java:173)
	at org.testng.internal.MethodRunner.runInSequence(MethodRunner.java:46)
	at org.testng.internal.TestInvoker$MethodInvocationAgent.invoke(TestInvoker.java:824)
	at org.testng.internal.TestInvoker.invokeTestMethods(TestInvoker.java:146)
	at org.testng.internal.TestMethodWorker.invokeTestMethods(TestMethodWorker.java:146)
	at org.testng.internal.TestMethodWorker.run(TestMethodWorker.java:128)
	at java.base/java.util.ArrayList.forEach(ArrayList.java:1511)
	at org.testng.TestRunner.privateRun(TestRunner.java:794)
	at org.testng.TestRunner.run(TestRunner.java:596)
	at org.testng.SuiteRunner.runTest(SuiteRunner.java:377)
	at org.testng.SuiteRunner.runSequentially(SuiteRunner.java:371)
	at org.testng.SuiteRunner.privateRun(SuiteRunner.java:332)
	at org.testng.SuiteRunner.run(SuiteRunner.java:276)
	at org.testng.SuiteRunnerWorker.runSuite(SuiteRunnerWorker.java:53)
	at org.testng.SuiteRunnerWorker.run(SuiteRunnerWorker.java:96)
	at org.testng.TestNG.runSuitesSequentially(TestNG.java:1212)
	at org.testng.TestNG.runSuitesLocally(TestNG.java:1134)
	at org.testng.TestNG.runSuites(TestNG.java:1063)
	at org.testng.TestNG.run(TestNG.java:1031)
	at org.testng.remote.AbstractRemoteTestNG.run(AbstractRemoteTestNG.java:115)
	at org.testng.remote.RemoteTestNG.initAndRun(RemoteTestNG.java:251)
	at org.testng.remote.RemoteTestNG.main(RemoteTestNG.java:77)
</pre></div></td>
<td>0</td>
<td>org.youCater.userSanityTestCases.AddPrivateEventTestCases@129bd55d</td></tr>
<tr>
<td title='org.youCater.userSanityTestCases.AddPrivateEventTestCases.privateEventVenueSelection()'><b>privateEventVenueSelection</b><br>Test class: org.youCater.userSanityTestCases.AddPrivateEventTestCases<br>Test method: PrivateEvent: Verify event venue selection functionality</td>
<td><div><pre>java.lang.AssertionError: The following asserts failed:
	Text mismatch:  expected [Share your cravings!] but found [What type of provider would you like?],
	Text mismatch:  expected [We&apos;ll match you with the ideal culinary expert. Choose as many options as you wish!] but found [Catering to all needs, our partners provide a versatile offering.]
	at org.youCater.userSanityTestCases.AddPrivateEventTestCases.privateEventVenueSelection(AddPrivateEventTestCases.java:191)
	at java.base/java.util.ArrayList.forEach(ArrayList.java:1511)
... Removed 29 stack frames</pre></div><a href='#' onClick='toggleBox("stack-trace480230241", this, "Click to show all stack frames", "Click to hide stack frames")'>Click to show all stack frames</a>
<div class='stack-trace' id='stack-trace480230241'><pre>java.lang.AssertionError: The following asserts failed:
	Text mismatch:  expected [Share your cravings!] but found [What type of provider would you like?],
	Text mismatch:  expected [We&apos;ll match you with the ideal culinary expert. Choose as many options as you wish!] but found [Catering to all needs, our partners provide a versatile offering.]
	at org.testng.asserts.SoftAssert.assertAll(SoftAssert.java:47)
	at org.testng.asserts.SoftAssert.assertAll(SoftAssert.java:31)
	at org.youCater.userSanityTestCases.AddPrivateEventTestCases.privateEventVenueSelection(AddPrivateEventTestCases.java:191)
	at java.base/jdk.internal.reflect.NativeMethodAccessorImpl.invoke0(Native Method)
	at java.base/jdk.internal.reflect.NativeMethodAccessorImpl.invoke(NativeMethodAccessorImpl.java:77)
	at java.base/jdk.internal.reflect.DelegatingMethodAccessorImpl.invoke(DelegatingMethodAccessorImpl.java:43)
	at java.base/java.lang.reflect.Method.invoke(Method.java:568)
	at org.testng.internal.MethodInvocationHelper.invokeMethod(MethodInvocationHelper.java:133)
	at org.testng.internal.TestInvoker.invokeMethod(TestInvoker.java:598)
	at org.testng.internal.TestInvoker.invokeTestMethod(TestInvoker.java:173)
	at org.testng.internal.MethodRunner.runInSequence(MethodRunner.java:46)
	at org.testng.internal.TestInvoker$MethodInvocationAgent.invoke(TestInvoker.java:824)
	at org.testng.internal.TestInvoker.invokeTestMethods(TestInvoker.java:146)
	at org.testng.internal.TestMethodWorker.invokeTestMethods(TestMethodWorker.java:146)
	at org.testng.internal.TestMethodWorker.run(TestMethodWorker.java:128)
	at java.base/java.util.ArrayList.forEach(ArrayList.java:1511)
	at org.testng.TestRunner.privateRun(TestRunner.java:794)
	at org.testng.TestRunner.run(TestRunner.java:596)
	at org.testng.SuiteRunner.runTest(SuiteRunner.java:377)
	at org.testng.SuiteRunner.runSequentially(SuiteRunner.java:371)
	at org.testng.SuiteRunner.privateRun(SuiteRunner.java:332)
	at org.testng.SuiteRunner.run(SuiteRunner.java:276)
	at org.testng.SuiteRunnerWorker.runSuite(SuiteRunnerWorker.java:53)
	at org.testng.SuiteRunnerWorker.run(SuiteRunnerWorker.java:96)
	at org.testng.TestNG.runSuitesSequentially(TestNG.java:1212)
	at org.testng.TestNG.runSuitesLocally(TestNG.java:1134)
	at org.testng.TestNG.runSuites(TestNG.java:1063)
	at org.testng.TestNG.run(TestNG.java:1031)
	at org.testng.remote.AbstractRemoteTestNG.run(AbstractRemoteTestNG.java:115)
	at org.testng.remote.RemoteTestNG.initAndRun(RemoteTestNG.java:251)
	at org.testng.remote.RemoteTestNG.main(RemoteTestNG.java:77)
</pre></div></td>
<td>4</td>
<td>org.youCater.userSanityTestCases.AddPrivateEventTestCases@129bd55d</td></tr>
<tr>
<td title='org.youCater.userSanityTestCases.AddPrivateEventTestCases.privateGoToHomePage()'><b>privateGoToHomePage</b><br>Test class: org.youCater.userSanityTestCases.AddPrivateEventTestCases<br>Test method: PrivateEvent: Verify navigation to the home page</td>
<td><div><pre>java.lang.AssertionError: The following asserts failed:
	Text mismatch:  expected [Share your cravings!] but found [What type of provider would you like?],
	Text mismatch:  expected [We&apos;ll match you with the ideal culinary expert. Choose as many options as you wish!] but found [Catering to all needs, our partners provide a versatile offering.],
	Text mismatch:  expected [What is the name of the event?] but found [Event venue],
	Text mismatch:  expected [This will help identify your event for yourself and the caterer.] but found [Share your event’s location &amp; we&apos;ll pair you with the best local suppliers nearby!],
	Text mismatch:  expected [Got a budget in mind?] but found [Event venue],
	Text mismatch:  expected [We need the big picture. If you&apos;re playing a guessing game, just give us your best estimate!] but found [Share your event’s location &amp; we&apos;ll pair you with the best local suppliers nearby!],
	Text mismatch:  expected [Welcome] but found [Event venue],
	Text mismatch:  expected [Enter your email and password to continue] but found [Share your event’s location &amp; we&apos;ll pair you with the best local suppliers nearby!],
	Text mismatch:  expected [Thank you!] but found [Event venue],
	Text mismatch:  expected [We&apos;ve got your requirements. Look no further, we&apos;ll be reaching out soon!] but found [Share your event’s location &amp; we&apos;ll pair you with the best local suppliers nearby!]
	at org.youCater.userSanityTestCases.AddPrivateEventTestCases.privateGoToHomePage(AddPrivateEventTestCases.java:317)
	at java.base/java.util.ArrayList.forEach(ArrayList.java:1511)
... Removed 29 stack frames</pre></div><a href='#' onClick='toggleBox("stack-trace1932484688", this, "Click to show all stack frames", "Click to hide stack frames")'>Click to show all stack frames</a>
<div class='stack-trace' id='stack-trace1932484688'><pre>java.lang.AssertionError: The following asserts failed:
	Text mismatch:  expected [Share your cravings!] but found [What type of provider would you like?],
	Text mismatch:  expected [We&apos;ll match you with the ideal culinary expert. Choose as many options as you wish!] but found [Catering to all needs, our partners provide a versatile offering.],
	Text mismatch:  expected [What is the name of the event?] but found [Event venue],
	Text mismatch:  expected [This will help identify your event for yourself and the caterer.] but found [Share your event’s location &amp; we&apos;ll pair you with the best local suppliers nearby!],
	Text mismatch:  expected [Got a budget in mind?] but found [Event venue],
	Text mismatch:  expected [We need the big picture. If you&apos;re playing a guessing game, just give us your best estimate!] but found [Share your event’s location &amp; we&apos;ll pair you with the best local suppliers nearby!],
	Text mismatch:  expected [Welcome] but found [Event venue],
	Text mismatch:  expected [Enter your email and password to continue] but found [Share your event’s location &amp; we&apos;ll pair you with the best local suppliers nearby!],
	Text mismatch:  expected [Thank you!] but found [Event venue],
	Text mismatch:  expected [We&apos;ve got your requirements. Look no further, we&apos;ll be reaching out soon!] but found [Share your event’s location &amp; we&apos;ll pair you with the best local suppliers nearby!]
	at org.testng.asserts.SoftAssert.assertAll(SoftAssert.java:47)
	at org.testng.asserts.SoftAssert.assertAll(SoftAssert.java:31)
	at org.youCater.userSanityTestCases.AddPrivateEventTestCases.privateGoToHomePage(AddPrivateEventTestCases.java:317)
	at java.base/jdk.internal.reflect.NativeMethodAccessorImpl.invoke0(Native Method)
	at java.base/jdk.internal.reflect.NativeMethodAccessorImpl.invoke(NativeMethodAccessorImpl.java:77)
	at java.base/jdk.internal.reflect.DelegatingMethodAccessorImpl.invoke(DelegatingMethodAccessorImpl.java:43)
	at java.base/java.lang.reflect.Method.invoke(Method.java:568)
	at org.testng.internal.MethodInvocationHelper.invokeMethod(MethodInvocationHelper.java:133)
	at org.testng.internal.TestInvoker.invokeMethod(TestInvoker.java:598)
	at org.testng.internal.TestInvoker.invokeTestMethod(TestInvoker.java:173)
	at org.testng.internal.MethodRunner.runInSequence(MethodRunner.java:46)
	at org.testng.internal.TestInvoker$MethodInvocationAgent.invoke(TestInvoker.java:824)
	at org.testng.internal.TestInvoker.invokeTestMethods(TestInvoker.java:146)
	at org.testng.internal.TestMethodWorker.invokeTestMethods(TestMethodWorker.java:146)
	at org.testng.internal.TestMethodWorker.run(TestMethodWorker.java:128)
	at java.base/java.util.ArrayList.forEach(ArrayList.java:1511)
	at org.testng.TestRunner.privateRun(TestRunner.java:794)
	at org.testng.TestRunner.run(TestRunner.java:596)
	at org.testng.SuiteRunner.runTest(SuiteRunner.java:377)
	at org.testng.SuiteRunner.runSequentially(SuiteRunner.java:371)
	at org.testng.SuiteRunner.privateRun(SuiteRunner.java:332)
	at org.testng.SuiteRunner.run(SuiteRunner.java:276)
	at org.testng.SuiteRunnerWorker.runSuite(SuiteRunnerWorker.java:53)
	at org.testng.SuiteRunnerWorker.run(SuiteRunnerWorker.java:96)
	at org.testng.TestNG.runSuitesSequentially(TestNG.java:1212)
	at org.testng.TestNG.runSuitesLocally(TestNG.java:1134)
	at org.testng.TestNG.runSuites(TestNG.java:1063)
	at org.testng.TestNG.run(TestNG.java:1031)
	at org.testng.remote.AbstractRemoteTestNG.run(AbstractRemoteTestNG.java:115)
	at org.testng.remote.RemoteTestNG.initAndRun(RemoteTestNG.java:251)
	at org.testng.remote.RemoteTestNG.main(RemoteTestNG.java:77)
</pre></div></td>
<td>2</td>
<td>org.youCater.userSanityTestCases.AddPrivateEventTestCases@129bd55d</td></tr>
</table><p>
<table width='100%' border='1' class='invocation-passed'>
<tr><td colspan='4' align='center'><b>PASSED TESTS</b></td></tr>
<tr><td><b>Test method</b></td>
<td width="30%"><b>Exception</b></td>
<td width="10%"><b>Time (seconds)</b></td>
<td><b>Instance</b></td>
</tr>
<tr>
<td title='org.youCater.userSanityTestCases.AddPrivateEventTestCases.privateEventTypeSelection()'><b>privateEventTypeSelection</b><br>Test class: org.youCater.userSanityTestCases.AddPrivateEventTestCases<br>Test method: PrivateEvent: Verify selection of event type funtionality</td>
<td></td>
<td>2</td>
<td>org.youCater.userSanityTestCases.AddPrivateEventTestCases@129bd55d</td></tr>
<tr>
<td title='org.youCater.userSanityTestCases.AddPrivateEventTestCases.prviateOccasionTypeSelection()'><b>prviateOccasionTypeSelection</b><br>Test class: org.youCater.userSanityTestCases.AddPrivateEventTestCases<br>Test method: PrivateEvent: Verify selection of occasion type functionality</td>
<td></td>
<td>6</td>
<td>org.youCater.userSanityTestCases.AddPrivateEventTestCases@129bd55d</td></tr>
<tr>
<td title='org.youCater.userSanityTestCases.AddPrivateEventTestCases.privateDateAndTimeSelection()'><b>privateDateAndTimeSelection</b><br>Test class: org.youCater.userSanityTestCases.AddPrivateEventTestCases<br>Test method: PrivateEvent: Verify date and time selection functionality</td>
<td></td>
<td>7</td>
<td>org.youCater.userSanityTestCases.AddPrivateEventTestCases@129bd55d</td></tr>
<tr>
<td title='org.youCater.userSanityTestCases.AddPrivateEventTestCases.privateGuestSelection()'><b>privateGuestSelection</b><br>Test class: org.youCater.userSanityTestCases.AddPrivateEventTestCases<br>Test method: PrivateEvent: Verify guest number entry functionality</td>
<td></td>
<td>7</td>
<td>org.youCater.userSanityTestCases.AddPrivateEventTestCases@129bd55d</td></tr>
<tr>
<td title='org.youCater.userSanityTestCases.AddPrivateEventTestCases.privateFoodTypeSelection()'><b>privateFoodTypeSelection</b><br>Test class: org.youCater.userSanityTestCases.AddPrivateEventTestCases<br>Test method: PrivateEvent: Verify food type selection functionality</td>
<td></td>
<td>15</td>
<td>org.youCater.userSanityTestCases.AddPrivateEventTestCases@129bd55d</td></tr>
</table><p>
</body>
</html>